[2022-09-23 16:50:06,692] {taskinstance.py:1032} INFO - Dependencies all met for <TaskInstance: kag_to_gcs_dag.local_to_gcs_task manual__2022-09-23T16:39:46.298334+00:00 [queued]>
[2022-09-23 16:50:06,702] {taskinstance.py:1032} INFO - Dependencies all met for <TaskInstance: kag_to_gcs_dag.local_to_gcs_task manual__2022-09-23T16:39:46.298334+00:00 [queued]>
[2022-09-23 16:50:06,702] {taskinstance.py:1238} INFO - 
--------------------------------------------------------------------------------
[2022-09-23 16:50:06,703] {taskinstance.py:1239} INFO - Starting attempt 5 of 6
[2022-09-23 16:50:06,703] {taskinstance.py:1240} INFO - 
--------------------------------------------------------------------------------
[2022-09-23 16:50:06,713] {taskinstance.py:1259} INFO - Executing <Task(PythonOperator): local_to_gcs_task> on 2022-09-23 16:39:46.298334+00:00
[2022-09-23 16:50:06,722] {standard_task_runner.py:52} INFO - Started process 909 to run task
[2022-09-23 16:50:06,726] {standard_task_runner.py:76} INFO - Running: ['***', 'tasks', 'run', 'kag_to_gcs_dag', 'local_to_gcs_task', 'manual__2022-09-23T16:39:46.298334+00:00', '--job-id', '7', '--raw', '--subdir', 'DAGS_FOLDER/kag_to_gcs_dag.py', '--cfg-path', '/tmp/tmpbivazsb5', '--error-file', '/tmp/tmpi2at03qf']
[2022-09-23 16:50:06,727] {standard_task_runner.py:77} INFO - Job 7: Subtask local_to_gcs_task
[2022-09-23 16:50:06,776] {logging_mixin.py:109} INFO - Running <TaskInstance: kag_to_gcs_dag.local_to_gcs_task manual__2022-09-23T16:39:46.298334+00:00 [running]> on host 2d41e074c0f7
[2022-09-23 16:50:06,835] {taskinstance.py:1426} INFO - Exporting the following env vars:
AIRFLOW_CTX_DAG_OWNER=***
AIRFLOW_CTX_DAG_ID=kag_to_gcs_dag
AIRFLOW_CTX_TASK_ID=local_to_gcs_task
AIRFLOW_CTX_EXECUTION_DATE=2022-09-23T16:39:46.298334+00:00
AIRFLOW_CTX_DAG_RUN_ID=manual__2022-09-23T16:39:46.298334+00:00
[2022-09-23 16:50:08,588] {logging_mixin.py:109} INFO - downloading amazon_reviews_us_Digital_Software_v1_00.tsv
[2022-09-23 16:50:09,446] {logging_mixin.py:109} INFO - uploading amazon_reviews_us_Digital_Software_v1_00.tsv
[2022-09-23 16:50:10,082] {logging_mixin.py:109} INFO - removing file amazon_reviews_us_Digital_Software_v1_00.tsv
[2022-09-23 16:50:10,086] {logging_mixin.py:109} INFO - downloading amazon_reviews_us_Software_v1_00.tsv
[2022-09-23 16:50:10,603] {logging_mixin.py:109} INFO - amazon_reviews_us_Software_v1_00.tsv could not be found
[2022-09-23 16:50:10,603] {logging_mixin.py:109} INFO - removing file amazon_reviews_us_Software_v1_00.tsv
[2022-09-23 16:50:10,603] {logging_mixin.py:109} INFO - downloading amazon_reviews_us_Watches_v1_00.tsv
[2022-09-23 16:50:11,088] {logging_mixin.py:109} INFO - amazon_reviews_us_Watches_v1_00.tsv could not be found
[2022-09-23 16:50:11,089] {logging_mixin.py:109} INFO - removing file amazon_reviews_us_Watches_v1_00.tsv
[2022-09-23 16:50:11,089] {logging_mixin.py:109} INFO - downloading amazon_reviews_us_Health_Personal_Care_v1_00.tsv
[2022-09-23 16:50:18,161] {logging_mixin.py:109} INFO - uploading amazon_reviews_us_Health_Personal_Care_v1_00.tsv
[2022-09-23 16:50:31,249] {logging_mixin.py:109} INFO - removing file amazon_reviews_us_Health_Personal_Care_v1_00.tsv
[2022-09-23 16:50:31,457] {logging_mixin.py:109} INFO - downloading amazon_reviews_us_Major_Appliances_v1_00.tsv
[2022-09-23 16:50:32,382] {logging_mixin.py:109} INFO - uploading amazon_reviews_us_Major_Appliances_v1_00.tsv
[2022-09-23 16:50:32,983] {logging_mixin.py:109} INFO - removing file amazon_reviews_us_Major_Appliances_v1_00.tsv
[2022-09-23 16:50:32,988] {logging_mixin.py:109} INFO - downloading amazon_reviews_us_Gift_Card_v1_00.tsv
[2022-09-23 16:50:33,826] {logging_mixin.py:109} INFO - uploading amazon_reviews_us_Gift_Card_v1_00.tsv
[2022-09-23 16:50:34,229] {logging_mixin.py:109} INFO - removing file amazon_reviews_us_Gift_Card_v1_00.tsv
[2022-09-23 16:50:34,231] {logging_mixin.py:109} INFO - downloading amazon_reviews_us_Baby_v1_00.tsv
[2022-09-23 16:50:38,121] {logging_mixin.py:109} INFO - uploading amazon_reviews_us_Baby_v1_00.tsv
[2022-09-23 16:50:43,135] {logging_mixin.py:109} INFO - removing file amazon_reviews_us_Baby_v1_00.tsv
[2022-09-23 16:50:43,201] {logging_mixin.py:109} INFO - downloading amazon_reviews_us_Automotive_v1_00.tsv
[2022-09-23 16:50:51,885] {logging_mixin.py:109} INFO - uploading amazon_reviews_us_Automotive_v1_00.tsv
[2022-09-23 16:50:59,475] {logging_mixin.py:109} INFO - removing file amazon_reviews_us_Automotive_v1_00.tsv
[2022-09-23 16:50:59,574] {logging_mixin.py:109} INFO - downloading amazon_reviews_us_Office_Products_v1_00.tsv
[2022-09-23 16:51:00,103] {logging_mixin.py:109} INFO - amazon_reviews_us_Office_Products_v1_00.tsv could not be found
[2022-09-23 16:51:00,103] {logging_mixin.py:109} INFO - removing file amazon_reviews_us_Office_Products_v1_00.tsv
[2022-09-23 16:51:00,103] {logging_mixin.py:109} INFO - downloading amazon_reviews_us_Personal_Care_Appliances_v1_00.tsv
[2022-09-23 16:51:00,765] {logging_mixin.py:109} INFO - amazon_reviews_us_Personal_Care_Appliances_v1_00.tsv could not be found
[2022-09-23 16:51:00,765] {logging_mixin.py:109} INFO - removing file amazon_reviews_us_Personal_Care_Appliances_v1_00.tsv
[2022-09-23 16:51:00,765] {logging_mixin.py:109} INFO - downloading amazon_reviews_us_Wireless_v1_00.tsv
[2022-09-23 16:51:01,326] {logging_mixin.py:109} INFO - amazon_reviews_us_Wireless_v1_00.tsv could not be found
[2022-09-23 16:51:01,326] {logging_mixin.py:109} INFO - removing file amazon_reviews_us_Wireless_v1_00.tsv
[2022-09-23 16:51:01,326] {logging_mixin.py:109} INFO - downloading amazon_reviews_us_Video_v1_00.tsv
[2022-09-23 16:51:01,920] {logging_mixin.py:109} INFO - amazon_reviews_us_Video_v1_00.tsv could not be found
[2022-09-23 16:51:01,921] {logging_mixin.py:109} INFO - removing file amazon_reviews_us_Video_v1_00.tsv
[2022-09-23 16:51:01,921] {logging_mixin.py:109} INFO - downloading amazon_reviews_us_Tools_v1_00.tsv
[2022-09-23 16:51:02,532] {logging_mixin.py:109} INFO - amazon_reviews_us_Tools_v1_00.tsv could not be found
[2022-09-23 16:51:02,532] {logging_mixin.py:109} INFO - removing file amazon_reviews_us_Tools_v1_00.tsv
[2022-09-23 16:51:02,532] {logging_mixin.py:109} INFO - downloading amazon_reviews_us_Books_v1_02.tsv
[2022-09-23 16:51:18,476] {logging_mixin.py:109} INFO - uploading amazon_reviews_us_Books_v1_02.tsv
[2022-09-23 16:51:39,362] {logging_mixin.py:109} INFO - removing file amazon_reviews_us_Books_v1_02.tsv
[2022-09-23 16:51:39,530] {logging_mixin.py:109} INFO - downloading amazon_reviews_us_Video_DVD_v1_00.tsv
[2022-09-23 16:51:40,153] {logging_mixin.py:109} INFO - amazon_reviews_us_Video_DVD_v1_00.tsv could not be found
[2022-09-23 16:51:40,153] {logging_mixin.py:109} INFO - removing file amazon_reviews_us_Video_DVD_v1_00.tsv
[2022-09-23 16:51:40,153] {logging_mixin.py:109} INFO - downloading amazon_reviews_us_Digital_Video_Download_v1_00.tsv
[2022-09-23 16:51:47,997] {logging_mixin.py:109} INFO - uploading amazon_reviews_us_Digital_Video_Download_v1_00.tsv
[2022-09-23 16:51:54,752] {logging_mixin.py:109} INFO - removing file amazon_reviews_us_Digital_Video_Download_v1_00.tsv
[2022-09-23 16:51:54,840] {logging_mixin.py:109} INFO - downloading amazon_reviews_us_Musical_Instruments_v1_00.tsv
[2022-09-23 16:51:55,454] {logging_mixin.py:109} INFO - amazon_reviews_us_Musical_Instruments_v1_00.tsv could not be found
[2022-09-23 16:51:55,454] {logging_mixin.py:109} INFO - removing file amazon_reviews_us_Musical_Instruments_v1_00.tsv
[2022-09-23 16:51:55,455] {logging_mixin.py:109} INFO - downloading amazon_reviews_us_Camera_v1_00.tsv
[2022-09-23 16:51:59,186] {logging_mixin.py:109} INFO - uploading amazon_reviews_us_Camera_v1_00.tsv
[2022-09-23 16:52:05,048] {logging_mixin.py:109} INFO - removing file amazon_reviews_us_Camera_v1_00.tsv
[2022-09-23 16:52:05,122] {logging_mixin.py:109} INFO - downloading amazon_reviews_us_Toys_v1_00.tsv
[2022-09-23 16:52:05,775] {logging_mixin.py:109} INFO - amazon_reviews_us_Toys_v1_00.tsv could not be found
[2022-09-23 16:52:05,775] {logging_mixin.py:109} INFO - removing file amazon_reviews_us_Toys_v1_00.tsv
[2022-09-23 16:52:05,775] {logging_mixin.py:109} INFO - downloading amazon_reviews_us_Music_v1_00.tsv
[2022-09-23 16:52:06,236] {logging_mixin.py:109} INFO - amazon_reviews_us_Music_v1_00.tsv could not be found
[2022-09-23 16:52:06,236] {logging_mixin.py:109} INFO - removing file amazon_reviews_us_Music_v1_00.tsv
[2022-09-23 16:52:06,237] {logging_mixin.py:109} INFO - downloading amazon_reviews_us_Grocery_v1_00.tsv
[2022-09-23 16:52:10,296] {logging_mixin.py:109} INFO - uploading amazon_reviews_us_Grocery_v1_00.tsv
[2022-09-23 16:52:15,596] {logging_mixin.py:109} INFO - removing file amazon_reviews_us_Grocery_v1_00.tsv
[2022-09-23 16:52:15,688] {logging_mixin.py:109} INFO - downloading amazon_reviews_us_Outdoors_v1_00.tsv
[2022-09-23 16:52:16,273] {logging_mixin.py:109} INFO - amazon_reviews_us_Outdoors_v1_00.tsv could not be found
[2022-09-23 16:52:16,273] {logging_mixin.py:109} INFO - removing file amazon_reviews_us_Outdoors_v1_00.tsv
[2022-09-23 16:52:16,273] {logging_mixin.py:109} INFO - downloading amazon_reviews_us_Pet_Products_v1_00.tsv
[2022-09-23 16:52:16,850] {logging_mixin.py:109} INFO - amazon_reviews_us_Pet_Products_v1_00.tsv could not be found
[2022-09-23 16:52:16,850] {logging_mixin.py:109} INFO - removing file amazon_reviews_us_Pet_Products_v1_00.tsv
[2022-09-23 16:52:16,850] {logging_mixin.py:109} INFO - downloading amazon_reviews_us_Digital_Video_Games_v1_00.tsv
[2022-09-23 16:52:18,020] {logging_mixin.py:109} INFO - uploading amazon_reviews_us_Digital_Video_Games_v1_00.tsv
[2022-09-23 16:52:18,599] {logging_mixin.py:109} INFO - removing file amazon_reviews_us_Digital_Video_Games_v1_00.tsv
[2022-09-23 16:52:18,604] {logging_mixin.py:109} INFO - downloading amazon_reviews_us_Digital_Music_Purchase_v1_00.tsv
[2022-09-23 16:52:21,142] {logging_mixin.py:109} INFO - uploading amazon_reviews_us_Digital_Music_Purchase_v1_00.tsv
[2022-09-23 16:52:24,745] {logging_mixin.py:109} INFO - removing file amazon_reviews_us_Digital_Music_Purchase_v1_00.tsv
[2022-09-23 16:52:24,790] {logging_mixin.py:109} INFO - downloading amazon_reviews_us_PC_v1_00.tsv
[2022-09-23 16:52:25,331] {logging_mixin.py:109} INFO - amazon_reviews_us_PC_v1_00.tsv could not be found
[2022-09-23 16:52:25,331] {logging_mixin.py:109} INFO - removing file amazon_reviews_us_PC_v1_00.tsv
[2022-09-23 16:52:25,331] {logging_mixin.py:109} INFO - downloading amazon_reviews_multilingual_US_v1_00.tsv
[2022-09-23 16:52:47,136] {logging_mixin.py:109} INFO - uploading amazon_reviews_multilingual_US_v1_00.tsv
[2022-09-23 16:53:08,169] {logging_mixin.py:109} INFO - removing file amazon_reviews_multilingual_US_v1_00.tsv
[2022-09-23 16:53:08,380] {logging_mixin.py:109} INFO - downloading amazon_reviews_us_Sports_v1_00.tsv
[2022-09-23 16:53:08,914] {logging_mixin.py:109} INFO - amazon_reviews_us_Sports_v1_00.tsv could not be found
[2022-09-23 16:53:08,914] {logging_mixin.py:109} INFO - removing file amazon_reviews_us_Sports_v1_00.tsv
[2022-09-23 16:53:08,914] {logging_mixin.py:109} INFO - downloading amazon_reviews_us_Apparel_v1_00.tsv
[2022-09-23 16:53:13,600] {logging_mixin.py:109} INFO - uploading amazon_reviews_us_Apparel_v1_00.tsv
[2022-09-23 16:53:22,153] {logging_mixin.py:109} INFO - removing file amazon_reviews_us_Apparel_v1_00.tsv
[2022-09-23 16:53:22,257] {logging_mixin.py:109} INFO - downloading amazon_reviews_us_Mobile_Electronics_v1_00.tsv
[2022-09-23 16:53:23,401] {logging_mixin.py:109} INFO - uploading amazon_reviews_us_Mobile_Electronics_v1_00.tsv
[2022-09-23 16:53:23,942] {logging_mixin.py:109} INFO - removing file amazon_reviews_us_Mobile_Electronics_v1_00.tsv
[2022-09-23 16:53:23,946] {logging_mixin.py:109} INFO - downloading amazon_reviews_us_Beauty_v1_00.tsv
[2022-09-23 16:53:30,984] {logging_mixin.py:109} INFO - uploading amazon_reviews_us_Beauty_v1_00.tsv
[2022-09-23 16:53:43,947] {logging_mixin.py:109} INFO - removing file amazon_reviews_us_Beauty_v1_00.tsv
[2022-09-23 16:53:44,091] {logging_mixin.py:109} INFO - downloading amazon_reviews_us_Furniture_v1_00.tsv
[2022-09-23 16:53:46,923] {logging_mixin.py:109} INFO - uploading amazon_reviews_us_Furniture_v1_00.tsv
[2022-09-23 16:53:49,281] {logging_mixin.py:109} INFO - removing file amazon_reviews_us_Furniture_v1_00.tsv
[2022-09-23 16:53:49,316] {logging_mixin.py:109} INFO - downloading amazon_reviews_us_Shoes_v1_00.tsv
[2022-09-23 16:53:49,861] {logging_mixin.py:109} INFO - amazon_reviews_us_Shoes_v1_00.tsv could not be found
[2022-09-23 16:53:49,862] {logging_mixin.py:109} INFO - removing file amazon_reviews_us_Shoes_v1_00.tsv
[2022-09-23 16:53:49,862] {logging_mixin.py:109} INFO - downloading amazon_reviews_us_Electronics_v1_00.tsv
[2022-09-23 16:53:55,271] {logging_mixin.py:109} INFO - uploading amazon_reviews_us_Electronics_v1_00.tsv
[2022-09-23 16:54:04,590] {logging_mixin.py:109} INFO - removing file amazon_reviews_us_Electronics_v1_00.tsv
[2022-09-23 16:54:04,790] {logging_mixin.py:109} INFO - downloading amazon_reviews_us_Mobile_Apps_v1_00.tsv
[2022-09-23 16:54:14,103] {logging_mixin.py:109} INFO - uploading amazon_reviews_us_Mobile_Apps_v1_00.tsv
[2022-09-23 16:54:23,596] {logging_mixin.py:109} INFO - removing file amazon_reviews_us_Mobile_Apps_v1_00.tsv
[2022-09-23 16:54:23,751] {logging_mixin.py:109} INFO - downloading amazon_reviews_us_Video_Games_v1_00.tsv
[2022-09-23 16:54:24,248] {logging_mixin.py:109} INFO - amazon_reviews_us_Video_Games_v1_00.tsv could not be found
[2022-09-23 16:54:24,249] {logging_mixin.py:109} INFO - removing file amazon_reviews_us_Video_Games_v1_00.tsv
[2022-09-23 16:54:24,249] {logging_mixin.py:109} INFO - downloading amazon_reviews_us_Digital_Ebook_Purchase_v1_01.tsv
[2022-09-23 16:54:36,534] {logging_mixin.py:109} INFO - uploading amazon_reviews_us_Digital_Ebook_Purchase_v1_01.tsv
[2022-09-23 16:54:58,260] {logging_mixin.py:109} INFO - removing file amazon_reviews_us_Digital_Ebook_Purchase_v1_01.tsv
[2022-09-23 16:54:58,454] {logging_mixin.py:109} INFO - the following files could not be found: (amazon_reviews_us_Software_v1_00.tsv, amazon_reviews_us_Watches_v1_00.tsv, amazon_reviews_us_Office_Products_v1_00.tsv, amazon_reviews_us_Personal_Care_Appliances_v1_00.tsv, amazon_reviews_us_Wireless_v1_00.tsv, amazon_reviews_us_Video_v1_00.tsv, amazon_reviews_us_Tools_v1_00.tsv, amazon_reviews_us_Video_DVD_v1_00.tsv, amazon_reviews_us_Musical_Instruments_v1_00.tsv, amazon_reviews_us_Toys_v1_00.tsv, amazon_reviews_us_Music_v1_00.tsv, amazon_reviews_us_Outdoors_v1_00.tsv, amazon_reviews_us_Pet_Products_v1_00.tsv, amazon_reviews_us_PC_v1_00.tsv, amazon_reviews_us_Sports_v1_00.tsv, amazon_reviews_us_Shoes_v1_00.tsv, amazon_reviews_us_Video_Games_v1_00.tsv)
[2022-09-23 16:54:58,459] {python.py:175} INFO - Done. Returned value was: None
[2022-09-23 16:54:58,470] {taskinstance.py:1277} INFO - Marking task as SUCCESS. dag_id=kag_to_gcs_dag, task_id=local_to_gcs_task, execution_date=20220923T163946, start_date=20220923T165006, end_date=20220923T165458
[2022-09-23 16:54:58,501] {local_task_job.py:154} INFO - Task exited with return code 0
[2022-09-23 16:54:58,529] {local_task_job.py:264} INFO - 0 downstream tasks scheduled from follow-on schedule check
