[2022-09-20 14:30:21,438] {processor.py:163} INFO - Started process (PID=132) to work on /home/airflow/.local/lib/python3.7/site-packages/airflow/example_dags/example_subdag_operator.py
[2022-09-20 14:30:21,439] {processor.py:642} INFO - Processing file /home/airflow/.local/lib/python3.7/site-packages/airflow/example_dags/example_subdag_operator.py for tasks to queue
[2022-09-20 14:30:21,440] {logging_mixin.py:109} INFO - [2022-09-20 14:30:21,440] {dagbag.py:500} INFO - Filling up the DagBag from /home/airflow/.local/lib/python3.7/site-packages/airflow/example_dags/example_subdag_operator.py
[2022-09-20 14:30:21,486] {processor.py:654} INFO - DAG(s) dict_keys(['example_subdag_operator.section-1', 'example_subdag_operator.section-2', 'example_subdag_operator']) retrieved from /home/airflow/.local/lib/python3.7/site-packages/airflow/example_dags/example_subdag_operator.py
[2022-09-20 14:30:23,991] {logging_mixin.py:109} INFO - [2022-09-20 14:30:23,991] {manager.py:496} INFO - Created Permission View: can edit on DAG:example_subdag_operator
[2022-09-20 14:30:24,006] {logging_mixin.py:109} INFO - [2022-09-20 14:30:24,006] {manager.py:496} INFO - Created Permission View: can read on DAG:example_subdag_operator
[2022-09-20 14:30:24,007] {logging_mixin.py:109} INFO - [2022-09-20 14:30:24,006] {dag.py:2396} INFO - Sync 3 DAGs
[2022-09-20 14:30:24,018] {logging_mixin.py:109} INFO - [2022-09-20 14:30:24,018] {dag.py:2415} INFO - Creating ORM DAG for example_subdag_operator
[2022-09-20 14:30:24,019] {logging_mixin.py:109} INFO - [2022-09-20 14:30:24,019] {dag.py:2415} INFO - Creating ORM DAG for example_subdag_operator.section-2
[2022-09-20 14:30:24,019] {logging_mixin.py:109} INFO - [2022-09-20 14:30:24,019] {dag.py:2415} INFO - Creating ORM DAG for example_subdag_operator.section-1
[2022-09-20 14:30:24,031] {logging_mixin.py:109} INFO - [2022-09-20 14:30:24,031] {dag.py:2935} INFO - Setting next_dagrun for example_subdag_operator to 2022-09-18T00:00:00+00:00
[2022-09-20 14:30:24,032] {logging_mixin.py:109} INFO - [2022-09-20 14:30:24,032] {dag.py:2935} INFO - Setting next_dagrun for example_subdag_operator.section-1 to None
[2022-09-20 14:30:24,032] {logging_mixin.py:109} INFO - [2022-09-20 14:30:24,032] {dag.py:2935} INFO - Setting next_dagrun for example_subdag_operator.section-2 to None
[2022-09-20 14:30:24,044] {logging_mixin.py:109} INFO - [2022-09-20 14:30:24,044] {dag.py:2396} INFO - Sync 2 DAGs
[2022-09-20 14:30:24,058] {logging_mixin.py:109} INFO - [2022-09-20 14:30:24,058] {dag.py:2935} INFO - Setting next_dagrun for example_subdag_operator.section-1 to None
[2022-09-20 14:30:24,058] {logging_mixin.py:109} INFO - [2022-09-20 14:30:24,058] {dag.py:2935} INFO - Setting next_dagrun for example_subdag_operator.section-2 to None
[2022-09-20 14:30:24,068] {processor.py:171} INFO - Processing /home/airflow/.local/lib/python3.7/site-packages/airflow/example_dags/example_subdag_operator.py took 2.635 seconds
[2022-09-20 14:30:54,798] {processor.py:163} INFO - Started process (PID=252) to work on /home/airflow/.local/lib/python3.7/site-packages/airflow/example_dags/example_subdag_operator.py
[2022-09-20 14:30:54,800] {processor.py:642} INFO - Processing file /home/airflow/.local/lib/python3.7/site-packages/airflow/example_dags/example_subdag_operator.py for tasks to queue
[2022-09-20 14:30:54,801] {logging_mixin.py:109} INFO - [2022-09-20 14:30:54,801] {dagbag.py:500} INFO - Filling up the DagBag from /home/airflow/.local/lib/python3.7/site-packages/airflow/example_dags/example_subdag_operator.py
[2022-09-20 14:30:54,864] {processor.py:654} INFO - DAG(s) dict_keys(['example_subdag_operator.section-1', 'example_subdag_operator.section-2', 'example_subdag_operator']) retrieved from /home/airflow/.local/lib/python3.7/site-packages/airflow/example_dags/example_subdag_operator.py
[2022-09-20 14:30:54,884] {logging_mixin.py:109} INFO - [2022-09-20 14:30:54,884] {dag.py:2396} INFO - Sync 3 DAGs
[2022-09-20 14:30:54,910] {logging_mixin.py:109} INFO - [2022-09-20 14:30:54,910] {dag.py:2935} INFO - Setting next_dagrun for example_subdag_operator to 2022-09-18T00:00:00+00:00
[2022-09-20 14:30:54,910] {logging_mixin.py:109} INFO - [2022-09-20 14:30:54,910] {dag.py:2935} INFO - Setting next_dagrun for example_subdag_operator.section-1 to None
[2022-09-20 14:30:54,911] {logging_mixin.py:109} INFO - [2022-09-20 14:30:54,911] {dag.py:2935} INFO - Setting next_dagrun for example_subdag_operator.section-2 to None
[2022-09-20 14:30:54,919] {logging_mixin.py:109} INFO - [2022-09-20 14:30:54,919] {dag.py:2396} INFO - Sync 2 DAGs
[2022-09-20 14:30:54,932] {logging_mixin.py:109} INFO - [2022-09-20 14:30:54,932] {dag.py:2935} INFO - Setting next_dagrun for example_subdag_operator.section-1 to None
[2022-09-20 14:30:54,933] {logging_mixin.py:109} INFO - [2022-09-20 14:30:54,933] {dag.py:2935} INFO - Setting next_dagrun for example_subdag_operator.section-2 to None
[2022-09-20 14:30:54,945] {processor.py:171} INFO - Processing /home/airflow/.local/lib/python3.7/site-packages/airflow/example_dags/example_subdag_operator.py took 0.153 seconds
[2022-09-20 14:31:25,130] {processor.py:163} INFO - Started process (PID=302) to work on /home/airflow/.local/lib/python3.7/site-packages/airflow/example_dags/example_subdag_operator.py
[2022-09-20 14:31:25,133] {processor.py:642} INFO - Processing file /home/airflow/.local/lib/python3.7/site-packages/airflow/example_dags/example_subdag_operator.py for tasks to queue
[2022-09-20 14:31:25,134] {logging_mixin.py:109} INFO - [2022-09-20 14:31:25,133] {dagbag.py:500} INFO - Filling up the DagBag from /home/airflow/.local/lib/python3.7/site-packages/airflow/example_dags/example_subdag_operator.py
[2022-09-20 14:31:25,180] {processor.py:654} INFO - DAG(s) dict_keys(['example_subdag_operator.section-1', 'example_subdag_operator.section-2', 'example_subdag_operator']) retrieved from /home/airflow/.local/lib/python3.7/site-packages/airflow/example_dags/example_subdag_operator.py
[2022-09-20 14:31:25,196] {logging_mixin.py:109} INFO - [2022-09-20 14:31:25,195] {dag.py:2396} INFO - Sync 3 DAGs
[2022-09-20 14:31:25,219] {logging_mixin.py:109} INFO - [2022-09-20 14:31:25,218] {dag.py:2935} INFO - Setting next_dagrun for example_subdag_operator to 2022-09-18T00:00:00+00:00
[2022-09-20 14:31:25,219] {logging_mixin.py:109} INFO - [2022-09-20 14:31:25,219] {dag.py:2935} INFO - Setting next_dagrun for example_subdag_operator.section-1 to None
[2022-09-20 14:31:25,219] {logging_mixin.py:109} INFO - [2022-09-20 14:31:25,219] {dag.py:2935} INFO - Setting next_dagrun for example_subdag_operator.section-2 to None
[2022-09-20 14:31:25,227] {logging_mixin.py:109} INFO - [2022-09-20 14:31:25,227] {dag.py:2396} INFO - Sync 2 DAGs
[2022-09-20 14:31:25,238] {logging_mixin.py:109} INFO - [2022-09-20 14:31:25,238] {dag.py:2935} INFO - Setting next_dagrun for example_subdag_operator.section-1 to None
[2022-09-20 14:31:25,238] {logging_mixin.py:109} INFO - [2022-09-20 14:31:25,238] {dag.py:2935} INFO - Setting next_dagrun for example_subdag_operator.section-2 to None
[2022-09-20 14:31:25,247] {processor.py:171} INFO - Processing /home/airflow/.local/lib/python3.7/site-packages/airflow/example_dags/example_subdag_operator.py took 0.122 seconds
[2022-09-20 14:31:55,501] {processor.py:163} INFO - Started process (PID=352) to work on /home/airflow/.local/lib/python3.7/site-packages/airflow/example_dags/example_subdag_operator.py
[2022-09-20 14:31:55,503] {processor.py:642} INFO - Processing file /home/airflow/.local/lib/python3.7/site-packages/airflow/example_dags/example_subdag_operator.py for tasks to queue
[2022-09-20 14:31:55,504] {logging_mixin.py:109} INFO - [2022-09-20 14:31:55,504] {dagbag.py:500} INFO - Filling up the DagBag from /home/airflow/.local/lib/python3.7/site-packages/airflow/example_dags/example_subdag_operator.py
[2022-09-20 14:31:55,550] {processor.py:654} INFO - DAG(s) dict_keys(['example_subdag_operator.section-1', 'example_subdag_operator.section-2', 'example_subdag_operator']) retrieved from /home/airflow/.local/lib/python3.7/site-packages/airflow/example_dags/example_subdag_operator.py
[2022-09-20 14:31:55,564] {logging_mixin.py:109} INFO - [2022-09-20 14:31:55,563] {dag.py:2396} INFO - Sync 3 DAGs
[2022-09-20 14:31:55,583] {logging_mixin.py:109} INFO - [2022-09-20 14:31:55,582] {dag.py:2935} INFO - Setting next_dagrun for example_subdag_operator to 2022-09-18T00:00:00+00:00
[2022-09-20 14:31:55,583] {logging_mixin.py:109} INFO - [2022-09-20 14:31:55,583] {dag.py:2935} INFO - Setting next_dagrun for example_subdag_operator.section-1 to None
[2022-09-20 14:31:55,583] {logging_mixin.py:109} INFO - [2022-09-20 14:31:55,583] {dag.py:2935} INFO - Setting next_dagrun for example_subdag_operator.section-2 to None
[2022-09-20 14:31:55,589] {logging_mixin.py:109} INFO - [2022-09-20 14:31:55,589] {dag.py:2396} INFO - Sync 2 DAGs
[2022-09-20 14:31:55,598] {logging_mixin.py:109} INFO - [2022-09-20 14:31:55,598] {dag.py:2935} INFO - Setting next_dagrun for example_subdag_operator.section-1 to None
[2022-09-20 14:31:55,599] {logging_mixin.py:109} INFO - [2022-09-20 14:31:55,599] {dag.py:2935} INFO - Setting next_dagrun for example_subdag_operator.section-2 to None
[2022-09-20 14:31:55,607] {processor.py:171} INFO - Processing /home/airflow/.local/lib/python3.7/site-packages/airflow/example_dags/example_subdag_operator.py took 0.111 seconds
[2022-09-20 14:32:25,725] {processor.py:163} INFO - Started process (PID=412) to work on /home/airflow/.local/lib/python3.7/site-packages/airflow/example_dags/example_subdag_operator.py
[2022-09-20 14:32:25,731] {processor.py:642} INFO - Processing file /home/airflow/.local/lib/python3.7/site-packages/airflow/example_dags/example_subdag_operator.py for tasks to queue
[2022-09-20 14:32:25,732] {logging_mixin.py:109} INFO - [2022-09-20 14:32:25,732] {dagbag.py:500} INFO - Filling up the DagBag from /home/airflow/.local/lib/python3.7/site-packages/airflow/example_dags/example_subdag_operator.py
[2022-09-20 14:32:25,866] {processor.py:654} INFO - DAG(s) dict_keys(['example_subdag_operator.section-1', 'example_subdag_operator.section-2', 'example_subdag_operator']) retrieved from /home/airflow/.local/lib/python3.7/site-packages/airflow/example_dags/example_subdag_operator.py
[2022-09-20 14:32:25,909] {logging_mixin.py:109} INFO - [2022-09-20 14:32:25,909] {dag.py:2396} INFO - Sync 3 DAGs
[2022-09-20 14:32:25,969] {logging_mixin.py:109} INFO - [2022-09-20 14:32:25,968] {dag.py:2935} INFO - Setting next_dagrun for example_subdag_operator to 2022-09-18T00:00:00+00:00
[2022-09-20 14:32:25,970] {logging_mixin.py:109} INFO - [2022-09-20 14:32:25,970] {dag.py:2935} INFO - Setting next_dagrun for example_subdag_operator.section-1 to None
[2022-09-20 14:32:25,970] {logging_mixin.py:109} INFO - [2022-09-20 14:32:25,970] {dag.py:2935} INFO - Setting next_dagrun for example_subdag_operator.section-2 to None
[2022-09-20 14:32:25,990] {logging_mixin.py:109} INFO - [2022-09-20 14:32:25,990] {dag.py:2396} INFO - Sync 2 DAGs
[2022-09-20 14:32:26,019] {logging_mixin.py:109} INFO - [2022-09-20 14:32:26,019] {dag.py:2935} INFO - Setting next_dagrun for example_subdag_operator.section-1 to None
[2022-09-20 14:32:26,019] {logging_mixin.py:109} INFO - [2022-09-20 14:32:26,019] {dag.py:2935} INFO - Setting next_dagrun for example_subdag_operator.section-2 to None
[2022-09-20 14:32:26,038] {processor.py:171} INFO - Processing /home/airflow/.local/lib/python3.7/site-packages/airflow/example_dags/example_subdag_operator.py took 0.331 seconds
[2022-09-20 14:32:56,410] {processor.py:163} INFO - Started process (PID=464) to work on /home/airflow/.local/lib/python3.7/site-packages/airflow/example_dags/example_subdag_operator.py
[2022-09-20 14:32:56,412] {processor.py:642} INFO - Processing file /home/airflow/.local/lib/python3.7/site-packages/airflow/example_dags/example_subdag_operator.py for tasks to queue
[2022-09-20 14:32:56,413] {logging_mixin.py:109} INFO - [2022-09-20 14:32:56,413] {dagbag.py:500} INFO - Filling up the DagBag from /home/airflow/.local/lib/python3.7/site-packages/airflow/example_dags/example_subdag_operator.py
[2022-09-20 14:32:56,458] {processor.py:654} INFO - DAG(s) dict_keys(['example_subdag_operator.section-1', 'example_subdag_operator.section-2', 'example_subdag_operator']) retrieved from /home/airflow/.local/lib/python3.7/site-packages/airflow/example_dags/example_subdag_operator.py
[2022-09-20 14:32:56,472] {logging_mixin.py:109} INFO - [2022-09-20 14:32:56,472] {dag.py:2396} INFO - Sync 3 DAGs
[2022-09-20 14:32:56,492] {logging_mixin.py:109} INFO - [2022-09-20 14:32:56,492] {dag.py:2935} INFO - Setting next_dagrun for example_subdag_operator to 2022-09-18T00:00:00+00:00
[2022-09-20 14:32:56,492] {logging_mixin.py:109} INFO - [2022-09-20 14:32:56,492] {dag.py:2935} INFO - Setting next_dagrun for example_subdag_operator.section-1 to None
[2022-09-20 14:32:56,492] {logging_mixin.py:109} INFO - [2022-09-20 14:32:56,492] {dag.py:2935} INFO - Setting next_dagrun for example_subdag_operator.section-2 to None
[2022-09-20 14:32:56,499] {logging_mixin.py:109} INFO - [2022-09-20 14:32:56,499] {dag.py:2396} INFO - Sync 2 DAGs
[2022-09-20 14:32:56,508] {logging_mixin.py:109} INFO - [2022-09-20 14:32:56,508] {dag.py:2935} INFO - Setting next_dagrun for example_subdag_operator.section-1 to None
[2022-09-20 14:32:56,508] {logging_mixin.py:109} INFO - [2022-09-20 14:32:56,508] {dag.py:2935} INFO - Setting next_dagrun for example_subdag_operator.section-2 to None
[2022-09-20 14:32:56,515] {processor.py:171} INFO - Processing /home/airflow/.local/lib/python3.7/site-packages/airflow/example_dags/example_subdag_operator.py took 0.111 seconds
[2022-09-20 14:33:26,903] {processor.py:163} INFO - Started process (PID=514) to work on /home/airflow/.local/lib/python3.7/site-packages/airflow/example_dags/example_subdag_operator.py
[2022-09-20 14:33:26,904] {processor.py:642} INFO - Processing file /home/airflow/.local/lib/python3.7/site-packages/airflow/example_dags/example_subdag_operator.py for tasks to queue
[2022-09-20 14:33:26,905] {logging_mixin.py:109} INFO - [2022-09-20 14:33:26,905] {dagbag.py:500} INFO - Filling up the DagBag from /home/airflow/.local/lib/python3.7/site-packages/airflow/example_dags/example_subdag_operator.py
[2022-09-20 14:33:26,955] {processor.py:654} INFO - DAG(s) dict_keys(['example_subdag_operator.section-1', 'example_subdag_operator.section-2', 'example_subdag_operator']) retrieved from /home/airflow/.local/lib/python3.7/site-packages/airflow/example_dags/example_subdag_operator.py
[2022-09-20 14:33:26,972] {logging_mixin.py:109} INFO - [2022-09-20 14:33:26,972] {dag.py:2396} INFO - Sync 3 DAGs
[2022-09-20 14:33:26,999] {logging_mixin.py:109} INFO - [2022-09-20 14:33:26,999] {dag.py:2935} INFO - Setting next_dagrun for example_subdag_operator to 2022-09-18T00:00:00+00:00
[2022-09-20 14:33:26,999] {logging_mixin.py:109} INFO - [2022-09-20 14:33:26,999] {dag.py:2935} INFO - Setting next_dagrun for example_subdag_operator.section-1 to None
[2022-09-20 14:33:26,999] {logging_mixin.py:109} INFO - [2022-09-20 14:33:26,999] {dag.py:2935} INFO - Setting next_dagrun for example_subdag_operator.section-2 to None
[2022-09-20 14:33:27,009] {logging_mixin.py:109} INFO - [2022-09-20 14:33:27,008] {dag.py:2396} INFO - Sync 2 DAGs
[2022-09-20 14:33:27,020] {logging_mixin.py:109} INFO - [2022-09-20 14:33:27,019] {dag.py:2935} INFO - Setting next_dagrun for example_subdag_operator.section-1 to None
[2022-09-20 14:33:27,020] {logging_mixin.py:109} INFO - [2022-09-20 14:33:27,020] {dag.py:2935} INFO - Setting next_dagrun for example_subdag_operator.section-2 to None
[2022-09-20 14:33:27,029] {processor.py:171} INFO - Processing /home/airflow/.local/lib/python3.7/site-packages/airflow/example_dags/example_subdag_operator.py took 0.132 seconds
[2022-09-20 14:33:57,504] {processor.py:163} INFO - Started process (PID=565) to work on /home/airflow/.local/lib/python3.7/site-packages/airflow/example_dags/example_subdag_operator.py
[2022-09-20 14:33:57,506] {processor.py:642} INFO - Processing file /home/airflow/.local/lib/python3.7/site-packages/airflow/example_dags/example_subdag_operator.py for tasks to queue
[2022-09-20 14:33:57,508] {logging_mixin.py:109} INFO - [2022-09-20 14:33:57,507] {dagbag.py:500} INFO - Filling up the DagBag from /home/airflow/.local/lib/python3.7/site-packages/airflow/example_dags/example_subdag_operator.py
[2022-09-20 14:33:57,557] {processor.py:654} INFO - DAG(s) dict_keys(['example_subdag_operator.section-1', 'example_subdag_operator.section-2', 'example_subdag_operator']) retrieved from /home/airflow/.local/lib/python3.7/site-packages/airflow/example_dags/example_subdag_operator.py
[2022-09-20 14:33:57,572] {logging_mixin.py:109} INFO - [2022-09-20 14:33:57,572] {dag.py:2396} INFO - Sync 3 DAGs
[2022-09-20 14:33:57,592] {logging_mixin.py:109} INFO - [2022-09-20 14:33:57,592] {dag.py:2935} INFO - Setting next_dagrun for example_subdag_operator to 2022-09-18T00:00:00+00:00
[2022-09-20 14:33:57,593] {logging_mixin.py:109} INFO - [2022-09-20 14:33:57,593] {dag.py:2935} INFO - Setting next_dagrun for example_subdag_operator.section-1 to None
[2022-09-20 14:33:57,593] {logging_mixin.py:109} INFO - [2022-09-20 14:33:57,593] {dag.py:2935} INFO - Setting next_dagrun for example_subdag_operator.section-2 to None
[2022-09-20 14:33:57,600] {logging_mixin.py:109} INFO - [2022-09-20 14:33:57,600] {dag.py:2396} INFO - Sync 2 DAGs
[2022-09-20 14:33:57,609] {logging_mixin.py:109} INFO - [2022-09-20 14:33:57,609] {dag.py:2935} INFO - Setting next_dagrun for example_subdag_operator.section-1 to None
[2022-09-20 14:33:57,610] {logging_mixin.py:109} INFO - [2022-09-20 14:33:57,610] {dag.py:2935} INFO - Setting next_dagrun for example_subdag_operator.section-2 to None
[2022-09-20 14:33:57,618] {processor.py:171} INFO - Processing /home/airflow/.local/lib/python3.7/site-packages/airflow/example_dags/example_subdag_operator.py took 0.121 seconds
