[2022-09-20 14:30:17,481] {processor.py:163} INFO - Started process (PID=118) to work on /home/airflow/.local/lib/python3.7/site-packages/airflow/example_dags/example_trigger_target_dag.py
[2022-09-20 14:30:17,482] {processor.py:642} INFO - Processing file /home/airflow/.local/lib/python3.7/site-packages/airflow/example_dags/example_trigger_target_dag.py for tasks to queue
[2022-09-20 14:30:17,483] {logging_mixin.py:109} INFO - [2022-09-20 14:30:17,483] {dagbag.py:500} INFO - Filling up the DagBag from /home/airflow/.local/lib/python3.7/site-packages/airflow/example_dags/example_trigger_target_dag.py
[2022-09-20 14:30:17,523] {processor.py:654} INFO - DAG(s) dict_keys(['example_trigger_target_dag']) retrieved from /home/airflow/.local/lib/python3.7/site-packages/airflow/example_dags/example_trigger_target_dag.py
[2022-09-20 14:30:20,213] {logging_mixin.py:109} INFO - [2022-09-20 14:30:20,212] {manager.py:496} INFO - Created Permission View: can edit on DAG:example_trigger_target_dag
[2022-09-20 14:30:20,223] {logging_mixin.py:109} INFO - [2022-09-20 14:30:20,223] {manager.py:496} INFO - Created Permission View: can read on DAG:example_trigger_target_dag
[2022-09-20 14:30:20,224] {logging_mixin.py:109} INFO - [2022-09-20 14:30:20,223] {dag.py:2396} INFO - Sync 1 DAGs
[2022-09-20 14:30:20,232] {logging_mixin.py:109} INFO - [2022-09-20 14:30:20,232] {dag.py:2415} INFO - Creating ORM DAG for example_trigger_target_dag
[2022-09-20 14:30:20,241] {logging_mixin.py:109} INFO - [2022-09-20 14:30:20,241] {dag.py:2935} INFO - Setting next_dagrun for example_trigger_target_dag to None
[2022-09-20 14:30:20,255] {processor.py:171} INFO - Processing /home/airflow/.local/lib/python3.7/site-packages/airflow/example_dags/example_trigger_target_dag.py took 2.780 seconds
[2022-09-20 14:30:50,656] {processor.py:163} INFO - Started process (PID=240) to work on /home/airflow/.local/lib/python3.7/site-packages/airflow/example_dags/example_trigger_target_dag.py
[2022-09-20 14:30:50,657] {processor.py:642} INFO - Processing file /home/airflow/.local/lib/python3.7/site-packages/airflow/example_dags/example_trigger_target_dag.py for tasks to queue
[2022-09-20 14:30:50,658] {logging_mixin.py:109} INFO - [2022-09-20 14:30:50,658] {dagbag.py:500} INFO - Filling up the DagBag from /home/airflow/.local/lib/python3.7/site-packages/airflow/example_dags/example_trigger_target_dag.py
[2022-09-20 14:30:50,699] {processor.py:654} INFO - DAG(s) dict_keys(['example_trigger_target_dag']) retrieved from /home/airflow/.local/lib/python3.7/site-packages/airflow/example_dags/example_trigger_target_dag.py
[2022-09-20 14:30:50,713] {logging_mixin.py:109} INFO - [2022-09-20 14:30:50,712] {dag.py:2396} INFO - Sync 1 DAGs
[2022-09-20 14:30:50,735] {logging_mixin.py:109} INFO - [2022-09-20 14:30:50,734] {dag.py:2935} INFO - Setting next_dagrun for example_trigger_target_dag to None
[2022-09-20 14:30:50,747] {processor.py:171} INFO - Processing /home/airflow/.local/lib/python3.7/site-packages/airflow/example_dags/example_trigger_target_dag.py took 0.096 seconds
[2022-09-20 14:31:21,102] {processor.py:163} INFO - Started process (PID=299) to work on /home/airflow/.local/lib/python3.7/site-packages/airflow/example_dags/example_trigger_target_dag.py
[2022-09-20 14:31:21,104] {processor.py:642} INFO - Processing file /home/airflow/.local/lib/python3.7/site-packages/airflow/example_dags/example_trigger_target_dag.py for tasks to queue
[2022-09-20 14:31:21,105] {logging_mixin.py:109} INFO - [2022-09-20 14:31:21,105] {dagbag.py:500} INFO - Filling up the DagBag from /home/airflow/.local/lib/python3.7/site-packages/airflow/example_dags/example_trigger_target_dag.py
[2022-09-20 14:31:21,155] {processor.py:654} INFO - DAG(s) dict_keys(['example_trigger_target_dag']) retrieved from /home/airflow/.local/lib/python3.7/site-packages/airflow/example_dags/example_trigger_target_dag.py
[2022-09-20 14:31:21,170] {logging_mixin.py:109} INFO - [2022-09-20 14:31:21,170] {dag.py:2396} INFO - Sync 1 DAGs
[2022-09-20 14:31:21,212] {logging_mixin.py:109} INFO - [2022-09-20 14:31:21,212] {dag.py:2935} INFO - Setting next_dagrun for example_trigger_target_dag to None
[2022-09-20 14:31:21,225] {processor.py:171} INFO - Processing /home/airflow/.local/lib/python3.7/site-packages/airflow/example_dags/example_trigger_target_dag.py took 0.129 seconds
[2022-09-20 14:31:51,381] {processor.py:163} INFO - Started process (PID=349) to work on /home/airflow/.local/lib/python3.7/site-packages/airflow/example_dags/example_trigger_target_dag.py
[2022-09-20 14:31:51,383] {processor.py:642} INFO - Processing file /home/airflow/.local/lib/python3.7/site-packages/airflow/example_dags/example_trigger_target_dag.py for tasks to queue
[2022-09-20 14:31:51,384] {logging_mixin.py:109} INFO - [2022-09-20 14:31:51,384] {dagbag.py:500} INFO - Filling up the DagBag from /home/airflow/.local/lib/python3.7/site-packages/airflow/example_dags/example_trigger_target_dag.py
[2022-09-20 14:31:51,430] {processor.py:654} INFO - DAG(s) dict_keys(['example_trigger_target_dag']) retrieved from /home/airflow/.local/lib/python3.7/site-packages/airflow/example_dags/example_trigger_target_dag.py
[2022-09-20 14:31:51,443] {logging_mixin.py:109} INFO - [2022-09-20 14:31:51,443] {dag.py:2396} INFO - Sync 1 DAGs
[2022-09-20 14:31:51,464] {logging_mixin.py:109} INFO - [2022-09-20 14:31:51,464] {dag.py:2935} INFO - Setting next_dagrun for example_trigger_target_dag to None
[2022-09-20 14:31:51,477] {processor.py:171} INFO - Processing /home/airflow/.local/lib/python3.7/site-packages/airflow/example_dags/example_trigger_target_dag.py took 0.102 seconds
[2022-09-20 14:32:21,996] {processor.py:163} INFO - Started process (PID=399) to work on /home/airflow/.local/lib/python3.7/site-packages/airflow/example_dags/example_trigger_target_dag.py
[2022-09-20 14:32:22,006] {processor.py:642} INFO - Processing file /home/airflow/.local/lib/python3.7/site-packages/airflow/example_dags/example_trigger_target_dag.py for tasks to queue
[2022-09-20 14:32:22,013] {logging_mixin.py:109} INFO - [2022-09-20 14:32:22,013] {dagbag.py:500} INFO - Filling up the DagBag from /home/airflow/.local/lib/python3.7/site-packages/airflow/example_dags/example_trigger_target_dag.py
[2022-09-20 14:32:22,200] {processor.py:654} INFO - DAG(s) dict_keys(['example_trigger_target_dag']) retrieved from /home/airflow/.local/lib/python3.7/site-packages/airflow/example_dags/example_trigger_target_dag.py
[2022-09-20 14:32:22,248] {logging_mixin.py:109} INFO - [2022-09-20 14:32:22,248] {dag.py:2396} INFO - Sync 1 DAGs
[2022-09-20 14:32:22,332] {logging_mixin.py:109} INFO - [2022-09-20 14:32:22,331] {dag.py:2935} INFO - Setting next_dagrun for example_trigger_target_dag to None
[2022-09-20 14:32:22,382] {processor.py:171} INFO - Processing /home/airflow/.local/lib/python3.7/site-packages/airflow/example_dags/example_trigger_target_dag.py took 0.421 seconds
[2022-09-20 14:32:52,525] {processor.py:163} INFO - Started process (PID=450) to work on /home/airflow/.local/lib/python3.7/site-packages/airflow/example_dags/example_trigger_target_dag.py
[2022-09-20 14:32:52,528] {processor.py:642} INFO - Processing file /home/airflow/.local/lib/python3.7/site-packages/airflow/example_dags/example_trigger_target_dag.py for tasks to queue
[2022-09-20 14:32:52,529] {logging_mixin.py:109} INFO - [2022-09-20 14:32:52,529] {dagbag.py:500} INFO - Filling up the DagBag from /home/airflow/.local/lib/python3.7/site-packages/airflow/example_dags/example_trigger_target_dag.py
[2022-09-20 14:32:52,580] {processor.py:654} INFO - DAG(s) dict_keys(['example_trigger_target_dag']) retrieved from /home/airflow/.local/lib/python3.7/site-packages/airflow/example_dags/example_trigger_target_dag.py
[2022-09-20 14:32:52,595] {logging_mixin.py:109} INFO - [2022-09-20 14:32:52,594] {dag.py:2396} INFO - Sync 1 DAGs
[2022-09-20 14:32:52,619] {logging_mixin.py:109} INFO - [2022-09-20 14:32:52,619] {dag.py:2935} INFO - Setting next_dagrun for example_trigger_target_dag to None
[2022-09-20 14:32:52,633] {processor.py:171} INFO - Processing /home/airflow/.local/lib/python3.7/site-packages/airflow/example_dags/example_trigger_target_dag.py took 0.114 seconds
[2022-09-20 14:33:23,153] {processor.py:163} INFO - Started process (PID=510) to work on /home/airflow/.local/lib/python3.7/site-packages/airflow/example_dags/example_trigger_target_dag.py
[2022-09-20 14:33:23,155] {processor.py:642} INFO - Processing file /home/airflow/.local/lib/python3.7/site-packages/airflow/example_dags/example_trigger_target_dag.py for tasks to queue
[2022-09-20 14:33:23,156] {logging_mixin.py:109} INFO - [2022-09-20 14:33:23,156] {dagbag.py:500} INFO - Filling up the DagBag from /home/airflow/.local/lib/python3.7/site-packages/airflow/example_dags/example_trigger_target_dag.py
[2022-09-20 14:33:23,216] {processor.py:654} INFO - DAG(s) dict_keys(['example_trigger_target_dag']) retrieved from /home/airflow/.local/lib/python3.7/site-packages/airflow/example_dags/example_trigger_target_dag.py
[2022-09-20 14:33:23,234] {logging_mixin.py:109} INFO - [2022-09-20 14:33:23,233] {dag.py:2396} INFO - Sync 1 DAGs
[2022-09-20 14:33:23,257] {logging_mixin.py:109} INFO - [2022-09-20 14:33:23,257] {dag.py:2935} INFO - Setting next_dagrun for example_trigger_target_dag to None
[2022-09-20 14:33:23,270] {processor.py:171} INFO - Processing /home/airflow/.local/lib/python3.7/site-packages/airflow/example_dags/example_trigger_target_dag.py took 0.124 seconds
[2022-09-20 14:33:53,788] {processor.py:163} INFO - Started process (PID=561) to work on /home/airflow/.local/lib/python3.7/site-packages/airflow/example_dags/example_trigger_target_dag.py
[2022-09-20 14:33:53,791] {processor.py:642} INFO - Processing file /home/airflow/.local/lib/python3.7/site-packages/airflow/example_dags/example_trigger_target_dag.py for tasks to queue
[2022-09-20 14:33:53,792] {logging_mixin.py:109} INFO - [2022-09-20 14:33:53,792] {dagbag.py:500} INFO - Filling up the DagBag from /home/airflow/.local/lib/python3.7/site-packages/airflow/example_dags/example_trigger_target_dag.py
[2022-09-20 14:33:53,838] {processor.py:654} INFO - DAG(s) dict_keys(['example_trigger_target_dag']) retrieved from /home/airflow/.local/lib/python3.7/site-packages/airflow/example_dags/example_trigger_target_dag.py
[2022-09-20 14:33:53,852] {logging_mixin.py:109} INFO - [2022-09-20 14:33:53,852] {dag.py:2396} INFO - Sync 1 DAGs
[2022-09-20 14:33:53,876] {logging_mixin.py:109} INFO - [2022-09-20 14:33:53,876] {dag.py:2935} INFO - Setting next_dagrun for example_trigger_target_dag to None
[2022-09-20 14:33:53,889] {processor.py:171} INFO - Processing /home/airflow/.local/lib/python3.7/site-packages/airflow/example_dags/example_trigger_target_dag.py took 0.107 seconds
