[2022-09-20 14:30:05,980] {processor.py:163} INFO - Started process (PID=79) to work on /home/airflow/.local/lib/python3.7/site-packages/airflow/example_dags/example_branch_datetime_operator.py
[2022-09-20 14:30:05,982] {processor.py:642} INFO - Processing file /home/airflow/.local/lib/python3.7/site-packages/airflow/example_dags/example_branch_datetime_operator.py for tasks to queue
[2022-09-20 14:30:05,983] {logging_mixin.py:109} INFO - [2022-09-20 14:30:05,983] {dagbag.py:500} INFO - Filling up the DagBag from /home/airflow/.local/lib/python3.7/site-packages/airflow/example_dags/example_branch_datetime_operator.py
[2022-09-20 14:30:06,064] {processor.py:654} INFO - DAG(s) dict_keys(['example_branch_datetime_operator_2']) retrieved from /home/airflow/.local/lib/python3.7/site-packages/airflow/example_dags/example_branch_datetime_operator.py
[2022-09-20 14:30:11,618] {logging_mixin.py:109} INFO - [2022-09-20 14:30:11,617] {manager.py:496} INFO - Created Permission View: can edit on DAG:example_branch_datetime_operator_2
[2022-09-20 14:30:11,636] {logging_mixin.py:109} INFO - [2022-09-20 14:30:11,636] {manager.py:496} INFO - Created Permission View: can read on DAG:example_branch_datetime_operator_2
[2022-09-20 14:30:11,637] {logging_mixin.py:109} INFO - [2022-09-20 14:30:11,636] {dag.py:2396} INFO - Sync 1 DAGs
[2022-09-20 14:30:11,656] {logging_mixin.py:109} INFO - [2022-09-20 14:30:11,655] {dag.py:2415} INFO - Creating ORM DAG for example_branch_datetime_operator_2
[2022-09-20 14:30:11,696] {logging_mixin.py:109} INFO - [2022-09-20 14:30:11,696] {dag.py:2935} INFO - Setting next_dagrun for example_branch_datetime_operator_2 to 2022-09-19 00:00:00+00:00
[2022-09-20 14:30:11,739] {processor.py:171} INFO - Processing /home/airflow/.local/lib/python3.7/site-packages/airflow/example_dags/example_branch_datetime_operator.py took 5.771 seconds
[2022-09-20 14:30:43,552] {processor.py:163} INFO - Started process (PID=234) to work on /home/airflow/.local/lib/python3.7/site-packages/airflow/example_dags/example_branch_datetime_operator.py
[2022-09-20 14:30:43,555] {processor.py:642} INFO - Processing file /home/airflow/.local/lib/python3.7/site-packages/airflow/example_dags/example_branch_datetime_operator.py for tasks to queue
[2022-09-20 14:30:43,556] {logging_mixin.py:109} INFO - [2022-09-20 14:30:43,556] {dagbag.py:500} INFO - Filling up the DagBag from /home/airflow/.local/lib/python3.7/site-packages/airflow/example_dags/example_branch_datetime_operator.py
[2022-09-20 14:30:43,600] {processor.py:654} INFO - DAG(s) dict_keys(['example_branch_datetime_operator_2']) retrieved from /home/airflow/.local/lib/python3.7/site-packages/airflow/example_dags/example_branch_datetime_operator.py
[2022-09-20 14:30:43,613] {logging_mixin.py:109} INFO - [2022-09-20 14:30:43,613] {dag.py:2396} INFO - Sync 1 DAGs
[2022-09-20 14:30:43,637] {logging_mixin.py:109} INFO - [2022-09-20 14:30:43,637] {dag.py:2935} INFO - Setting next_dagrun for example_branch_datetime_operator_2 to 2022-09-19 00:00:00+00:00
[2022-09-20 14:30:43,650] {processor.py:171} INFO - Processing /home/airflow/.local/lib/python3.7/site-packages/airflow/example_dags/example_branch_datetime_operator.py took 0.104 seconds
[2022-09-20 14:31:13,775] {processor.py:163} INFO - Started process (PID=283) to work on /home/airflow/.local/lib/python3.7/site-packages/airflow/example_dags/example_branch_datetime_operator.py
[2022-09-20 14:31:13,776] {processor.py:642} INFO - Processing file /home/airflow/.local/lib/python3.7/site-packages/airflow/example_dags/example_branch_datetime_operator.py for tasks to queue
[2022-09-20 14:31:13,777] {logging_mixin.py:109} INFO - [2022-09-20 14:31:13,777] {dagbag.py:500} INFO - Filling up the DagBag from /home/airflow/.local/lib/python3.7/site-packages/airflow/example_dags/example_branch_datetime_operator.py
[2022-09-20 14:31:13,818] {processor.py:654} INFO - DAG(s) dict_keys(['example_branch_datetime_operator_2']) retrieved from /home/airflow/.local/lib/python3.7/site-packages/airflow/example_dags/example_branch_datetime_operator.py
[2022-09-20 14:31:13,830] {logging_mixin.py:109} INFO - [2022-09-20 14:31:13,830] {dag.py:2396} INFO - Sync 1 DAGs
[2022-09-20 14:31:13,852] {logging_mixin.py:109} INFO - [2022-09-20 14:31:13,852] {dag.py:2935} INFO - Setting next_dagrun for example_branch_datetime_operator_2 to 2022-09-19 00:00:00+00:00
[2022-09-20 14:31:13,868] {processor.py:171} INFO - Processing /home/airflow/.local/lib/python3.7/site-packages/airflow/example_dags/example_branch_datetime_operator.py took 0.099 seconds
[2022-09-20 14:31:44,109] {processor.py:163} INFO - Started process (PID=333) to work on /home/airflow/.local/lib/python3.7/site-packages/airflow/example_dags/example_branch_datetime_operator.py
[2022-09-20 14:31:44,112] {processor.py:642} INFO - Processing file /home/airflow/.local/lib/python3.7/site-packages/airflow/example_dags/example_branch_datetime_operator.py for tasks to queue
[2022-09-20 14:31:44,113] {logging_mixin.py:109} INFO - [2022-09-20 14:31:44,113] {dagbag.py:500} INFO - Filling up the DagBag from /home/airflow/.local/lib/python3.7/site-packages/airflow/example_dags/example_branch_datetime_operator.py
[2022-09-20 14:31:44,153] {processor.py:654} INFO - DAG(s) dict_keys(['example_branch_datetime_operator_2']) retrieved from /home/airflow/.local/lib/python3.7/site-packages/airflow/example_dags/example_branch_datetime_operator.py
[2022-09-20 14:31:44,166] {logging_mixin.py:109} INFO - [2022-09-20 14:31:44,166] {dag.py:2396} INFO - Sync 1 DAGs
[2022-09-20 14:31:44,198] {logging_mixin.py:109} INFO - [2022-09-20 14:31:44,198] {dag.py:2935} INFO - Setting next_dagrun for example_branch_datetime_operator_2 to 2022-09-19 00:00:00+00:00
[2022-09-20 14:31:44,214] {processor.py:171} INFO - Processing /home/airflow/.local/lib/python3.7/site-packages/airflow/example_dags/example_branch_datetime_operator.py took 0.111 seconds
[2022-09-20 14:32:15,601] {processor.py:163} INFO - Started process (PID=391) to work on /home/airflow/.local/lib/python3.7/site-packages/airflow/example_dags/example_branch_datetime_operator.py
[2022-09-20 14:32:15,613] {processor.py:642} INFO - Processing file /home/airflow/.local/lib/python3.7/site-packages/airflow/example_dags/example_branch_datetime_operator.py for tasks to queue
[2022-09-20 14:32:15,614] {logging_mixin.py:109} INFO - [2022-09-20 14:32:15,614] {dagbag.py:500} INFO - Filling up the DagBag from /home/airflow/.local/lib/python3.7/site-packages/airflow/example_dags/example_branch_datetime_operator.py
[2022-09-20 14:32:15,768] {processor.py:654} INFO - DAG(s) dict_keys(['example_branch_datetime_operator_2']) retrieved from /home/airflow/.local/lib/python3.7/site-packages/airflow/example_dags/example_branch_datetime_operator.py
[2022-09-20 14:32:15,797] {logging_mixin.py:109} INFO - [2022-09-20 14:32:15,796] {dag.py:2396} INFO - Sync 1 DAGs
[2022-09-20 14:32:15,855] {logging_mixin.py:109} INFO - [2022-09-20 14:32:15,855] {dag.py:2935} INFO - Setting next_dagrun for example_branch_datetime_operator_2 to 2022-09-19 00:00:00+00:00
[2022-09-20 14:32:15,882] {processor.py:171} INFO - Processing /home/airflow/.local/lib/python3.7/site-packages/airflow/example_dags/example_branch_datetime_operator.py took 0.299 seconds
[2022-09-20 14:32:46,033] {processor.py:163} INFO - Started process (PID=442) to work on /home/airflow/.local/lib/python3.7/site-packages/airflow/example_dags/example_branch_datetime_operator.py
[2022-09-20 14:32:46,039] {processor.py:642} INFO - Processing file /home/airflow/.local/lib/python3.7/site-packages/airflow/example_dags/example_branch_datetime_operator.py for tasks to queue
[2022-09-20 14:32:46,042] {logging_mixin.py:109} INFO - [2022-09-20 14:32:46,041] {dagbag.py:500} INFO - Filling up the DagBag from /home/airflow/.local/lib/python3.7/site-packages/airflow/example_dags/example_branch_datetime_operator.py
[2022-09-20 14:32:46,180] {processor.py:654} INFO - DAG(s) dict_keys(['example_branch_datetime_operator_2']) retrieved from /home/airflow/.local/lib/python3.7/site-packages/airflow/example_dags/example_branch_datetime_operator.py
[2022-09-20 14:32:46,220] {logging_mixin.py:109} INFO - [2022-09-20 14:32:46,220] {dag.py:2396} INFO - Sync 1 DAGs
[2022-09-20 14:32:46,323] {logging_mixin.py:109} INFO - [2022-09-20 14:32:46,323] {dag.py:2935} INFO - Setting next_dagrun for example_branch_datetime_operator_2 to 2022-09-19 00:00:00+00:00
[2022-09-20 14:32:46,361] {processor.py:171} INFO - Processing /home/airflow/.local/lib/python3.7/site-packages/airflow/example_dags/example_branch_datetime_operator.py took 0.342 seconds
[2022-09-20 14:33:16,992] {processor.py:163} INFO - Started process (PID=491) to work on /home/airflow/.local/lib/python3.7/site-packages/airflow/example_dags/example_branch_datetime_operator.py
[2022-09-20 14:33:16,994] {processor.py:642} INFO - Processing file /home/airflow/.local/lib/python3.7/site-packages/airflow/example_dags/example_branch_datetime_operator.py for tasks to queue
[2022-09-20 14:33:16,995] {logging_mixin.py:109} INFO - [2022-09-20 14:33:16,995] {dagbag.py:500} INFO - Filling up the DagBag from /home/airflow/.local/lib/python3.7/site-packages/airflow/example_dags/example_branch_datetime_operator.py
[2022-09-20 14:33:17,039] {processor.py:654} INFO - DAG(s) dict_keys(['example_branch_datetime_operator_2']) retrieved from /home/airflow/.local/lib/python3.7/site-packages/airflow/example_dags/example_branch_datetime_operator.py
[2022-09-20 14:33:17,054] {logging_mixin.py:109} INFO - [2022-09-20 14:33:17,054] {dag.py:2396} INFO - Sync 1 DAGs
[2022-09-20 14:33:17,085] {logging_mixin.py:109} INFO - [2022-09-20 14:33:17,085] {dag.py:2935} INFO - Setting next_dagrun for example_branch_datetime_operator_2 to 2022-09-19 00:00:00+00:00
[2022-09-20 14:33:17,099] {processor.py:171} INFO - Processing /home/airflow/.local/lib/python3.7/site-packages/airflow/example_dags/example_branch_datetime_operator.py took 0.114 seconds
[2022-09-20 14:33:47,333] {processor.py:163} INFO - Started process (PID=552) to work on /home/airflow/.local/lib/python3.7/site-packages/airflow/example_dags/example_branch_datetime_operator.py
[2022-09-20 14:33:47,335] {processor.py:642} INFO - Processing file /home/airflow/.local/lib/python3.7/site-packages/airflow/example_dags/example_branch_datetime_operator.py for tasks to queue
[2022-09-20 14:33:47,336] {logging_mixin.py:109} INFO - [2022-09-20 14:33:47,336] {dagbag.py:500} INFO - Filling up the DagBag from /home/airflow/.local/lib/python3.7/site-packages/airflow/example_dags/example_branch_datetime_operator.py
[2022-09-20 14:33:47,402] {processor.py:654} INFO - DAG(s) dict_keys(['example_branch_datetime_operator_2']) retrieved from /home/airflow/.local/lib/python3.7/site-packages/airflow/example_dags/example_branch_datetime_operator.py
[2022-09-20 14:33:47,421] {logging_mixin.py:109} INFO - [2022-09-20 14:33:47,421] {dag.py:2396} INFO - Sync 1 DAGs
[2022-09-20 14:33:47,456] {logging_mixin.py:109} INFO - [2022-09-20 14:33:47,456] {dag.py:2935} INFO - Setting next_dagrun for example_branch_datetime_operator_2 to 2022-09-19 00:00:00+00:00
[2022-09-20 14:33:47,473] {processor.py:171} INFO - Processing /home/airflow/.local/lib/python3.7/site-packages/airflow/example_dags/example_branch_datetime_operator.py took 0.147 seconds
