[2022-09-20 14:30:15,041] {processor.py:163} INFO - Started process (PID=108) to work on /home/airflow/.local/lib/python3.7/site-packages/airflow/example_dags/example_xcomargs.py
[2022-09-20 14:30:15,043] {processor.py:642} INFO - Processing file /home/airflow/.local/lib/python3.7/site-packages/airflow/example_dags/example_xcomargs.py for tasks to queue
[2022-09-20 14:30:15,044] {logging_mixin.py:109} INFO - [2022-09-20 14:30:15,043] {dagbag.py:500} INFO - Filling up the DagBag from /home/airflow/.local/lib/python3.7/site-packages/airflow/example_dags/example_xcomargs.py
[2022-09-20 14:30:15,093] {processor.py:654} INFO - DAG(s) dict_keys(['example_xcom_args', 'example_xcom_args_with_operators']) retrieved from /home/airflow/.local/lib/python3.7/site-packages/airflow/example_dags/example_xcomargs.py
[2022-09-20 14:30:17,371] {logging_mixin.py:109} INFO - [2022-09-20 14:30:17,371] {manager.py:496} INFO - Created Permission View: can edit on DAG:example_xcom_args
[2022-09-20 14:30:17,382] {logging_mixin.py:109} INFO - [2022-09-20 14:30:17,381] {manager.py:496} INFO - Created Permission View: can read on DAG:example_xcom_args
[2022-09-20 14:30:17,402] {logging_mixin.py:109} INFO - [2022-09-20 14:30:17,402] {manager.py:496} INFO - Created Permission View: can edit on DAG:example_xcom_args_with_operators
[2022-09-20 14:30:17,411] {logging_mixin.py:109} INFO - [2022-09-20 14:30:17,411] {manager.py:496} INFO - Created Permission View: can read on DAG:example_xcom_args_with_operators
[2022-09-20 14:30:17,412] {logging_mixin.py:109} INFO - [2022-09-20 14:30:17,412] {dag.py:2396} INFO - Sync 2 DAGs
[2022-09-20 14:30:17,420] {logging_mixin.py:109} INFO - [2022-09-20 14:30:17,420] {dag.py:2415} INFO - Creating ORM DAG for example_xcom_args
[2022-09-20 14:30:17,421] {logging_mixin.py:109} INFO - [2022-09-20 14:30:17,421] {dag.py:2415} INFO - Creating ORM DAG for example_xcom_args_with_operators
[2022-09-20 14:30:17,430] {logging_mixin.py:109} INFO - [2022-09-20 14:30:17,429] {dag.py:2935} INFO - Setting next_dagrun for example_xcom_args to None
[2022-09-20 14:30:17,430] {logging_mixin.py:109} INFO - [2022-09-20 14:30:17,430] {dag.py:2935} INFO - Setting next_dagrun for example_xcom_args_with_operators to None
[2022-09-20 14:30:17,445] {processor.py:171} INFO - Processing /home/airflow/.local/lib/python3.7/site-packages/airflow/example_dags/example_xcomargs.py took 2.409 seconds
[2022-09-20 14:30:48,110] {processor.py:163} INFO - Started process (PID=238) to work on /home/airflow/.local/lib/python3.7/site-packages/airflow/example_dags/example_xcomargs.py
[2022-09-20 14:30:48,118] {processor.py:642} INFO - Processing file /home/airflow/.local/lib/python3.7/site-packages/airflow/example_dags/example_xcomargs.py for tasks to queue
[2022-09-20 14:30:48,119] {logging_mixin.py:109} INFO - [2022-09-20 14:30:48,118] {dagbag.py:500} INFO - Filling up the DagBag from /home/airflow/.local/lib/python3.7/site-packages/airflow/example_dags/example_xcomargs.py
[2022-09-20 14:30:48,164] {processor.py:654} INFO - DAG(s) dict_keys(['example_xcom_args', 'example_xcom_args_with_operators']) retrieved from /home/airflow/.local/lib/python3.7/site-packages/airflow/example_dags/example_xcomargs.py
[2022-09-20 14:30:48,584] {logging_mixin.py:109} INFO - [2022-09-20 14:30:48,584] {dag.py:2396} INFO - Sync 2 DAGs
[2022-09-20 14:30:48,601] {logging_mixin.py:109} INFO - [2022-09-20 14:30:48,601] {dag.py:2935} INFO - Setting next_dagrun for example_xcom_args to None
[2022-09-20 14:30:48,601] {logging_mixin.py:109} INFO - [2022-09-20 14:30:48,601] {dag.py:2935} INFO - Setting next_dagrun for example_xcom_args_with_operators to None
[2022-09-20 14:30:48,615] {processor.py:171} INFO - Processing /home/airflow/.local/lib/python3.7/site-packages/airflow/example_dags/example_xcomargs.py took 0.510 seconds
[2022-09-20 14:31:18,959] {processor.py:163} INFO - Started process (PID=288) to work on /home/airflow/.local/lib/python3.7/site-packages/airflow/example_dags/example_xcomargs.py
[2022-09-20 14:31:18,961] {processor.py:642} INFO - Processing file /home/airflow/.local/lib/python3.7/site-packages/airflow/example_dags/example_xcomargs.py for tasks to queue
[2022-09-20 14:31:18,961] {logging_mixin.py:109} INFO - [2022-09-20 14:31:18,961] {dagbag.py:500} INFO - Filling up the DagBag from /home/airflow/.local/lib/python3.7/site-packages/airflow/example_dags/example_xcomargs.py
[2022-09-20 14:31:19,012] {processor.py:654} INFO - DAG(s) dict_keys(['example_xcom_args', 'example_xcom_args_with_operators']) retrieved from /home/airflow/.local/lib/python3.7/site-packages/airflow/example_dags/example_xcomargs.py
[2022-09-20 14:31:19,473] {logging_mixin.py:109} INFO - [2022-09-20 14:31:19,473] {dag.py:2396} INFO - Sync 2 DAGs
[2022-09-20 14:31:19,498] {logging_mixin.py:109} INFO - [2022-09-20 14:31:19,498] {dag.py:2935} INFO - Setting next_dagrun for example_xcom_args to None
[2022-09-20 14:31:19,499] {logging_mixin.py:109} INFO - [2022-09-20 14:31:19,499] {dag.py:2935} INFO - Setting next_dagrun for example_xcom_args_with_operators to None
[2022-09-20 14:31:19,515] {processor.py:171} INFO - Processing /home/airflow/.local/lib/python3.7/site-packages/airflow/example_dags/example_xcomargs.py took 0.561 seconds
[2022-09-20 14:31:50,220] {processor.py:163} INFO - Started process (PID=348) to work on /home/airflow/.local/lib/python3.7/site-packages/airflow/example_dags/example_xcomargs.py
[2022-09-20 14:31:50,222] {processor.py:642} INFO - Processing file /home/airflow/.local/lib/python3.7/site-packages/airflow/example_dags/example_xcomargs.py for tasks to queue
[2022-09-20 14:31:50,224] {logging_mixin.py:109} INFO - [2022-09-20 14:31:50,223] {dagbag.py:500} INFO - Filling up the DagBag from /home/airflow/.local/lib/python3.7/site-packages/airflow/example_dags/example_xcomargs.py
[2022-09-20 14:31:50,281] {processor.py:654} INFO - DAG(s) dict_keys(['example_xcom_args', 'example_xcom_args_with_operators']) retrieved from /home/airflow/.local/lib/python3.7/site-packages/airflow/example_dags/example_xcomargs.py
[2022-09-20 14:31:50,695] {logging_mixin.py:109} INFO - [2022-09-20 14:31:50,695] {dag.py:2396} INFO - Sync 2 DAGs
[2022-09-20 14:31:50,711] {logging_mixin.py:109} INFO - [2022-09-20 14:31:50,711] {dag.py:2935} INFO - Setting next_dagrun for example_xcom_args to None
[2022-09-20 14:31:50,711] {logging_mixin.py:109} INFO - [2022-09-20 14:31:50,711] {dag.py:2935} INFO - Setting next_dagrun for example_xcom_args_with_operators to None
[2022-09-20 14:31:50,723] {processor.py:171} INFO - Processing /home/airflow/.local/lib/python3.7/site-packages/airflow/example_dags/example_xcomargs.py took 0.510 seconds
[2022-09-20 14:32:20,862] {processor.py:163} INFO - Started process (PID=398) to work on /home/airflow/.local/lib/python3.7/site-packages/airflow/example_dags/example_xcomargs.py
[2022-09-20 14:32:20,868] {processor.py:642} INFO - Processing file /home/airflow/.local/lib/python3.7/site-packages/airflow/example_dags/example_xcomargs.py for tasks to queue
[2022-09-20 14:32:20,871] {logging_mixin.py:109} INFO - [2022-09-20 14:32:20,871] {dagbag.py:500} INFO - Filling up the DagBag from /home/airflow/.local/lib/python3.7/site-packages/airflow/example_dags/example_xcomargs.py
[2022-09-20 14:32:21,015] {processor.py:654} INFO - DAG(s) dict_keys(['example_xcom_args', 'example_xcom_args_with_operators']) retrieved from /home/airflow/.local/lib/python3.7/site-packages/airflow/example_dags/example_xcomargs.py
[2022-09-20 14:32:22,514] {logging_mixin.py:109} INFO - [2022-09-20 14:32:22,513] {dag.py:2396} INFO - Sync 2 DAGs
[2022-09-20 14:32:22,562] {logging_mixin.py:109} INFO - [2022-09-20 14:32:22,562] {dag.py:2935} INFO - Setting next_dagrun for example_xcom_args to None
[2022-09-20 14:32:22,562] {logging_mixin.py:109} INFO - [2022-09-20 14:32:22,562] {dag.py:2935} INFO - Setting next_dagrun for example_xcom_args_with_operators to None
[2022-09-20 14:32:22,597] {processor.py:171} INFO - Processing /home/airflow/.local/lib/python3.7/site-packages/airflow/example_dags/example_xcomargs.py took 1.746 seconds
[2022-09-20 14:32:52,657] {processor.py:163} INFO - Started process (PID=451) to work on /home/airflow/.local/lib/python3.7/site-packages/airflow/example_dags/example_xcomargs.py
[2022-09-20 14:32:52,659] {processor.py:642} INFO - Processing file /home/airflow/.local/lib/python3.7/site-packages/airflow/example_dags/example_xcomargs.py for tasks to queue
[2022-09-20 14:32:52,660] {logging_mixin.py:109} INFO - [2022-09-20 14:32:52,660] {dagbag.py:500} INFO - Filling up the DagBag from /home/airflow/.local/lib/python3.7/site-packages/airflow/example_dags/example_xcomargs.py
[2022-09-20 14:32:52,712] {processor.py:654} INFO - DAG(s) dict_keys(['example_xcom_args', 'example_xcom_args_with_operators']) retrieved from /home/airflow/.local/lib/python3.7/site-packages/airflow/example_dags/example_xcomargs.py
[2022-09-20 14:32:53,198] {logging_mixin.py:109} INFO - [2022-09-20 14:32:53,198] {dag.py:2396} INFO - Sync 2 DAGs
[2022-09-20 14:32:53,220] {logging_mixin.py:109} INFO - [2022-09-20 14:32:53,220] {dag.py:2935} INFO - Setting next_dagrun for example_xcom_args to None
[2022-09-20 14:32:53,221] {logging_mixin.py:109} INFO - [2022-09-20 14:32:53,221] {dag.py:2935} INFO - Setting next_dagrun for example_xcom_args_with_operators to None
[2022-09-20 14:32:53,238] {processor.py:171} INFO - Processing /home/airflow/.local/lib/python3.7/site-packages/airflow/example_dags/example_xcomargs.py took 0.587 seconds
[2022-09-20 14:33:23,302] {processor.py:163} INFO - Started process (PID=511) to work on /home/airflow/.local/lib/python3.7/site-packages/airflow/example_dags/example_xcomargs.py
[2022-09-20 14:33:23,304] {processor.py:642} INFO - Processing file /home/airflow/.local/lib/python3.7/site-packages/airflow/example_dags/example_xcomargs.py for tasks to queue
[2022-09-20 14:33:23,305] {logging_mixin.py:109} INFO - [2022-09-20 14:33:23,305] {dagbag.py:500} INFO - Filling up the DagBag from /home/airflow/.local/lib/python3.7/site-packages/airflow/example_dags/example_xcomargs.py
[2022-09-20 14:33:23,354] {processor.py:654} INFO - DAG(s) dict_keys(['example_xcom_args', 'example_xcom_args_with_operators']) retrieved from /home/airflow/.local/lib/python3.7/site-packages/airflow/example_dags/example_xcomargs.py
[2022-09-20 14:33:23,813] {logging_mixin.py:109} INFO - [2022-09-20 14:33:23,812] {dag.py:2396} INFO - Sync 2 DAGs
[2022-09-20 14:33:23,833] {logging_mixin.py:109} INFO - [2022-09-20 14:33:23,833] {dag.py:2935} INFO - Setting next_dagrun for example_xcom_args to None
[2022-09-20 14:33:23,833] {logging_mixin.py:109} INFO - [2022-09-20 14:33:23,833] {dag.py:2935} INFO - Setting next_dagrun for example_xcom_args_with_operators to None
[2022-09-20 14:33:23,848] {processor.py:171} INFO - Processing /home/airflow/.local/lib/python3.7/site-packages/airflow/example_dags/example_xcomargs.py took 0.553 seconds
[2022-09-20 14:33:53,921] {processor.py:163} INFO - Started process (PID=562) to work on /home/airflow/.local/lib/python3.7/site-packages/airflow/example_dags/example_xcomargs.py
[2022-09-20 14:33:53,923] {processor.py:642} INFO - Processing file /home/airflow/.local/lib/python3.7/site-packages/airflow/example_dags/example_xcomargs.py for tasks to queue
[2022-09-20 14:33:53,924] {logging_mixin.py:109} INFO - [2022-09-20 14:33:53,924] {dagbag.py:500} INFO - Filling up the DagBag from /home/airflow/.local/lib/python3.7/site-packages/airflow/example_dags/example_xcomargs.py
[2022-09-20 14:33:53,975] {processor.py:654} INFO - DAG(s) dict_keys(['example_xcom_args', 'example_xcom_args_with_operators']) retrieved from /home/airflow/.local/lib/python3.7/site-packages/airflow/example_dags/example_xcomargs.py
[2022-09-20 14:33:54,412] {logging_mixin.py:109} INFO - [2022-09-20 14:33:54,412] {dag.py:2396} INFO - Sync 2 DAGs
[2022-09-20 14:33:54,430] {logging_mixin.py:109} INFO - [2022-09-20 14:33:54,430] {dag.py:2935} INFO - Setting next_dagrun for example_xcom_args to None
[2022-09-20 14:33:54,431] {logging_mixin.py:109} INFO - [2022-09-20 14:33:54,431] {dag.py:2935} INFO - Setting next_dagrun for example_xcom_args_with_operators to None
[2022-09-20 14:33:54,446] {processor.py:171} INFO - Processing /home/airflow/.local/lib/python3.7/site-packages/airflow/example_dags/example_xcomargs.py took 0.532 seconds
