[2022-09-20 14:30:28,773] {processor.py:163} INFO - Started process (PID=166) to work on /home/airflow/.local/lib/python3.7/site-packages/airflow/example_dags/example_branch_labels.py
[2022-09-20 14:30:28,775] {processor.py:642} INFO - Processing file /home/airflow/.local/lib/python3.7/site-packages/airflow/example_dags/example_branch_labels.py for tasks to queue
[2022-09-20 14:30:28,776] {logging_mixin.py:109} INFO - [2022-09-20 14:30:28,776] {dagbag.py:500} INFO - Filling up the DagBag from /home/airflow/.local/lib/python3.7/site-packages/airflow/example_dags/example_branch_labels.py
[2022-09-20 14:30:28,824] {processor.py:654} INFO - DAG(s) dict_keys(['example_branch_labels']) retrieved from /home/airflow/.local/lib/python3.7/site-packages/airflow/example_dags/example_branch_labels.py
[2022-09-20 14:30:31,129] {logging_mixin.py:109} INFO - [2022-09-20 14:30:31,129] {manager.py:496} INFO - Created Permission View: can edit on DAG:example_branch_labels
[2022-09-20 14:30:31,144] {logging_mixin.py:109} INFO - [2022-09-20 14:30:31,144] {manager.py:496} INFO - Created Permission View: can read on DAG:example_branch_labels
[2022-09-20 14:30:31,145] {logging_mixin.py:109} INFO - [2022-09-20 14:30:31,145] {dag.py:2396} INFO - Sync 1 DAGs
[2022-09-20 14:30:31,158] {logging_mixin.py:109} INFO - [2022-09-20 14:30:31,157] {dag.py:2415} INFO - Creating ORM DAG for example_branch_labels
[2022-09-20 14:30:31,171] {logging_mixin.py:109} INFO - [2022-09-20 14:30:31,171] {dag.py:2935} INFO - Setting next_dagrun for example_branch_labels to 2022-09-19 00:00:00+00:00
[2022-09-20 14:30:31,183] {processor.py:171} INFO - Processing /home/airflow/.local/lib/python3.7/site-packages/airflow/example_dags/example_branch_labels.py took 2.416 seconds
[2022-09-20 14:31:02,100] {processor.py:163} INFO - Started process (PID=257) to work on /home/airflow/.local/lib/python3.7/site-packages/airflow/example_dags/example_branch_labels.py
[2022-09-20 14:31:02,102] {processor.py:642} INFO - Processing file /home/airflow/.local/lib/python3.7/site-packages/airflow/example_dags/example_branch_labels.py for tasks to queue
[2022-09-20 14:31:02,103] {logging_mixin.py:109} INFO - [2022-09-20 14:31:02,103] {dagbag.py:500} INFO - Filling up the DagBag from /home/airflow/.local/lib/python3.7/site-packages/airflow/example_dags/example_branch_labels.py
[2022-09-20 14:31:02,140] {processor.py:654} INFO - DAG(s) dict_keys(['example_branch_labels']) retrieved from /home/airflow/.local/lib/python3.7/site-packages/airflow/example_dags/example_branch_labels.py
[2022-09-20 14:31:02,152] {logging_mixin.py:109} INFO - [2022-09-20 14:31:02,152] {dag.py:2396} INFO - Sync 1 DAGs
[2022-09-20 14:31:02,173] {logging_mixin.py:109} INFO - [2022-09-20 14:31:02,173] {dag.py:2935} INFO - Setting next_dagrun for example_branch_labels to 2022-09-19 00:00:00+00:00
[2022-09-20 14:31:02,184] {processor.py:171} INFO - Processing /home/airflow/.local/lib/python3.7/site-packages/airflow/example_dags/example_branch_labels.py took 0.090 seconds
[2022-09-20 14:31:32,458] {processor.py:163} INFO - Started process (PID=316) to work on /home/airflow/.local/lib/python3.7/site-packages/airflow/example_dags/example_branch_labels.py
[2022-09-20 14:31:32,459] {processor.py:642} INFO - Processing file /home/airflow/.local/lib/python3.7/site-packages/airflow/example_dags/example_branch_labels.py for tasks to queue
[2022-09-20 14:31:32,460] {logging_mixin.py:109} INFO - [2022-09-20 14:31:32,460] {dagbag.py:500} INFO - Filling up the DagBag from /home/airflow/.local/lib/python3.7/site-packages/airflow/example_dags/example_branch_labels.py
[2022-09-20 14:31:32,495] {processor.py:654} INFO - DAG(s) dict_keys(['example_branch_labels']) retrieved from /home/airflow/.local/lib/python3.7/site-packages/airflow/example_dags/example_branch_labels.py
[2022-09-20 14:31:32,507] {logging_mixin.py:109} INFO - [2022-09-20 14:31:32,507] {dag.py:2396} INFO - Sync 1 DAGs
[2022-09-20 14:31:32,527] {logging_mixin.py:109} INFO - [2022-09-20 14:31:32,527] {dag.py:2935} INFO - Setting next_dagrun for example_branch_labels to 2022-09-19 00:00:00+00:00
[2022-09-20 14:31:32,537] {processor.py:171} INFO - Processing /home/airflow/.local/lib/python3.7/site-packages/airflow/example_dags/example_branch_labels.py took 0.084 seconds
[2022-09-20 14:32:02,686] {processor.py:163} INFO - Started process (PID=366) to work on /home/airflow/.local/lib/python3.7/site-packages/airflow/example_dags/example_branch_labels.py
[2022-09-20 14:32:02,692] {processor.py:642} INFO - Processing file /home/airflow/.local/lib/python3.7/site-packages/airflow/example_dags/example_branch_labels.py for tasks to queue
[2022-09-20 14:32:02,693] {logging_mixin.py:109} INFO - [2022-09-20 14:32:02,692] {dagbag.py:500} INFO - Filling up the DagBag from /home/airflow/.local/lib/python3.7/site-packages/airflow/example_dags/example_branch_labels.py
[2022-09-20 14:32:02,740] {processor.py:654} INFO - DAG(s) dict_keys(['example_branch_labels']) retrieved from /home/airflow/.local/lib/python3.7/site-packages/airflow/example_dags/example_branch_labels.py
[2022-09-20 14:32:02,760] {logging_mixin.py:109} INFO - [2022-09-20 14:32:02,759] {dag.py:2396} INFO - Sync 1 DAGs
[2022-09-20 14:32:02,794] {logging_mixin.py:109} INFO - [2022-09-20 14:32:02,794] {dag.py:2935} INFO - Setting next_dagrun for example_branch_labels to 2022-09-19 00:00:00+00:00
[2022-09-20 14:32:02,809] {processor.py:171} INFO - Processing /home/airflow/.local/lib/python3.7/site-packages/airflow/example_dags/example_branch_labels.py took 0.129 seconds
[2022-09-20 14:32:32,931] {processor.py:163} INFO - Started process (PID=417) to work on /home/airflow/.local/lib/python3.7/site-packages/airflow/example_dags/example_branch_labels.py
[2022-09-20 14:32:32,938] {processor.py:642} INFO - Processing file /home/airflow/.local/lib/python3.7/site-packages/airflow/example_dags/example_branch_labels.py for tasks to queue
[2022-09-20 14:32:32,942] {logging_mixin.py:109} INFO - [2022-09-20 14:32:32,941] {dagbag.py:500} INFO - Filling up the DagBag from /home/airflow/.local/lib/python3.7/site-packages/airflow/example_dags/example_branch_labels.py
[2022-09-20 14:32:33,051] {processor.py:654} INFO - DAG(s) dict_keys(['example_branch_labels']) retrieved from /home/airflow/.local/lib/python3.7/site-packages/airflow/example_dags/example_branch_labels.py
[2022-09-20 14:32:33,111] {logging_mixin.py:109} INFO - [2022-09-20 14:32:33,111] {dag.py:2396} INFO - Sync 1 DAGs
[2022-09-20 14:32:33,175] {logging_mixin.py:109} INFO - [2022-09-20 14:32:33,175] {dag.py:2935} INFO - Setting next_dagrun for example_branch_labels to 2022-09-19 00:00:00+00:00
[2022-09-20 14:32:33,201] {processor.py:171} INFO - Processing /home/airflow/.local/lib/python3.7/site-packages/airflow/example_dags/example_branch_labels.py took 0.285 seconds
[2022-09-20 14:33:03,740] {processor.py:163} INFO - Started process (PID=469) to work on /home/airflow/.local/lib/python3.7/site-packages/airflow/example_dags/example_branch_labels.py
[2022-09-20 14:33:03,743] {processor.py:642} INFO - Processing file /home/airflow/.local/lib/python3.7/site-packages/airflow/example_dags/example_branch_labels.py for tasks to queue
[2022-09-20 14:33:03,745] {logging_mixin.py:109} INFO - [2022-09-20 14:33:03,745] {dagbag.py:500} INFO - Filling up the DagBag from /home/airflow/.local/lib/python3.7/site-packages/airflow/example_dags/example_branch_labels.py
[2022-09-20 14:33:03,799] {processor.py:654} INFO - DAG(s) dict_keys(['example_branch_labels']) retrieved from /home/airflow/.local/lib/python3.7/site-packages/airflow/example_dags/example_branch_labels.py
[2022-09-20 14:33:03,820] {logging_mixin.py:109} INFO - [2022-09-20 14:33:03,820] {dag.py:2396} INFO - Sync 1 DAGs
[2022-09-20 14:33:03,865] {logging_mixin.py:109} INFO - [2022-09-20 14:33:03,865] {dag.py:2935} INFO - Setting next_dagrun for example_branch_labels to 2022-09-19 00:00:00+00:00
[2022-09-20 14:33:03,886] {processor.py:171} INFO - Processing /home/airflow/.local/lib/python3.7/site-packages/airflow/example_dags/example_branch_labels.py took 0.153 seconds
[2022-09-20 14:33:34,151] {processor.py:163} INFO - Started process (PID=527) to work on /home/airflow/.local/lib/python3.7/site-packages/airflow/example_dags/example_branch_labels.py
[2022-09-20 14:33:34,154] {processor.py:642} INFO - Processing file /home/airflow/.local/lib/python3.7/site-packages/airflow/example_dags/example_branch_labels.py for tasks to queue
[2022-09-20 14:33:34,155] {logging_mixin.py:109} INFO - [2022-09-20 14:33:34,155] {dagbag.py:500} INFO - Filling up the DagBag from /home/airflow/.local/lib/python3.7/site-packages/airflow/example_dags/example_branch_labels.py
[2022-09-20 14:33:34,212] {processor.py:654} INFO - DAG(s) dict_keys(['example_branch_labels']) retrieved from /home/airflow/.local/lib/python3.7/site-packages/airflow/example_dags/example_branch_labels.py
[2022-09-20 14:33:34,231] {logging_mixin.py:109} INFO - [2022-09-20 14:33:34,231] {dag.py:2396} INFO - Sync 1 DAGs
[2022-09-20 14:33:34,266] {logging_mixin.py:109} INFO - [2022-09-20 14:33:34,266] {dag.py:2935} INFO - Setting next_dagrun for example_branch_labels to 2022-09-19 00:00:00+00:00
[2022-09-20 14:33:34,293] {processor.py:171} INFO - Processing /home/airflow/.local/lib/python3.7/site-packages/airflow/example_dags/example_branch_labels.py took 0.148 seconds
[2022-09-20 14:34:04,763] {processor.py:163} INFO - Started process (PID=578) to work on /home/airflow/.local/lib/python3.7/site-packages/airflow/example_dags/example_branch_labels.py
[2022-09-20 14:34:04,765] {processor.py:642} INFO - Processing file /home/airflow/.local/lib/python3.7/site-packages/airflow/example_dags/example_branch_labels.py for tasks to queue
[2022-09-20 14:34:04,766] {logging_mixin.py:109} INFO - [2022-09-20 14:34:04,766] {dagbag.py:500} INFO - Filling up the DagBag from /home/airflow/.local/lib/python3.7/site-packages/airflow/example_dags/example_branch_labels.py
[2022-09-20 14:34:04,801] {processor.py:654} INFO - DAG(s) dict_keys(['example_branch_labels']) retrieved from /home/airflow/.local/lib/python3.7/site-packages/airflow/example_dags/example_branch_labels.py
[2022-09-20 14:34:04,814] {logging_mixin.py:109} INFO - [2022-09-20 14:34:04,814] {dag.py:2396} INFO - Sync 1 DAGs
[2022-09-20 14:34:04,837] {logging_mixin.py:109} INFO - [2022-09-20 14:34:04,837] {dag.py:2935} INFO - Setting next_dagrun for example_branch_labels to 2022-09-19 00:00:00+00:00
[2022-09-20 14:34:04,848] {processor.py:171} INFO - Processing /home/airflow/.local/lib/python3.7/site-packages/airflow/example_dags/example_branch_labels.py took 0.090 seconds
