[2022-09-20 14:30:02,155] {processor.py:163} INFO - Started process (PID=70) to work on /home/airflow/.local/lib/python3.7/site-packages/airflow/example_dags/example_branch_day_of_week_operator.py
[2022-09-20 14:30:02,157] {processor.py:642} INFO - Processing file /home/airflow/.local/lib/python3.7/site-packages/airflow/example_dags/example_branch_day_of_week_operator.py for tasks to queue
[2022-09-20 14:30:02,158] {logging_mixin.py:109} INFO - [2022-09-20 14:30:02,158] {dagbag.py:500} INFO - Filling up the DagBag from /home/airflow/.local/lib/python3.7/site-packages/airflow/example_dags/example_branch_day_of_week_operator.py
[2022-09-20 14:30:02,226] {processor.py:654} INFO - DAG(s) dict_keys(['example_weekday_branch_operator']) retrieved from /home/airflow/.local/lib/python3.7/site-packages/airflow/example_dags/example_branch_day_of_week_operator.py
[2022-09-20 14:30:07,135] {logging_mixin.py:109} INFO - [2022-09-20 14:30:07,134] {manager.py:496} INFO - Created Permission View: can edit on DAG:example_weekday_branch_operator
[2022-09-20 14:30:07,163] {logging_mixin.py:109} INFO - [2022-09-20 14:30:07,163] {manager.py:496} INFO - Created Permission View: can read on DAG:example_weekday_branch_operator
[2022-09-20 14:30:07,169] {logging_mixin.py:109} INFO - [2022-09-20 14:30:07,163] {dag.py:2396} INFO - Sync 1 DAGs
[2022-09-20 14:30:07,202] {logging_mixin.py:109} INFO - [2022-09-20 14:30:07,196] {dag.py:2415} INFO - Creating ORM DAG for example_weekday_branch_operator
[2022-09-20 14:30:07,235] {logging_mixin.py:109} INFO - [2022-09-20 14:30:07,234] {dag.py:2935} INFO - Setting next_dagrun for example_weekday_branch_operator to 2022-09-19 00:00:00+00:00
[2022-09-20 14:30:07,264] {processor.py:171} INFO - Processing /home/airflow/.local/lib/python3.7/site-packages/airflow/example_dags/example_branch_day_of_week_operator.py took 5.117 seconds
[2022-09-20 14:30:43,420] {processor.py:163} INFO - Started process (PID=232) to work on /home/airflow/.local/lib/python3.7/site-packages/airflow/example_dags/example_branch_day_of_week_operator.py
[2022-09-20 14:30:43,423] {processor.py:642} INFO - Processing file /home/airflow/.local/lib/python3.7/site-packages/airflow/example_dags/example_branch_day_of_week_operator.py for tasks to queue
[2022-09-20 14:30:43,424] {logging_mixin.py:109} INFO - [2022-09-20 14:30:43,424] {dagbag.py:500} INFO - Filling up the DagBag from /home/airflow/.local/lib/python3.7/site-packages/airflow/example_dags/example_branch_day_of_week_operator.py
[2022-09-20 14:30:43,466] {processor.py:654} INFO - DAG(s) dict_keys(['example_weekday_branch_operator']) retrieved from /home/airflow/.local/lib/python3.7/site-packages/airflow/example_dags/example_branch_day_of_week_operator.py
[2022-09-20 14:30:43,481] {logging_mixin.py:109} INFO - [2022-09-20 14:30:43,481] {dag.py:2396} INFO - Sync 1 DAGs
[2022-09-20 14:30:43,510] {logging_mixin.py:109} INFO - [2022-09-20 14:30:43,510] {dag.py:2935} INFO - Setting next_dagrun for example_weekday_branch_operator to 2022-09-19 00:00:00+00:00
[2022-09-20 14:30:43,523] {processor.py:171} INFO - Processing /home/airflow/.local/lib/python3.7/site-packages/airflow/example_dags/example_branch_day_of_week_operator.py took 0.108 seconds
[2022-09-20 14:31:13,746] {processor.py:163} INFO - Started process (PID=282) to work on /home/airflow/.local/lib/python3.7/site-packages/airflow/example_dags/example_branch_day_of_week_operator.py
[2022-09-20 14:31:13,748] {processor.py:642} INFO - Processing file /home/airflow/.local/lib/python3.7/site-packages/airflow/example_dags/example_branch_day_of_week_operator.py for tasks to queue
[2022-09-20 14:31:13,749] {logging_mixin.py:109} INFO - [2022-09-20 14:31:13,749] {dagbag.py:500} INFO - Filling up the DagBag from /home/airflow/.local/lib/python3.7/site-packages/airflow/example_dags/example_branch_day_of_week_operator.py
[2022-09-20 14:31:13,794] {processor.py:654} INFO - DAG(s) dict_keys(['example_weekday_branch_operator']) retrieved from /home/airflow/.local/lib/python3.7/site-packages/airflow/example_dags/example_branch_day_of_week_operator.py
[2022-09-20 14:31:13,809] {logging_mixin.py:109} INFO - [2022-09-20 14:31:13,809] {dag.py:2396} INFO - Sync 1 DAGs
[2022-09-20 14:31:13,833] {logging_mixin.py:109} INFO - [2022-09-20 14:31:13,832] {dag.py:2935} INFO - Setting next_dagrun for example_weekday_branch_operator to 2022-09-19 00:00:00+00:00
[2022-09-20 14:31:13,845] {processor.py:171} INFO - Processing /home/airflow/.local/lib/python3.7/site-packages/airflow/example_dags/example_branch_day_of_week_operator.py took 0.105 seconds
[2022-09-20 14:31:43,961] {processor.py:163} INFO - Started process (PID=332) to work on /home/airflow/.local/lib/python3.7/site-packages/airflow/example_dags/example_branch_day_of_week_operator.py
[2022-09-20 14:31:43,964] {processor.py:642} INFO - Processing file /home/airflow/.local/lib/python3.7/site-packages/airflow/example_dags/example_branch_day_of_week_operator.py for tasks to queue
[2022-09-20 14:31:43,965] {logging_mixin.py:109} INFO - [2022-09-20 14:31:43,964] {dagbag.py:500} INFO - Filling up the DagBag from /home/airflow/.local/lib/python3.7/site-packages/airflow/example_dags/example_branch_day_of_week_operator.py
[2022-09-20 14:31:44,012] {processor.py:654} INFO - DAG(s) dict_keys(['example_weekday_branch_operator']) retrieved from /home/airflow/.local/lib/python3.7/site-packages/airflow/example_dags/example_branch_day_of_week_operator.py
[2022-09-20 14:31:44,033] {logging_mixin.py:109} INFO - [2022-09-20 14:31:44,033] {dag.py:2396} INFO - Sync 1 DAGs
[2022-09-20 14:31:44,062] {logging_mixin.py:109} INFO - [2022-09-20 14:31:44,062] {dag.py:2935} INFO - Setting next_dagrun for example_weekday_branch_operator to 2022-09-19 00:00:00+00:00
[2022-09-20 14:31:44,077] {processor.py:171} INFO - Processing /home/airflow/.local/lib/python3.7/site-packages/airflow/example_dags/example_branch_day_of_week_operator.py took 0.123 seconds
[2022-09-20 14:32:15,024] {processor.py:163} INFO - Started process (PID=388) to work on /home/airflow/.local/lib/python3.7/site-packages/airflow/example_dags/example_branch_day_of_week_operator.py
[2022-09-20 14:32:15,034] {processor.py:642} INFO - Processing file /home/airflow/.local/lib/python3.7/site-packages/airflow/example_dags/example_branch_day_of_week_operator.py for tasks to queue
[2022-09-20 14:32:15,038] {logging_mixin.py:109} INFO - [2022-09-20 14:32:15,038] {dagbag.py:500} INFO - Filling up the DagBag from /home/airflow/.local/lib/python3.7/site-packages/airflow/example_dags/example_branch_day_of_week_operator.py
[2022-09-20 14:32:15,289] {processor.py:654} INFO - DAG(s) dict_keys(['example_weekday_branch_operator']) retrieved from /home/airflow/.local/lib/python3.7/site-packages/airflow/example_dags/example_branch_day_of_week_operator.py
[2022-09-20 14:32:15,335] {logging_mixin.py:109} INFO - [2022-09-20 14:32:15,335] {dag.py:2396} INFO - Sync 1 DAGs
[2022-09-20 14:32:15,416] {logging_mixin.py:109} INFO - [2022-09-20 14:32:15,416] {dag.py:2935} INFO - Setting next_dagrun for example_weekday_branch_operator to 2022-09-19 00:00:00+00:00
[2022-09-20 14:32:15,467] {processor.py:171} INFO - Processing /home/airflow/.local/lib/python3.7/site-packages/airflow/example_dags/example_branch_day_of_week_operator.py took 0.477 seconds
[2022-09-20 14:32:45,991] {processor.py:163} INFO - Started process (PID=441) to work on /home/airflow/.local/lib/python3.7/site-packages/airflow/example_dags/example_branch_day_of_week_operator.py
[2022-09-20 14:32:45,997] {processor.py:642} INFO - Processing file /home/airflow/.local/lib/python3.7/site-packages/airflow/example_dags/example_branch_day_of_week_operator.py for tasks to queue
[2022-09-20 14:32:46,000] {logging_mixin.py:109} INFO - [2022-09-20 14:32:46,000] {dagbag.py:500} INFO - Filling up the DagBag from /home/airflow/.local/lib/python3.7/site-packages/airflow/example_dags/example_branch_day_of_week_operator.py
[2022-09-20 14:32:46,081] {processor.py:654} INFO - DAG(s) dict_keys(['example_weekday_branch_operator']) retrieved from /home/airflow/.local/lib/python3.7/site-packages/airflow/example_dags/example_branch_day_of_week_operator.py
[2022-09-20 14:32:46,149] {logging_mixin.py:109} INFO - [2022-09-20 14:32:46,149] {dag.py:2396} INFO - Sync 1 DAGs
[2022-09-20 14:32:46,197] {logging_mixin.py:109} INFO - [2022-09-20 14:32:46,197] {dag.py:2935} INFO - Setting next_dagrun for example_weekday_branch_operator to 2022-09-19 00:00:00+00:00
[2022-09-20 14:32:46,219] {processor.py:171} INFO - Processing /home/airflow/.local/lib/python3.7/site-packages/airflow/example_dags/example_branch_day_of_week_operator.py took 0.242 seconds
[2022-09-20 14:33:16,848] {processor.py:163} INFO - Started process (PID=490) to work on /home/airflow/.local/lib/python3.7/site-packages/airflow/example_dags/example_branch_day_of_week_operator.py
[2022-09-20 14:33:16,851] {processor.py:642} INFO - Processing file /home/airflow/.local/lib/python3.7/site-packages/airflow/example_dags/example_branch_day_of_week_operator.py for tasks to queue
[2022-09-20 14:33:16,853] {logging_mixin.py:109} INFO - [2022-09-20 14:33:16,852] {dagbag.py:500} INFO - Filling up the DagBag from /home/airflow/.local/lib/python3.7/site-packages/airflow/example_dags/example_branch_day_of_week_operator.py
[2022-09-20 14:33:16,907] {processor.py:654} INFO - DAG(s) dict_keys(['example_weekday_branch_operator']) retrieved from /home/airflow/.local/lib/python3.7/site-packages/airflow/example_dags/example_branch_day_of_week_operator.py
[2022-09-20 14:33:16,923] {logging_mixin.py:109} INFO - [2022-09-20 14:33:16,923] {dag.py:2396} INFO - Sync 1 DAGs
[2022-09-20 14:33:16,953] {logging_mixin.py:109} INFO - [2022-09-20 14:33:16,953] {dag.py:2935} INFO - Setting next_dagrun for example_weekday_branch_operator to 2022-09-19 00:00:00+00:00
[2022-09-20 14:33:16,968] {processor.py:171} INFO - Processing /home/airflow/.local/lib/python3.7/site-packages/airflow/example_dags/example_branch_day_of_week_operator.py took 0.128 seconds
[2022-09-20 14:33:47,184] {processor.py:163} INFO - Started process (PID=551) to work on /home/airflow/.local/lib/python3.7/site-packages/airflow/example_dags/example_branch_day_of_week_operator.py
[2022-09-20 14:33:47,187] {processor.py:642} INFO - Processing file /home/airflow/.local/lib/python3.7/site-packages/airflow/example_dags/example_branch_day_of_week_operator.py for tasks to queue
[2022-09-20 14:33:47,188] {logging_mixin.py:109} INFO - [2022-09-20 14:33:47,188] {dagbag.py:500} INFO - Filling up the DagBag from /home/airflow/.local/lib/python3.7/site-packages/airflow/example_dags/example_branch_day_of_week_operator.py
[2022-09-20 14:33:47,244] {processor.py:654} INFO - DAG(s) dict_keys(['example_weekday_branch_operator']) retrieved from /home/airflow/.local/lib/python3.7/site-packages/airflow/example_dags/example_branch_day_of_week_operator.py
[2022-09-20 14:33:47,267] {logging_mixin.py:109} INFO - [2022-09-20 14:33:47,267] {dag.py:2396} INFO - Sync 1 DAGs
[2022-09-20 14:33:47,305] {logging_mixin.py:109} INFO - [2022-09-20 14:33:47,305] {dag.py:2935} INFO - Setting next_dagrun for example_weekday_branch_operator to 2022-09-19 00:00:00+00:00
[2022-09-20 14:33:47,324] {processor.py:171} INFO - Processing /home/airflow/.local/lib/python3.7/site-packages/airflow/example_dags/example_branch_day_of_week_operator.py took 0.147 seconds
