[2022-09-20 14:30:32,962] {processor.py:163} INFO - Started process (PID=182) to work on /home/airflow/.local/lib/python3.7/site-packages/airflow/example_dags/example_latest_only_with_trigger.py
[2022-09-20 14:30:32,964] {processor.py:642} INFO - Processing file /home/airflow/.local/lib/python3.7/site-packages/airflow/example_dags/example_latest_only_with_trigger.py for tasks to queue
[2022-09-20 14:30:32,965] {logging_mixin.py:109} INFO - [2022-09-20 14:30:32,965] {dagbag.py:500} INFO - Filling up the DagBag from /home/airflow/.local/lib/python3.7/site-packages/airflow/example_dags/example_latest_only_with_trigger.py
[2022-09-20 14:30:33,012] {processor.py:654} INFO - DAG(s) dict_keys(['latest_only_with_trigger']) retrieved from /home/airflow/.local/lib/python3.7/site-packages/airflow/example_dags/example_latest_only_with_trigger.py
[2022-09-20 14:30:35,530] {logging_mixin.py:109} INFO - [2022-09-20 14:30:35,530] {manager.py:496} INFO - Created Permission View: can edit on DAG:latest_only_with_trigger
[2022-09-20 14:30:35,542] {logging_mixin.py:109} INFO - [2022-09-20 14:30:35,542] {manager.py:496} INFO - Created Permission View: can read on DAG:latest_only_with_trigger
[2022-09-20 14:30:35,544] {logging_mixin.py:109} INFO - [2022-09-20 14:30:35,543] {dag.py:2396} INFO - Sync 1 DAGs
[2022-09-20 14:30:35,556] {logging_mixin.py:109} INFO - [2022-09-20 14:30:35,556] {dag.py:2415} INFO - Creating ORM DAG for latest_only_with_trigger
[2022-09-20 14:30:35,571] {logging_mixin.py:109} INFO - [2022-09-20 14:30:35,571] {dag.py:2935} INFO - Setting next_dagrun for latest_only_with_trigger to 2022-09-20T10:30:35.570774+00:00
[2022-09-20 14:30:35,592] {processor.py:171} INFO - Processing /home/airflow/.local/lib/python3.7/site-packages/airflow/example_dags/example_latest_only_with_trigger.py took 2.636 seconds
[2022-09-20 14:31:05,768] {processor.py:163} INFO - Started process (PID=260) to work on /home/airflow/.local/lib/python3.7/site-packages/airflow/example_dags/example_latest_only_with_trigger.py
[2022-09-20 14:31:05,770] {processor.py:642} INFO - Processing file /home/airflow/.local/lib/python3.7/site-packages/airflow/example_dags/example_latest_only_with_trigger.py for tasks to queue
[2022-09-20 14:31:05,771] {logging_mixin.py:109} INFO - [2022-09-20 14:31:05,770] {dagbag.py:500} INFO - Filling up the DagBag from /home/airflow/.local/lib/python3.7/site-packages/airflow/example_dags/example_latest_only_with_trigger.py
[2022-09-20 14:31:05,831] {processor.py:654} INFO - DAG(s) dict_keys(['latest_only_with_trigger']) retrieved from /home/airflow/.local/lib/python3.7/site-packages/airflow/example_dags/example_latest_only_with_trigger.py
[2022-09-20 14:31:05,849] {logging_mixin.py:109} INFO - [2022-09-20 14:31:05,849] {dag.py:2396} INFO - Sync 1 DAGs
[2022-09-20 14:31:05,874] {logging_mixin.py:109} INFO - [2022-09-20 14:31:05,874] {dag.py:2935} INFO - Setting next_dagrun for latest_only_with_trigger to 2022-09-20T10:31:05.874095+00:00
[2022-09-20 14:31:05,888] {processor.py:171} INFO - Processing /home/airflow/.local/lib/python3.7/site-packages/airflow/example_dags/example_latest_only_with_trigger.py took 0.125 seconds
[2022-09-20 14:31:36,263] {processor.py:163} INFO - Started process (PID=319) to work on /home/airflow/.local/lib/python3.7/site-packages/airflow/example_dags/example_latest_only_with_trigger.py
[2022-09-20 14:31:36,265] {processor.py:642} INFO - Processing file /home/airflow/.local/lib/python3.7/site-packages/airflow/example_dags/example_latest_only_with_trigger.py for tasks to queue
[2022-09-20 14:31:36,266] {logging_mixin.py:109} INFO - [2022-09-20 14:31:36,266] {dagbag.py:500} INFO - Filling up the DagBag from /home/airflow/.local/lib/python3.7/site-packages/airflow/example_dags/example_latest_only_with_trigger.py
[2022-09-20 14:31:36,309] {processor.py:654} INFO - DAG(s) dict_keys(['latest_only_with_trigger']) retrieved from /home/airflow/.local/lib/python3.7/site-packages/airflow/example_dags/example_latest_only_with_trigger.py
[2022-09-20 14:31:36,325] {logging_mixin.py:109} INFO - [2022-09-20 14:31:36,325] {dag.py:2396} INFO - Sync 1 DAGs
[2022-09-20 14:31:36,351] {logging_mixin.py:109} INFO - [2022-09-20 14:31:36,351] {dag.py:2935} INFO - Setting next_dagrun for latest_only_with_trigger to 2022-09-20T10:31:36.350775+00:00
[2022-09-20 14:31:36,367] {processor.py:171} INFO - Processing /home/airflow/.local/lib/python3.7/site-packages/airflow/example_dags/example_latest_only_with_trigger.py took 0.110 seconds
[2022-09-20 14:32:06,854] {processor.py:163} INFO - Started process (PID=369) to work on /home/airflow/.local/lib/python3.7/site-packages/airflow/example_dags/example_latest_only_with_trigger.py
[2022-09-20 14:32:06,856] {processor.py:642} INFO - Processing file /home/airflow/.local/lib/python3.7/site-packages/airflow/example_dags/example_latest_only_with_trigger.py for tasks to queue
[2022-09-20 14:32:06,857] {logging_mixin.py:109} INFO - [2022-09-20 14:32:06,857] {dagbag.py:500} INFO - Filling up the DagBag from /home/airflow/.local/lib/python3.7/site-packages/airflow/example_dags/example_latest_only_with_trigger.py
[2022-09-20 14:32:06,896] {processor.py:654} INFO - DAG(s) dict_keys(['latest_only_with_trigger']) retrieved from /home/airflow/.local/lib/python3.7/site-packages/airflow/example_dags/example_latest_only_with_trigger.py
[2022-09-20 14:32:06,910] {logging_mixin.py:109} INFO - [2022-09-20 14:32:06,910] {dag.py:2396} INFO - Sync 1 DAGs
[2022-09-20 14:32:06,936] {logging_mixin.py:109} INFO - [2022-09-20 14:32:06,936] {dag.py:2935} INFO - Setting next_dagrun for latest_only_with_trigger to 2022-09-20T10:32:06.935591+00:00
[2022-09-20 14:32:06,950] {processor.py:171} INFO - Processing /home/airflow/.local/lib/python3.7/site-packages/airflow/example_dags/example_latest_only_with_trigger.py took 0.102 seconds
[2022-09-20 14:32:37,304] {processor.py:163} INFO - Started process (PID=419) to work on /home/airflow/.local/lib/python3.7/site-packages/airflow/example_dags/example_latest_only_with_trigger.py
[2022-09-20 14:32:37,316] {processor.py:642} INFO - Processing file /home/airflow/.local/lib/python3.7/site-packages/airflow/example_dags/example_latest_only_with_trigger.py for tasks to queue
[2022-09-20 14:32:37,318] {logging_mixin.py:109} INFO - [2022-09-20 14:32:37,318] {dagbag.py:500} INFO - Filling up the DagBag from /home/airflow/.local/lib/python3.7/site-packages/airflow/example_dags/example_latest_only_with_trigger.py
[2022-09-20 14:32:37,546] {processor.py:654} INFO - DAG(s) dict_keys(['latest_only_with_trigger']) retrieved from /home/airflow/.local/lib/python3.7/site-packages/airflow/example_dags/example_latest_only_with_trigger.py
[2022-09-20 14:32:37,575] {logging_mixin.py:109} INFO - [2022-09-20 14:32:37,575] {dag.py:2396} INFO - Sync 1 DAGs
[2022-09-20 14:32:37,619] {logging_mixin.py:109} INFO - [2022-09-20 14:32:37,619] {dag.py:2935} INFO - Setting next_dagrun for latest_only_with_trigger to 2022-09-20T10:32:37.618490+00:00
[2022-09-20 14:32:37,643] {processor.py:171} INFO - Processing /home/airflow/.local/lib/python3.7/site-packages/airflow/example_dags/example_latest_only_with_trigger.py took 0.362 seconds
[2022-09-20 14:33:07,938] {processor.py:163} INFO - Started process (PID=471) to work on /home/airflow/.local/lib/python3.7/site-packages/airflow/example_dags/example_latest_only_with_trigger.py
[2022-09-20 14:33:07,941] {processor.py:642} INFO - Processing file /home/airflow/.local/lib/python3.7/site-packages/airflow/example_dags/example_latest_only_with_trigger.py for tasks to queue
[2022-09-20 14:33:07,943] {logging_mixin.py:109} INFO - [2022-09-20 14:33:07,942] {dagbag.py:500} INFO - Filling up the DagBag from /home/airflow/.local/lib/python3.7/site-packages/airflow/example_dags/example_latest_only_with_trigger.py
[2022-09-20 14:33:07,988] {processor.py:654} INFO - DAG(s) dict_keys(['latest_only_with_trigger']) retrieved from /home/airflow/.local/lib/python3.7/site-packages/airflow/example_dags/example_latest_only_with_trigger.py
[2022-09-20 14:33:08,003] {logging_mixin.py:109} INFO - [2022-09-20 14:33:08,003] {dag.py:2396} INFO - Sync 1 DAGs
[2022-09-20 14:33:08,024] {logging_mixin.py:109} INFO - [2022-09-20 14:33:08,024] {dag.py:2935} INFO - Setting next_dagrun for latest_only_with_trigger to 2022-09-20T10:33:08.024163+00:00
[2022-09-20 14:33:08,036] {processor.py:171} INFO - Processing /home/airflow/.local/lib/python3.7/site-packages/airflow/example_dags/example_latest_only_with_trigger.py took 0.105 seconds
[2022-09-20 14:33:38,342] {processor.py:163} INFO - Started process (PID=531) to work on /home/airflow/.local/lib/python3.7/site-packages/airflow/example_dags/example_latest_only_with_trigger.py
[2022-09-20 14:33:38,344] {processor.py:642} INFO - Processing file /home/airflow/.local/lib/python3.7/site-packages/airflow/example_dags/example_latest_only_with_trigger.py for tasks to queue
[2022-09-20 14:33:38,345] {logging_mixin.py:109} INFO - [2022-09-20 14:33:38,345] {dagbag.py:500} INFO - Filling up the DagBag from /home/airflow/.local/lib/python3.7/site-packages/airflow/example_dags/example_latest_only_with_trigger.py
[2022-09-20 14:33:38,383] {processor.py:654} INFO - DAG(s) dict_keys(['latest_only_with_trigger']) retrieved from /home/airflow/.local/lib/python3.7/site-packages/airflow/example_dags/example_latest_only_with_trigger.py
[2022-09-20 14:33:38,396] {logging_mixin.py:109} INFO - [2022-09-20 14:33:38,396] {dag.py:2396} INFO - Sync 1 DAGs
[2022-09-20 14:33:38,418] {logging_mixin.py:109} INFO - [2022-09-20 14:33:38,418] {dag.py:2935} INFO - Setting next_dagrun for latest_only_with_trigger to 2022-09-20T10:33:38.417704+00:00
[2022-09-20 14:33:38,429] {processor.py:171} INFO - Processing /home/airflow/.local/lib/python3.7/site-packages/airflow/example_dags/example_latest_only_with_trigger.py took 0.093 seconds
[2022-09-20 14:34:08,998] {processor.py:163} INFO - Started process (PID=581) to work on /home/airflow/.local/lib/python3.7/site-packages/airflow/example_dags/example_latest_only_with_trigger.py
[2022-09-20 14:34:09,001] {processor.py:642} INFO - Processing file /home/airflow/.local/lib/python3.7/site-packages/airflow/example_dags/example_latest_only_with_trigger.py for tasks to queue
[2022-09-20 14:34:09,002] {logging_mixin.py:109} INFO - [2022-09-20 14:34:09,002] {dagbag.py:500} INFO - Filling up the DagBag from /home/airflow/.local/lib/python3.7/site-packages/airflow/example_dags/example_latest_only_with_trigger.py
[2022-09-20 14:34:09,050] {processor.py:654} INFO - DAG(s) dict_keys(['latest_only_with_trigger']) retrieved from /home/airflow/.local/lib/python3.7/site-packages/airflow/example_dags/example_latest_only_with_trigger.py
[2022-09-20 14:34:09,063] {logging_mixin.py:109} INFO - [2022-09-20 14:34:09,063] {dag.py:2396} INFO - Sync 1 DAGs
[2022-09-20 14:34:09,083] {logging_mixin.py:109} INFO - [2022-09-20 14:34:09,083] {dag.py:2935} INFO - Setting next_dagrun for latest_only_with_trigger to 2022-09-20T10:34:09.083304+00:00
[2022-09-20 14:34:09,098] {processor.py:171} INFO - Processing /home/airflow/.local/lib/python3.7/site-packages/airflow/example_dags/example_latest_only_with_trigger.py took 0.108 seconds
