[2022-09-20 14:29:57,978] {processor.py:163} INFO - Started process (PID=59) to work on /home/airflow/.local/lib/python3.7/site-packages/airflow/example_dags/example_task_group.py
[2022-09-20 14:29:57,980] {processor.py:642} INFO - Processing file /home/airflow/.local/lib/python3.7/site-packages/airflow/example_dags/example_task_group.py for tasks to queue
[2022-09-20 14:29:57,981] {logging_mixin.py:109} INFO - [2022-09-20 14:29:57,981] {dagbag.py:500} INFO - Filling up the DagBag from /home/airflow/.local/lib/python3.7/site-packages/airflow/example_dags/example_task_group.py
[2022-09-20 14:29:58,068] {processor.py:654} INFO - DAG(s) dict_keys(['example_task_group']) retrieved from /home/airflow/.local/lib/python3.7/site-packages/airflow/example_dags/example_task_group.py
[2022-09-20 14:30:01,905] {logging_mixin.py:109} INFO - [2022-09-20 14:30:01,905] {manager.py:496} INFO - Created Permission View: can edit on DAG:example_task_group
[2022-09-20 14:30:01,924] {logging_mixin.py:109} INFO - [2022-09-20 14:30:01,924] {manager.py:496} INFO - Created Permission View: can read on DAG:example_task_group
[2022-09-20 14:30:01,925] {logging_mixin.py:109} INFO - [2022-09-20 14:30:01,924] {dag.py:2396} INFO - Sync 1 DAGs
[2022-09-20 14:30:01,941] {logging_mixin.py:109} INFO - [2022-09-20 14:30:01,940] {dag.py:2415} INFO - Creating ORM DAG for example_task_group
[2022-09-20 14:30:01,967] {logging_mixin.py:109} INFO - [2022-09-20 14:30:01,967] {dag.py:2935} INFO - Setting next_dagrun for example_task_group to 2022-09-19T14:30:01.967239+00:00
[2022-09-20 14:30:01,999] {processor.py:171} INFO - Processing /home/airflow/.local/lib/python3.7/site-packages/airflow/example_dags/example_task_group.py took 4.036 seconds
[2022-09-20 14:30:42,970] {processor.py:163} INFO - Started process (PID=229) to work on /home/airflow/.local/lib/python3.7/site-packages/airflow/example_dags/example_task_group.py
[2022-09-20 14:30:42,973] {processor.py:642} INFO - Processing file /home/airflow/.local/lib/python3.7/site-packages/airflow/example_dags/example_task_group.py for tasks to queue
[2022-09-20 14:30:42,974] {logging_mixin.py:109} INFO - [2022-09-20 14:30:42,974] {dagbag.py:500} INFO - Filling up the DagBag from /home/airflow/.local/lib/python3.7/site-packages/airflow/example_dags/example_task_group.py
[2022-09-20 14:30:43,023] {processor.py:654} INFO - DAG(s) dict_keys(['example_task_group']) retrieved from /home/airflow/.local/lib/python3.7/site-packages/airflow/example_dags/example_task_group.py
[2022-09-20 14:30:43,043] {logging_mixin.py:109} INFO - [2022-09-20 14:30:43,042] {dag.py:2396} INFO - Sync 1 DAGs
[2022-09-20 14:30:43,074] {logging_mixin.py:109} INFO - [2022-09-20 14:30:43,074] {dag.py:2935} INFO - Setting next_dagrun for example_task_group to 2022-09-19T14:30:43.073942+00:00
[2022-09-20 14:30:43,091] {processor.py:171} INFO - Processing /home/airflow/.local/lib/python3.7/site-packages/airflow/example_dags/example_task_group.py took 0.127 seconds
[2022-09-20 14:31:13,365] {processor.py:163} INFO - Started process (PID=279) to work on /home/airflow/.local/lib/python3.7/site-packages/airflow/example_dags/example_task_group.py
[2022-09-20 14:31:13,367] {processor.py:642} INFO - Processing file /home/airflow/.local/lib/python3.7/site-packages/airflow/example_dags/example_task_group.py for tasks to queue
[2022-09-20 14:31:13,368] {logging_mixin.py:109} INFO - [2022-09-20 14:31:13,368] {dagbag.py:500} INFO - Filling up the DagBag from /home/airflow/.local/lib/python3.7/site-packages/airflow/example_dags/example_task_group.py
[2022-09-20 14:31:13,409] {processor.py:654} INFO - DAG(s) dict_keys(['example_task_group']) retrieved from /home/airflow/.local/lib/python3.7/site-packages/airflow/example_dags/example_task_group.py
[2022-09-20 14:31:13,424] {logging_mixin.py:109} INFO - [2022-09-20 14:31:13,423] {dag.py:2396} INFO - Sync 1 DAGs
[2022-09-20 14:31:13,445] {logging_mixin.py:109} INFO - [2022-09-20 14:31:13,445] {dag.py:2935} INFO - Setting next_dagrun for example_task_group to 2022-09-19T14:31:13.445342+00:00
[2022-09-20 14:31:13,458] {processor.py:171} INFO - Processing /home/airflow/.local/lib/python3.7/site-packages/airflow/example_dags/example_task_group.py took 0.098 seconds
[2022-09-20 14:31:43,669] {processor.py:163} INFO - Started process (PID=328) to work on /home/airflow/.local/lib/python3.7/site-packages/airflow/example_dags/example_task_group.py
[2022-09-20 14:31:43,671] {processor.py:642} INFO - Processing file /home/airflow/.local/lib/python3.7/site-packages/airflow/example_dags/example_task_group.py for tasks to queue
[2022-09-20 14:31:43,672] {logging_mixin.py:109} INFO - [2022-09-20 14:31:43,672] {dagbag.py:500} INFO - Filling up the DagBag from /home/airflow/.local/lib/python3.7/site-packages/airflow/example_dags/example_task_group.py
[2022-09-20 14:31:43,713] {processor.py:654} INFO - DAG(s) dict_keys(['example_task_group']) retrieved from /home/airflow/.local/lib/python3.7/site-packages/airflow/example_dags/example_task_group.py
[2022-09-20 14:31:43,730] {logging_mixin.py:109} INFO - [2022-09-20 14:31:43,730] {dag.py:2396} INFO - Sync 1 DAGs
[2022-09-20 14:31:43,755] {logging_mixin.py:109} INFO - [2022-09-20 14:31:43,755] {dag.py:2935} INFO - Setting next_dagrun for example_task_group to 2022-09-19T14:31:43.755338+00:00
[2022-09-20 14:31:43,766] {processor.py:171} INFO - Processing /home/airflow/.local/lib/python3.7/site-packages/airflow/example_dags/example_task_group.py took 0.103 seconds
[2022-09-20 14:32:14,343] {processor.py:163} INFO - Started process (PID=385) to work on /home/airflow/.local/lib/python3.7/site-packages/airflow/example_dags/example_task_group.py
[2022-09-20 14:32:14,347] {processor.py:642} INFO - Processing file /home/airflow/.local/lib/python3.7/site-packages/airflow/example_dags/example_task_group.py for tasks to queue
[2022-09-20 14:32:14,348] {logging_mixin.py:109} INFO - [2022-09-20 14:32:14,348] {dagbag.py:500} INFO - Filling up the DagBag from /home/airflow/.local/lib/python3.7/site-packages/airflow/example_dags/example_task_group.py
[2022-09-20 14:32:14,405] {processor.py:654} INFO - DAG(s) dict_keys(['example_task_group']) retrieved from /home/airflow/.local/lib/python3.7/site-packages/airflow/example_dags/example_task_group.py
[2022-09-20 14:32:14,427] {logging_mixin.py:109} INFO - [2022-09-20 14:32:14,427] {dag.py:2396} INFO - Sync 1 DAGs
[2022-09-20 14:32:14,453] {logging_mixin.py:109} INFO - [2022-09-20 14:32:14,453] {dag.py:2935} INFO - Setting next_dagrun for example_task_group to 2022-09-19T14:32:14.452554+00:00
[2022-09-20 14:32:14,467] {processor.py:171} INFO - Processing /home/airflow/.local/lib/python3.7/site-packages/airflow/example_dags/example_task_group.py took 0.130 seconds
[2022-09-20 14:32:45,369] {processor.py:163} INFO - Started process (PID=437) to work on /home/airflow/.local/lib/python3.7/site-packages/airflow/example_dags/example_task_group.py
[2022-09-20 14:32:45,374] {processor.py:642} INFO - Processing file /home/airflow/.local/lib/python3.7/site-packages/airflow/example_dags/example_task_group.py for tasks to queue
[2022-09-20 14:32:45,376] {logging_mixin.py:109} INFO - [2022-09-20 14:32:45,375] {dagbag.py:500} INFO - Filling up the DagBag from /home/airflow/.local/lib/python3.7/site-packages/airflow/example_dags/example_task_group.py
[2022-09-20 14:32:45,491] {processor.py:654} INFO - DAG(s) dict_keys(['example_task_group']) retrieved from /home/airflow/.local/lib/python3.7/site-packages/airflow/example_dags/example_task_group.py
[2022-09-20 14:32:45,529] {logging_mixin.py:109} INFO - [2022-09-20 14:32:45,528] {dag.py:2396} INFO - Sync 1 DAGs
[2022-09-20 14:32:45,588] {logging_mixin.py:109} INFO - [2022-09-20 14:32:45,588] {dag.py:2935} INFO - Setting next_dagrun for example_task_group to 2022-09-19T14:32:45.587301+00:00
[2022-09-20 14:32:45,629] {processor.py:171} INFO - Processing /home/airflow/.local/lib/python3.7/site-packages/airflow/example_dags/example_task_group.py took 0.278 seconds
[2022-09-20 14:33:15,672] {processor.py:163} INFO - Started process (PID=487) to work on /home/airflow/.local/lib/python3.7/site-packages/airflow/example_dags/example_task_group.py
[2022-09-20 14:33:15,674] {processor.py:642} INFO - Processing file /home/airflow/.local/lib/python3.7/site-packages/airflow/example_dags/example_task_group.py for tasks to queue
[2022-09-20 14:33:15,676] {logging_mixin.py:109} INFO - [2022-09-20 14:33:15,675] {dagbag.py:500} INFO - Filling up the DagBag from /home/airflow/.local/lib/python3.7/site-packages/airflow/example_dags/example_task_group.py
[2022-09-20 14:33:15,726] {processor.py:654} INFO - DAG(s) dict_keys(['example_task_group']) retrieved from /home/airflow/.local/lib/python3.7/site-packages/airflow/example_dags/example_task_group.py
[2022-09-20 14:33:15,742] {logging_mixin.py:109} INFO - [2022-09-20 14:33:15,742] {dag.py:2396} INFO - Sync 1 DAGs
[2022-09-20 14:33:15,766] {logging_mixin.py:109} INFO - [2022-09-20 14:33:15,766] {dag.py:2935} INFO - Setting next_dagrun for example_task_group to 2022-09-19T14:33:15.766218+00:00
[2022-09-20 14:33:15,782] {processor.py:171} INFO - Processing /home/airflow/.local/lib/python3.7/site-packages/airflow/example_dags/example_task_group.py took 0.117 seconds
[2022-09-20 14:33:46,013] {processor.py:163} INFO - Started process (PID=539) to work on /home/airflow/.local/lib/python3.7/site-packages/airflow/example_dags/example_task_group.py
[2022-09-20 14:33:46,015] {processor.py:642} INFO - Processing file /home/airflow/.local/lib/python3.7/site-packages/airflow/example_dags/example_task_group.py for tasks to queue
[2022-09-20 14:33:46,017] {logging_mixin.py:109} INFO - [2022-09-20 14:33:46,017] {dagbag.py:500} INFO - Filling up the DagBag from /home/airflow/.local/lib/python3.7/site-packages/airflow/example_dags/example_task_group.py
[2022-09-20 14:33:46,070] {processor.py:654} INFO - DAG(s) dict_keys(['example_task_group']) retrieved from /home/airflow/.local/lib/python3.7/site-packages/airflow/example_dags/example_task_group.py
[2022-09-20 14:33:46,087] {logging_mixin.py:109} INFO - [2022-09-20 14:33:46,086] {dag.py:2396} INFO - Sync 1 DAGs
[2022-09-20 14:33:46,111] {logging_mixin.py:109} INFO - [2022-09-20 14:33:46,111] {dag.py:2935} INFO - Setting next_dagrun for example_task_group to 2022-09-19T14:33:46.111118+00:00
[2022-09-20 14:33:46,128] {processor.py:171} INFO - Processing /home/airflow/.local/lib/python3.7/site-packages/airflow/example_dags/example_task_group.py took 0.122 seconds
[2022-09-20 14:34:16,367] {processor.py:163} INFO - Started process (PID=598) to work on /home/airflow/.local/lib/python3.7/site-packages/airflow/example_dags/example_task_group.py
[2022-09-20 14:34:16,369] {processor.py:642} INFO - Processing file /home/airflow/.local/lib/python3.7/site-packages/airflow/example_dags/example_task_group.py for tasks to queue
[2022-09-20 14:34:16,370] {logging_mixin.py:109} INFO - [2022-09-20 14:34:16,370] {dagbag.py:500} INFO - Filling up the DagBag from /home/airflow/.local/lib/python3.7/site-packages/airflow/example_dags/example_task_group.py
[2022-09-20 14:34:16,423] {processor.py:654} INFO - DAG(s) dict_keys(['example_task_group']) retrieved from /home/airflow/.local/lib/python3.7/site-packages/airflow/example_dags/example_task_group.py
[2022-09-20 14:34:16,445] {logging_mixin.py:109} INFO - [2022-09-20 14:34:16,445] {dag.py:2396} INFO - Sync 1 DAGs
[2022-09-20 14:34:16,507] {logging_mixin.py:109} INFO - [2022-09-20 14:34:16,507] {dag.py:2935} INFO - Setting next_dagrun for example_task_group to 2022-09-19T14:34:16.506801+00:00
[2022-09-20 14:34:16,537] {processor.py:171} INFO - Processing /home/airflow/.local/lib/python3.7/site-packages/airflow/example_dags/example_task_group.py took 0.177 seconds
