[2022-09-20 14:30:31,220] {processor.py:163} INFO - Started process (PID=176) to work on /home/airflow/.local/lib/python3.7/site-packages/airflow/example_dags/example_task_group_decorator.py
[2022-09-20 14:30:31,221] {processor.py:642} INFO - Processing file /home/airflow/.local/lib/python3.7/site-packages/airflow/example_dags/example_task_group_decorator.py for tasks to queue
[2022-09-20 14:30:31,222] {logging_mixin.py:109} INFO - [2022-09-20 14:30:31,222] {dagbag.py:500} INFO - Filling up the DagBag from /home/airflow/.local/lib/python3.7/site-packages/airflow/example_dags/example_task_group_decorator.py
[2022-09-20 14:30:31,272] {processor.py:654} INFO - DAG(s) dict_keys(['example_task_group_decorator']) retrieved from /home/airflow/.local/lib/python3.7/site-packages/airflow/example_dags/example_task_group_decorator.py
[2022-09-20 14:30:34,099] {logging_mixin.py:109} INFO - [2022-09-20 14:30:34,099] {manager.py:496} INFO - Created Permission View: can edit on DAG:example_task_group_decorator
[2022-09-20 14:30:34,111] {logging_mixin.py:109} INFO - [2022-09-20 14:30:34,110] {manager.py:496} INFO - Created Permission View: can read on DAG:example_task_group_decorator
[2022-09-20 14:30:34,111] {logging_mixin.py:109} INFO - [2022-09-20 14:30:34,111] {dag.py:2396} INFO - Sync 1 DAGs
[2022-09-20 14:30:34,121] {logging_mixin.py:109} INFO - [2022-09-20 14:30:34,121] {dag.py:2415} INFO - Creating ORM DAG for example_task_group_decorator
[2022-09-20 14:30:34,133] {logging_mixin.py:109} INFO - [2022-09-20 14:30:34,133] {dag.py:2935} INFO - Setting next_dagrun for example_task_group_decorator to 2022-09-19T14:30:34.132827+00:00
[2022-09-20 14:30:34,150] {processor.py:171} INFO - Processing /home/airflow/.local/lib/python3.7/site-packages/airflow/example_dags/example_task_group_decorator.py took 2.936 seconds
[2022-09-20 14:31:04,216] {processor.py:163} INFO - Started process (PID=259) to work on /home/airflow/.local/lib/python3.7/site-packages/airflow/example_dags/example_task_group_decorator.py
[2022-09-20 14:31:04,218] {processor.py:642} INFO - Processing file /home/airflow/.local/lib/python3.7/site-packages/airflow/example_dags/example_task_group_decorator.py for tasks to queue
[2022-09-20 14:31:04,218] {logging_mixin.py:109} INFO - [2022-09-20 14:31:04,218] {dagbag.py:500} INFO - Filling up the DagBag from /home/airflow/.local/lib/python3.7/site-packages/airflow/example_dags/example_task_group_decorator.py
[2022-09-20 14:31:04,269] {processor.py:654} INFO - DAG(s) dict_keys(['example_task_group_decorator']) retrieved from /home/airflow/.local/lib/python3.7/site-packages/airflow/example_dags/example_task_group_decorator.py
[2022-09-20 14:31:04,698] {logging_mixin.py:109} INFO - [2022-09-20 14:31:04,698] {dag.py:2396} INFO - Sync 1 DAGs
[2022-09-20 14:31:04,716] {logging_mixin.py:109} INFO - [2022-09-20 14:31:04,716] {dag.py:2935} INFO - Setting next_dagrun for example_task_group_decorator to 2022-09-19T14:31:04.715728+00:00
[2022-09-20 14:31:04,731] {processor.py:171} INFO - Processing /home/airflow/.local/lib/python3.7/site-packages/airflow/example_dags/example_task_group_decorator.py took 0.519 seconds
[2022-09-20 14:31:35,574] {processor.py:163} INFO - Started process (PID=318) to work on /home/airflow/.local/lib/python3.7/site-packages/airflow/example_dags/example_task_group_decorator.py
[2022-09-20 14:31:35,577] {processor.py:642} INFO - Processing file /home/airflow/.local/lib/python3.7/site-packages/airflow/example_dags/example_task_group_decorator.py for tasks to queue
[2022-09-20 14:31:35,579] {logging_mixin.py:109} INFO - [2022-09-20 14:31:35,578] {dagbag.py:500} INFO - Filling up the DagBag from /home/airflow/.local/lib/python3.7/site-packages/airflow/example_dags/example_task_group_decorator.py
[2022-09-20 14:31:35,651] {processor.py:654} INFO - DAG(s) dict_keys(['example_task_group_decorator']) retrieved from /home/airflow/.local/lib/python3.7/site-packages/airflow/example_dags/example_task_group_decorator.py
[2022-09-20 14:31:36,186] {logging_mixin.py:109} INFO - [2022-09-20 14:31:36,186] {dag.py:2396} INFO - Sync 1 DAGs
[2022-09-20 14:31:36,208] {logging_mixin.py:109} INFO - [2022-09-20 14:31:36,208] {dag.py:2935} INFO - Setting next_dagrun for example_task_group_decorator to 2022-09-19T14:31:36.208096+00:00
[2022-09-20 14:31:36,225] {processor.py:171} INFO - Processing /home/airflow/.local/lib/python3.7/site-packages/airflow/example_dags/example_task_group_decorator.py took 0.657 seconds
[2022-09-20 14:32:06,845] {processor.py:163} INFO - Started process (PID=368) to work on /home/airflow/.local/lib/python3.7/site-packages/airflow/example_dags/example_task_group_decorator.py
[2022-09-20 14:32:06,847] {processor.py:642} INFO - Processing file /home/airflow/.local/lib/python3.7/site-packages/airflow/example_dags/example_task_group_decorator.py for tasks to queue
[2022-09-20 14:32:06,848] {logging_mixin.py:109} INFO - [2022-09-20 14:32:06,848] {dagbag.py:500} INFO - Filling up the DagBag from /home/airflow/.local/lib/python3.7/site-packages/airflow/example_dags/example_task_group_decorator.py
[2022-09-20 14:32:06,903] {processor.py:654} INFO - DAG(s) dict_keys(['example_task_group_decorator']) retrieved from /home/airflow/.local/lib/python3.7/site-packages/airflow/example_dags/example_task_group_decorator.py
[2022-09-20 14:32:07,265] {logging_mixin.py:109} INFO - [2022-09-20 14:32:07,265] {dag.py:2396} INFO - Sync 1 DAGs
[2022-09-20 14:32:07,285] {logging_mixin.py:109} INFO - [2022-09-20 14:32:07,285] {dag.py:2935} INFO - Setting next_dagrun for example_task_group_decorator to 2022-09-19T14:32:07.284910+00:00
[2022-09-20 14:32:07,300] {processor.py:171} INFO - Processing /home/airflow/.local/lib/python3.7/site-packages/airflow/example_dags/example_task_group_decorator.py took 0.460 seconds
[2022-09-20 14:32:37,752] {processor.py:163} INFO - Started process (PID=420) to work on /home/airflow/.local/lib/python3.7/site-packages/airflow/example_dags/example_task_group_decorator.py
[2022-09-20 14:32:37,758] {processor.py:642} INFO - Processing file /home/airflow/.local/lib/python3.7/site-packages/airflow/example_dags/example_task_group_decorator.py for tasks to queue
[2022-09-20 14:32:37,760] {logging_mixin.py:109} INFO - [2022-09-20 14:32:37,759] {dagbag.py:500} INFO - Filling up the DagBag from /home/airflow/.local/lib/python3.7/site-packages/airflow/example_dags/example_task_group_decorator.py
[2022-09-20 14:32:37,953] {processor.py:654} INFO - DAG(s) dict_keys(['example_task_group_decorator']) retrieved from /home/airflow/.local/lib/python3.7/site-packages/airflow/example_dags/example_task_group_decorator.py
[2022-09-20 14:32:39,253] {logging_mixin.py:109} INFO - [2022-09-20 14:32:39,253] {dag.py:2396} INFO - Sync 1 DAGs
[2022-09-20 14:32:39,288] {logging_mixin.py:109} INFO - [2022-09-20 14:32:39,288] {dag.py:2935} INFO - Setting next_dagrun for example_task_group_decorator to 2022-09-19T14:32:39.288123+00:00
[2022-09-20 14:32:39,315] {processor.py:171} INFO - Processing /home/airflow/.local/lib/python3.7/site-packages/airflow/example_dags/example_task_group_decorator.py took 1.589 seconds
[2022-09-20 14:33:10,074] {processor.py:163} INFO - Started process (PID=481) to work on /home/airflow/.local/lib/python3.7/site-packages/airflow/example_dags/example_task_group_decorator.py
[2022-09-20 14:33:10,076] {processor.py:642} INFO - Processing file /home/airflow/.local/lib/python3.7/site-packages/airflow/example_dags/example_task_group_decorator.py for tasks to queue
[2022-09-20 14:33:10,078] {logging_mixin.py:109} INFO - [2022-09-20 14:33:10,078] {dagbag.py:500} INFO - Filling up the DagBag from /home/airflow/.local/lib/python3.7/site-packages/airflow/example_dags/example_task_group_decorator.py
[2022-09-20 14:33:10,136] {processor.py:654} INFO - DAG(s) dict_keys(['example_task_group_decorator']) retrieved from /home/airflow/.local/lib/python3.7/site-packages/airflow/example_dags/example_task_group_decorator.py
[2022-09-20 14:33:10,589] {logging_mixin.py:109} INFO - [2022-09-20 14:33:10,588] {dag.py:2396} INFO - Sync 1 DAGs
[2022-09-20 14:33:10,607] {logging_mixin.py:109} INFO - [2022-09-20 14:33:10,607] {dag.py:2935} INFO - Setting next_dagrun for example_task_group_decorator to 2022-09-19T14:33:10.607300+00:00
[2022-09-20 14:33:10,624] {processor.py:171} INFO - Processing /home/airflow/.local/lib/python3.7/site-packages/airflow/example_dags/example_task_group_decorator.py took 0.557 seconds
[2022-09-20 14:33:41,485] {processor.py:163} INFO - Started process (PID=533) to work on /home/airflow/.local/lib/python3.7/site-packages/airflow/example_dags/example_task_group_decorator.py
[2022-09-20 14:33:41,487] {processor.py:642} INFO - Processing file /home/airflow/.local/lib/python3.7/site-packages/airflow/example_dags/example_task_group_decorator.py for tasks to queue
[2022-09-20 14:33:41,488] {logging_mixin.py:109} INFO - [2022-09-20 14:33:41,488] {dagbag.py:500} INFO - Filling up the DagBag from /home/airflow/.local/lib/python3.7/site-packages/airflow/example_dags/example_task_group_decorator.py
[2022-09-20 14:33:41,558] {processor.py:654} INFO - DAG(s) dict_keys(['example_task_group_decorator']) retrieved from /home/airflow/.local/lib/python3.7/site-packages/airflow/example_dags/example_task_group_decorator.py
[2022-09-20 14:33:41,993] {logging_mixin.py:109} INFO - [2022-09-20 14:33:41,992] {dag.py:2396} INFO - Sync 1 DAGs
[2022-09-20 14:33:42,008] {logging_mixin.py:109} INFO - [2022-09-20 14:33:42,008] {dag.py:2935} INFO - Setting next_dagrun for example_task_group_decorator to 2022-09-19T14:33:42.008257+00:00
[2022-09-20 14:33:42,021] {processor.py:171} INFO - Processing /home/airflow/.local/lib/python3.7/site-packages/airflow/example_dags/example_task_group_decorator.py took 0.542 seconds
[2022-09-20 14:34:12,168] {processor.py:163} INFO - Started process (PID=585) to work on /home/airflow/.local/lib/python3.7/site-packages/airflow/example_dags/example_task_group_decorator.py
[2022-09-20 14:34:12,170] {processor.py:642} INFO - Processing file /home/airflow/.local/lib/python3.7/site-packages/airflow/example_dags/example_task_group_decorator.py for tasks to queue
[2022-09-20 14:34:12,171] {logging_mixin.py:109} INFO - [2022-09-20 14:34:12,170] {dagbag.py:500} INFO - Filling up the DagBag from /home/airflow/.local/lib/python3.7/site-packages/airflow/example_dags/example_task_group_decorator.py
[2022-09-20 14:34:12,227] {processor.py:654} INFO - DAG(s) dict_keys(['example_task_group_decorator']) retrieved from /home/airflow/.local/lib/python3.7/site-packages/airflow/example_dags/example_task_group_decorator.py
[2022-09-20 14:34:12,643] {logging_mixin.py:109} INFO - [2022-09-20 14:34:12,643] {dag.py:2396} INFO - Sync 1 DAGs
[2022-09-20 14:34:12,661] {logging_mixin.py:109} INFO - [2022-09-20 14:34:12,661] {dag.py:2935} INFO - Setting next_dagrun for example_task_group_decorator to 2022-09-19T14:34:12.661287+00:00
[2022-09-20 14:34:12,677] {processor.py:171} INFO - Processing /home/airflow/.local/lib/python3.7/site-packages/airflow/example_dags/example_task_group_decorator.py took 0.516 seconds
