[2022-09-20 14:30:13,253] {processor.py:163} INFO - Started process (PID=102) to work on /home/airflow/.local/lib/python3.7/site-packages/airflow/example_dags/example_time_delta_sensor_async.py
[2022-09-20 14:30:13,255] {processor.py:642} INFO - Processing file /home/airflow/.local/lib/python3.7/site-packages/airflow/example_dags/example_time_delta_sensor_async.py for tasks to queue
[2022-09-20 14:30:13,256] {logging_mixin.py:109} INFO - [2022-09-20 14:30:13,256] {dagbag.py:500} INFO - Filling up the DagBag from /home/airflow/.local/lib/python3.7/site-packages/airflow/example_dags/example_time_delta_sensor_async.py
[2022-09-20 14:30:13,299] {processor.py:654} INFO - DAG(s) dict_keys(['example_time_delta_sensor_async']) retrieved from /home/airflow/.local/lib/python3.7/site-packages/airflow/example_dags/example_time_delta_sensor_async.py
[2022-09-20 14:30:15,783] {logging_mixin.py:109} INFO - [2022-09-20 14:30:15,783] {manager.py:496} INFO - Created Permission View: can edit on DAG:example_time_delta_sensor_async
[2022-09-20 14:30:15,796] {logging_mixin.py:109} INFO - [2022-09-20 14:30:15,796] {manager.py:496} INFO - Created Permission View: can read on DAG:example_time_delta_sensor_async
[2022-09-20 14:30:15,797] {logging_mixin.py:109} INFO - [2022-09-20 14:30:15,796] {dag.py:2396} INFO - Sync 1 DAGs
[2022-09-20 14:30:15,806] {logging_mixin.py:109} INFO - [2022-09-20 14:30:15,806] {dag.py:2415} INFO - Creating ORM DAG for example_time_delta_sensor_async
[2022-09-20 14:30:15,816] {logging_mixin.py:109} INFO - [2022-09-20 14:30:15,816] {dag.py:2935} INFO - Setting next_dagrun for example_time_delta_sensor_async to None
[2022-09-20 14:30:15,833] {processor.py:171} INFO - Processing /home/airflow/.local/lib/python3.7/site-packages/airflow/example_dags/example_time_delta_sensor_async.py took 2.586 seconds
[2022-09-20 14:30:46,099] {processor.py:163} INFO - Started process (PID=237) to work on /home/airflow/.local/lib/python3.7/site-packages/airflow/example_dags/example_time_delta_sensor_async.py
[2022-09-20 14:30:46,101] {processor.py:642} INFO - Processing file /home/airflow/.local/lib/python3.7/site-packages/airflow/example_dags/example_time_delta_sensor_async.py for tasks to queue
[2022-09-20 14:30:46,103] {logging_mixin.py:109} INFO - [2022-09-20 14:30:46,102] {dagbag.py:500} INFO - Filling up the DagBag from /home/airflow/.local/lib/python3.7/site-packages/airflow/example_dags/example_time_delta_sensor_async.py
[2022-09-20 14:30:46,145] {processor.py:654} INFO - DAG(s) dict_keys(['example_time_delta_sensor_async']) retrieved from /home/airflow/.local/lib/python3.7/site-packages/airflow/example_dags/example_time_delta_sensor_async.py
[2022-09-20 14:30:46,158] {logging_mixin.py:109} INFO - [2022-09-20 14:30:46,158] {dag.py:2396} INFO - Sync 1 DAGs
[2022-09-20 14:30:46,180] {logging_mixin.py:109} INFO - [2022-09-20 14:30:46,180] {dag.py:2935} INFO - Setting next_dagrun for example_time_delta_sensor_async to None
[2022-09-20 14:30:46,192] {processor.py:171} INFO - Processing /home/airflow/.local/lib/python3.7/site-packages/airflow/example_dags/example_time_delta_sensor_async.py took 0.099 seconds
[2022-09-20 14:31:16,423] {processor.py:163} INFO - Started process (PID=287) to work on /home/airflow/.local/lib/python3.7/site-packages/airflow/example_dags/example_time_delta_sensor_async.py
[2022-09-20 14:31:16,425] {processor.py:642} INFO - Processing file /home/airflow/.local/lib/python3.7/site-packages/airflow/example_dags/example_time_delta_sensor_async.py for tasks to queue
[2022-09-20 14:31:16,426] {logging_mixin.py:109} INFO - [2022-09-20 14:31:16,426] {dagbag.py:500} INFO - Filling up the DagBag from /home/airflow/.local/lib/python3.7/site-packages/airflow/example_dags/example_time_delta_sensor_async.py
[2022-09-20 14:31:16,469] {processor.py:654} INFO - DAG(s) dict_keys(['example_time_delta_sensor_async']) retrieved from /home/airflow/.local/lib/python3.7/site-packages/airflow/example_dags/example_time_delta_sensor_async.py
[2022-09-20 14:31:16,480] {logging_mixin.py:109} INFO - [2022-09-20 14:31:16,480] {dag.py:2396} INFO - Sync 1 DAGs
[2022-09-20 14:31:16,498] {logging_mixin.py:109} INFO - [2022-09-20 14:31:16,498] {dag.py:2935} INFO - Setting next_dagrun for example_time_delta_sensor_async to None
[2022-09-20 14:31:16,512] {processor.py:171} INFO - Processing /home/airflow/.local/lib/python3.7/site-packages/airflow/example_dags/example_time_delta_sensor_async.py took 0.096 seconds
[2022-09-20 14:31:47,047] {processor.py:163} INFO - Started process (PID=346) to work on /home/airflow/.local/lib/python3.7/site-packages/airflow/example_dags/example_time_delta_sensor_async.py
[2022-09-20 14:31:47,056] {processor.py:642} INFO - Processing file /home/airflow/.local/lib/python3.7/site-packages/airflow/example_dags/example_time_delta_sensor_async.py for tasks to queue
[2022-09-20 14:31:47,057] {logging_mixin.py:109} INFO - [2022-09-20 14:31:47,057] {dagbag.py:500} INFO - Filling up the DagBag from /home/airflow/.local/lib/python3.7/site-packages/airflow/example_dags/example_time_delta_sensor_async.py
[2022-09-20 14:31:47,112] {processor.py:654} INFO - DAG(s) dict_keys(['example_time_delta_sensor_async']) retrieved from /home/airflow/.local/lib/python3.7/site-packages/airflow/example_dags/example_time_delta_sensor_async.py
[2022-09-20 14:31:47,129] {logging_mixin.py:109} INFO - [2022-09-20 14:31:47,129] {dag.py:2396} INFO - Sync 1 DAGs
[2022-09-20 14:31:47,158] {logging_mixin.py:109} INFO - [2022-09-20 14:31:47,158] {dag.py:2935} INFO - Setting next_dagrun for example_time_delta_sensor_async to None
[2022-09-20 14:31:47,174] {processor.py:171} INFO - Processing /home/airflow/.local/lib/python3.7/site-packages/airflow/example_dags/example_time_delta_sensor_async.py took 0.133 seconds
[2022-09-20 14:32:17,750] {processor.py:163} INFO - Started process (PID=395) to work on /home/airflow/.local/lib/python3.7/site-packages/airflow/example_dags/example_time_delta_sensor_async.py
[2022-09-20 14:32:17,770] {processor.py:642} INFO - Processing file /home/airflow/.local/lib/python3.7/site-packages/airflow/example_dags/example_time_delta_sensor_async.py for tasks to queue
[2022-09-20 14:32:17,781] {logging_mixin.py:109} INFO - [2022-09-20 14:32:17,780] {dagbag.py:500} INFO - Filling up the DagBag from /home/airflow/.local/lib/python3.7/site-packages/airflow/example_dags/example_time_delta_sensor_async.py
[2022-09-20 14:32:18,091] {processor.py:654} INFO - DAG(s) dict_keys(['example_time_delta_sensor_async']) retrieved from /home/airflow/.local/lib/python3.7/site-packages/airflow/example_dags/example_time_delta_sensor_async.py
[2022-09-20 14:32:18,115] {logging_mixin.py:109} INFO - [2022-09-20 14:32:18,114] {dag.py:2396} INFO - Sync 1 DAGs
[2022-09-20 14:32:18,165] {logging_mixin.py:109} INFO - [2022-09-20 14:32:18,164] {dag.py:2935} INFO - Setting next_dagrun for example_time_delta_sensor_async to None
[2022-09-20 14:32:18,188] {processor.py:171} INFO - Processing /home/airflow/.local/lib/python3.7/site-packages/airflow/example_dags/example_time_delta_sensor_async.py took 0.498 seconds
[2022-09-20 14:32:48,466] {processor.py:163} INFO - Started process (PID=446) to work on /home/airflow/.local/lib/python3.7/site-packages/airflow/example_dags/example_time_delta_sensor_async.py
[2022-09-20 14:32:48,469] {processor.py:642} INFO - Processing file /home/airflow/.local/lib/python3.7/site-packages/airflow/example_dags/example_time_delta_sensor_async.py for tasks to queue
[2022-09-20 14:32:48,470] {logging_mixin.py:109} INFO - [2022-09-20 14:32:48,470] {dagbag.py:500} INFO - Filling up the DagBag from /home/airflow/.local/lib/python3.7/site-packages/airflow/example_dags/example_time_delta_sensor_async.py
[2022-09-20 14:32:48,527] {processor.py:654} INFO - DAG(s) dict_keys(['example_time_delta_sensor_async']) retrieved from /home/airflow/.local/lib/python3.7/site-packages/airflow/example_dags/example_time_delta_sensor_async.py
[2022-09-20 14:32:48,549] {logging_mixin.py:109} INFO - [2022-09-20 14:32:48,549] {dag.py:2396} INFO - Sync 1 DAGs
[2022-09-20 14:32:48,581] {logging_mixin.py:109} INFO - [2022-09-20 14:32:48,581] {dag.py:2935} INFO - Setting next_dagrun for example_time_delta_sensor_async to None
[2022-09-20 14:32:48,594] {processor.py:171} INFO - Processing /home/airflow/.local/lib/python3.7/site-packages/airflow/example_dags/example_time_delta_sensor_async.py took 0.139 seconds
[2022-09-20 14:33:19,205] {processor.py:163} INFO - Started process (PID=495) to work on /home/airflow/.local/lib/python3.7/site-packages/airflow/example_dags/example_time_delta_sensor_async.py
[2022-09-20 14:33:19,206] {processor.py:642} INFO - Processing file /home/airflow/.local/lib/python3.7/site-packages/airflow/example_dags/example_time_delta_sensor_async.py for tasks to queue
[2022-09-20 14:33:19,207] {logging_mixin.py:109} INFO - [2022-09-20 14:33:19,207] {dagbag.py:500} INFO - Filling up the DagBag from /home/airflow/.local/lib/python3.7/site-packages/airflow/example_dags/example_time_delta_sensor_async.py
[2022-09-20 14:33:19,249] {processor.py:654} INFO - DAG(s) dict_keys(['example_time_delta_sensor_async']) retrieved from /home/airflow/.local/lib/python3.7/site-packages/airflow/example_dags/example_time_delta_sensor_async.py
[2022-09-20 14:33:19,268] {logging_mixin.py:109} INFO - [2022-09-20 14:33:19,268] {dag.py:2396} INFO - Sync 1 DAGs
[2022-09-20 14:33:19,295] {logging_mixin.py:109} INFO - [2022-09-20 14:33:19,295] {dag.py:2935} INFO - Setting next_dagrun for example_time_delta_sensor_async to None
[2022-09-20 14:33:19,312] {processor.py:171} INFO - Processing /home/airflow/.local/lib/python3.7/site-packages/airflow/example_dags/example_time_delta_sensor_async.py took 0.113 seconds
[2022-09-20 14:33:49,596] {processor.py:163} INFO - Started process (PID=556) to work on /home/airflow/.local/lib/python3.7/site-packages/airflow/example_dags/example_time_delta_sensor_async.py
[2022-09-20 14:33:49,598] {processor.py:642} INFO - Processing file /home/airflow/.local/lib/python3.7/site-packages/airflow/example_dags/example_time_delta_sensor_async.py for tasks to queue
[2022-09-20 14:33:49,599] {logging_mixin.py:109} INFO - [2022-09-20 14:33:49,599] {dagbag.py:500} INFO - Filling up the DagBag from /home/airflow/.local/lib/python3.7/site-packages/airflow/example_dags/example_time_delta_sensor_async.py
[2022-09-20 14:33:49,640] {processor.py:654} INFO - DAG(s) dict_keys(['example_time_delta_sensor_async']) retrieved from /home/airflow/.local/lib/python3.7/site-packages/airflow/example_dags/example_time_delta_sensor_async.py
[2022-09-20 14:33:49,658] {logging_mixin.py:109} INFO - [2022-09-20 14:33:49,658] {dag.py:2396} INFO - Sync 1 DAGs
[2022-09-20 14:33:49,689] {logging_mixin.py:109} INFO - [2022-09-20 14:33:49,689] {dag.py:2935} INFO - Setting next_dagrun for example_time_delta_sensor_async to None
[2022-09-20 14:33:49,705] {processor.py:171} INFO - Processing /home/airflow/.local/lib/python3.7/site-packages/airflow/example_dags/example_time_delta_sensor_async.py took 0.114 seconds
