[2022-09-20 14:30:41,964] {processor.py:163} INFO - Started process (PID=221) to work on /home/airflow/.local/lib/python3.7/site-packages/airflow/example_dags/example_xcom.py
[2022-09-20 14:30:41,966] {processor.py:642} INFO - Processing file /home/airflow/.local/lib/python3.7/site-packages/airflow/example_dags/example_xcom.py for tasks to queue
[2022-09-20 14:30:41,967] {logging_mixin.py:109} INFO - [2022-09-20 14:30:41,967] {dagbag.py:500} INFO - Filling up the DagBag from /home/airflow/.local/lib/python3.7/site-packages/airflow/example_dags/example_xcom.py
[2022-09-20 14:30:42,070] {processor.py:654} INFO - DAG(s) dict_keys(['example_xcom']) retrieved from /home/airflow/.local/lib/python3.7/site-packages/airflow/example_dags/example_xcom.py
[2022-09-20 14:30:44,470] {logging_mixin.py:109} INFO - [2022-09-20 14:30:44,470] {manager.py:496} INFO - Created Permission View: can edit on DAG:example_xcom
[2022-09-20 14:30:44,479] {logging_mixin.py:109} INFO - [2022-09-20 14:30:44,479] {manager.py:496} INFO - Created Permission View: can read on DAG:example_xcom
[2022-09-20 14:30:44,480] {logging_mixin.py:109} INFO - [2022-09-20 14:30:44,479] {dag.py:2396} INFO - Sync 1 DAGs
[2022-09-20 14:30:44,490] {logging_mixin.py:109} INFO - [2022-09-20 14:30:44,490] {dag.py:2415} INFO - Creating ORM DAG for example_xcom
[2022-09-20 14:30:44,501] {logging_mixin.py:109} INFO - [2022-09-20 14:30:44,501] {dag.py:2935} INFO - Setting next_dagrun for example_xcom to 2021-01-01T00:00:00+00:00
[2022-09-20 14:30:44,516] {processor.py:171} INFO - Processing /home/airflow/.local/lib/python3.7/site-packages/airflow/example_dags/example_xcom.py took 2.559 seconds
[2022-09-20 14:31:14,899] {processor.py:163} INFO - Started process (PID=285) to work on /home/airflow/.local/lib/python3.7/site-packages/airflow/example_dags/example_xcom.py
[2022-09-20 14:31:14,901] {processor.py:642} INFO - Processing file /home/airflow/.local/lib/python3.7/site-packages/airflow/example_dags/example_xcom.py for tasks to queue
[2022-09-20 14:31:14,901] {logging_mixin.py:109} INFO - [2022-09-20 14:31:14,901] {dagbag.py:500} INFO - Filling up the DagBag from /home/airflow/.local/lib/python3.7/site-packages/airflow/example_dags/example_xcom.py
[2022-09-20 14:31:14,947] {processor.py:654} INFO - DAG(s) dict_keys(['example_xcom']) retrieved from /home/airflow/.local/lib/python3.7/site-packages/airflow/example_dags/example_xcom.py
[2022-09-20 14:31:15,359] {logging_mixin.py:109} INFO - [2022-09-20 14:31:15,358] {dag.py:2396} INFO - Sync 1 DAGs
[2022-09-20 14:31:15,374] {logging_mixin.py:109} INFO - [2022-09-20 14:31:15,374] {dag.py:2935} INFO - Setting next_dagrun for example_xcom to 2021-01-01T00:00:00+00:00
[2022-09-20 14:31:15,386] {processor.py:171} INFO - Processing /home/airflow/.local/lib/python3.7/site-packages/airflow/example_dags/example_xcom.py took 0.492 seconds
[2022-09-20 14:31:46,339] {processor.py:163} INFO - Started process (PID=344) to work on /home/airflow/.local/lib/python3.7/site-packages/airflow/example_dags/example_xcom.py
[2022-09-20 14:31:46,341] {processor.py:642} INFO - Processing file /home/airflow/.local/lib/python3.7/site-packages/airflow/example_dags/example_xcom.py for tasks to queue
[2022-09-20 14:31:46,342] {logging_mixin.py:109} INFO - [2022-09-20 14:31:46,342] {dagbag.py:500} INFO - Filling up the DagBag from /home/airflow/.local/lib/python3.7/site-packages/airflow/example_dags/example_xcom.py
[2022-09-20 14:31:46,391] {processor.py:654} INFO - DAG(s) dict_keys(['example_xcom']) retrieved from /home/airflow/.local/lib/python3.7/site-packages/airflow/example_dags/example_xcom.py
[2022-09-20 14:31:46,949] {logging_mixin.py:109} INFO - [2022-09-20 14:31:46,949] {dag.py:2396} INFO - Sync 1 DAGs
[2022-09-20 14:31:46,973] {logging_mixin.py:109} INFO - [2022-09-20 14:31:46,973] {dag.py:2935} INFO - Setting next_dagrun for example_xcom to 2021-01-01T00:00:00+00:00
[2022-09-20 14:31:46,992] {processor.py:171} INFO - Processing /home/airflow/.local/lib/python3.7/site-packages/airflow/example_dags/example_xcom.py took 0.659 seconds
[2022-09-20 14:32:17,218] {processor.py:163} INFO - Started process (PID=394) to work on /home/airflow/.local/lib/python3.7/site-packages/airflow/example_dags/example_xcom.py
[2022-09-20 14:32:17,238] {processor.py:642} INFO - Processing file /home/airflow/.local/lib/python3.7/site-packages/airflow/example_dags/example_xcom.py for tasks to queue
[2022-09-20 14:32:17,253] {logging_mixin.py:109} INFO - [2022-09-20 14:32:17,253] {dagbag.py:500} INFO - Filling up the DagBag from /home/airflow/.local/lib/python3.7/site-packages/airflow/example_dags/example_xcom.py
[2022-09-20 14:32:17,544] {processor.py:654} INFO - DAG(s) dict_keys(['example_xcom']) retrieved from /home/airflow/.local/lib/python3.7/site-packages/airflow/example_dags/example_xcom.py
[2022-09-20 14:32:19,172] {logging_mixin.py:109} INFO - [2022-09-20 14:32:19,171] {dag.py:2396} INFO - Sync 1 DAGs
[2022-09-20 14:32:19,247] {logging_mixin.py:109} INFO - [2022-09-20 14:32:19,246] {dag.py:2935} INFO - Setting next_dagrun for example_xcom to 2021-01-01T00:00:00+00:00
[2022-09-20 14:32:19,317] {processor.py:171} INFO - Processing /home/airflow/.local/lib/python3.7/site-packages/airflow/example_dags/example_xcom.py took 2.147 seconds
[2022-09-20 14:32:49,642] {processor.py:163} INFO - Started process (PID=447) to work on /home/airflow/.local/lib/python3.7/site-packages/airflow/example_dags/example_xcom.py
[2022-09-20 14:32:49,645] {processor.py:642} INFO - Processing file /home/airflow/.local/lib/python3.7/site-packages/airflow/example_dags/example_xcom.py for tasks to queue
[2022-09-20 14:32:49,646] {logging_mixin.py:109} INFO - [2022-09-20 14:32:49,646] {dagbag.py:500} INFO - Filling up the DagBag from /home/airflow/.local/lib/python3.7/site-packages/airflow/example_dags/example_xcom.py
[2022-09-20 14:32:49,695] {processor.py:654} INFO - DAG(s) dict_keys(['example_xcom']) retrieved from /home/airflow/.local/lib/python3.7/site-packages/airflow/example_dags/example_xcom.py
[2022-09-20 14:32:50,248] {logging_mixin.py:109} INFO - [2022-09-20 14:32:50,248] {dag.py:2396} INFO - Sync 1 DAGs
[2022-09-20 14:32:50,275] {logging_mixin.py:109} INFO - [2022-09-20 14:32:50,275] {dag.py:2935} INFO - Setting next_dagrun for example_xcom to 2021-01-01T00:00:00+00:00
[2022-09-20 14:32:50,297] {processor.py:171} INFO - Processing /home/airflow/.local/lib/python3.7/site-packages/airflow/example_dags/example_xcom.py took 0.660 seconds
[2022-09-20 14:33:20,345] {processor.py:163} INFO - Started process (PID=497) to work on /home/airflow/.local/lib/python3.7/site-packages/airflow/example_dags/example_xcom.py
[2022-09-20 14:33:20,347] {processor.py:642} INFO - Processing file /home/airflow/.local/lib/python3.7/site-packages/airflow/example_dags/example_xcom.py for tasks to queue
[2022-09-20 14:33:20,348] {logging_mixin.py:109} INFO - [2022-09-20 14:33:20,348] {dagbag.py:500} INFO - Filling up the DagBag from /home/airflow/.local/lib/python3.7/site-packages/airflow/example_dags/example_xcom.py
[2022-09-20 14:33:20,398] {processor.py:654} INFO - DAG(s) dict_keys(['example_xcom']) retrieved from /home/airflow/.local/lib/python3.7/site-packages/airflow/example_dags/example_xcom.py
[2022-09-20 14:33:20,855] {logging_mixin.py:109} INFO - [2022-09-20 14:33:20,854] {dag.py:2396} INFO - Sync 1 DAGs
[2022-09-20 14:33:20,881] {logging_mixin.py:109} INFO - [2022-09-20 14:33:20,880] {dag.py:2935} INFO - Setting next_dagrun for example_xcom to 2021-01-01T00:00:00+00:00
[2022-09-20 14:33:20,911] {processor.py:171} INFO - Processing /home/airflow/.local/lib/python3.7/site-packages/airflow/example_dags/example_xcom.py took 0.573 seconds
[2022-09-20 14:33:51,090] {processor.py:163} INFO - Started process (PID=558) to work on /home/airflow/.local/lib/python3.7/site-packages/airflow/example_dags/example_xcom.py
[2022-09-20 14:33:51,092] {processor.py:642} INFO - Processing file /home/airflow/.local/lib/python3.7/site-packages/airflow/example_dags/example_xcom.py for tasks to queue
[2022-09-20 14:33:51,093] {logging_mixin.py:109} INFO - [2022-09-20 14:33:51,093] {dagbag.py:500} INFO - Filling up the DagBag from /home/airflow/.local/lib/python3.7/site-packages/airflow/example_dags/example_xcom.py
[2022-09-20 14:33:51,139] {processor.py:654} INFO - DAG(s) dict_keys(['example_xcom']) retrieved from /home/airflow/.local/lib/python3.7/site-packages/airflow/example_dags/example_xcom.py
[2022-09-20 14:33:51,575] {logging_mixin.py:109} INFO - [2022-09-20 14:33:51,575] {dag.py:2396} INFO - Sync 1 DAGs
[2022-09-20 14:33:51,592] {logging_mixin.py:109} INFO - [2022-09-20 14:33:51,591] {dag.py:2935} INFO - Setting next_dagrun for example_xcom to 2021-01-01T00:00:00+00:00
[2022-09-20 14:33:51,605] {processor.py:171} INFO - Processing /home/airflow/.local/lib/python3.7/site-packages/airflow/example_dags/example_xcom.py took 0.520 seconds
