[2022-09-20 14:30:35,631] {processor.py:163} INFO - Started process (PID=192) to work on /home/airflow/.local/lib/python3.7/site-packages/airflow/example_dags/example_branch_python_dop_operator_3.py
[2022-09-20 14:30:35,632] {processor.py:642} INFO - Processing file /home/airflow/.local/lib/python3.7/site-packages/airflow/example_dags/example_branch_python_dop_operator_3.py for tasks to queue
[2022-09-20 14:30:35,633] {logging_mixin.py:109} INFO - [2022-09-20 14:30:35,633] {dagbag.py:500} INFO - Filling up the DagBag from /home/airflow/.local/lib/python3.7/site-packages/airflow/example_dags/example_branch_python_dop_operator_3.py
[2022-09-20 14:30:35,677] {processor.py:654} INFO - DAG(s) dict_keys(['example_branch_dop_operator_v3']) retrieved from /home/airflow/.local/lib/python3.7/site-packages/airflow/example_dags/example_branch_python_dop_operator_3.py
[2022-09-20 14:30:38,373] {logging_mixin.py:109} INFO - [2022-09-20 14:30:38,372] {manager.py:496} INFO - Created Permission View: can edit on DAG:example_branch_dop_operator_v3
[2022-09-20 14:30:38,386] {logging_mixin.py:109} INFO - [2022-09-20 14:30:38,386] {manager.py:496} INFO - Created Permission View: can read on DAG:example_branch_dop_operator_v3
[2022-09-20 14:30:38,387] {logging_mixin.py:109} INFO - [2022-09-20 14:30:38,386] {dag.py:2396} INFO - Sync 1 DAGs
[2022-09-20 14:30:38,399] {logging_mixin.py:109} INFO - [2022-09-20 14:30:38,399] {dag.py:2415} INFO - Creating ORM DAG for example_branch_dop_operator_v3
[2022-09-20 14:30:38,420] {logging_mixin.py:109} INFO - [2022-09-20 14:30:38,420] {dag.py:2935} INFO - Setting next_dagrun for example_branch_dop_operator_v3 to 2022-09-20T14:29:00+00:00
[2022-09-20 14:30:38,439] {processor.py:171} INFO - Processing /home/airflow/.local/lib/python3.7/site-packages/airflow/example_dags/example_branch_python_dop_operator_3.py took 2.814 seconds
[2022-09-20 14:31:08,926] {processor.py:163} INFO - Started process (PID=271) to work on /home/airflow/.local/lib/python3.7/site-packages/airflow/example_dags/example_branch_python_dop_operator_3.py
[2022-09-20 14:31:08,928] {processor.py:642} INFO - Processing file /home/airflow/.local/lib/python3.7/site-packages/airflow/example_dags/example_branch_python_dop_operator_3.py for tasks to queue
[2022-09-20 14:31:08,929] {logging_mixin.py:109} INFO - [2022-09-20 14:31:08,929] {dagbag.py:500} INFO - Filling up the DagBag from /home/airflow/.local/lib/python3.7/site-packages/airflow/example_dags/example_branch_python_dop_operator_3.py
[2022-09-20 14:31:08,982] {processor.py:654} INFO - DAG(s) dict_keys(['example_branch_dop_operator_v3']) retrieved from /home/airflow/.local/lib/python3.7/site-packages/airflow/example_dags/example_branch_python_dop_operator_3.py
[2022-09-20 14:31:09,000] {logging_mixin.py:109} INFO - [2022-09-20 14:31:09,000] {dag.py:2396} INFO - Sync 1 DAGs
[2022-09-20 14:31:09,038] {logging_mixin.py:109} INFO - [2022-09-20 14:31:09,038] {dag.py:2935} INFO - Setting next_dagrun for example_branch_dop_operator_v3 to 2022-09-20T14:30:00+00:00
[2022-09-20 14:31:09,056] {processor.py:171} INFO - Processing /home/airflow/.local/lib/python3.7/site-packages/airflow/example_dags/example_branch_python_dop_operator_3.py took 0.136 seconds
[2022-09-20 14:31:39,284] {processor.py:163} INFO - Started process (PID=321) to work on /home/airflow/.local/lib/python3.7/site-packages/airflow/example_dags/example_branch_python_dop_operator_3.py
[2022-09-20 14:31:39,285] {processor.py:642} INFO - Processing file /home/airflow/.local/lib/python3.7/site-packages/airflow/example_dags/example_branch_python_dop_operator_3.py for tasks to queue
[2022-09-20 14:31:39,286] {logging_mixin.py:109} INFO - [2022-09-20 14:31:39,286] {dagbag.py:500} INFO - Filling up the DagBag from /home/airflow/.local/lib/python3.7/site-packages/airflow/example_dags/example_branch_python_dop_operator_3.py
[2022-09-20 14:31:39,332] {processor.py:654} INFO - DAG(s) dict_keys(['example_branch_dop_operator_v3']) retrieved from /home/airflow/.local/lib/python3.7/site-packages/airflow/example_dags/example_branch_python_dop_operator_3.py
[2022-09-20 14:31:39,345] {logging_mixin.py:109} INFO - [2022-09-20 14:31:39,345] {dag.py:2396} INFO - Sync 1 DAGs
[2022-09-20 14:31:39,372] {logging_mixin.py:109} INFO - [2022-09-20 14:31:39,372] {dag.py:2935} INFO - Setting next_dagrun for example_branch_dop_operator_v3 to 2022-09-20T14:30:00+00:00
[2022-09-20 14:31:39,385] {processor.py:171} INFO - Processing /home/airflow/.local/lib/python3.7/site-packages/airflow/example_dags/example_branch_python_dop_operator_3.py took 0.106 seconds
[2022-09-20 14:32:10,004] {processor.py:163} INFO - Started process (PID=371) to work on /home/airflow/.local/lib/python3.7/site-packages/airflow/example_dags/example_branch_python_dop_operator_3.py
[2022-09-20 14:32:10,006] {processor.py:642} INFO - Processing file /home/airflow/.local/lib/python3.7/site-packages/airflow/example_dags/example_branch_python_dop_operator_3.py for tasks to queue
[2022-09-20 14:32:10,007] {logging_mixin.py:109} INFO - [2022-09-20 14:32:10,007] {dagbag.py:500} INFO - Filling up the DagBag from /home/airflow/.local/lib/python3.7/site-packages/airflow/example_dags/example_branch_python_dop_operator_3.py
[2022-09-20 14:32:10,048] {processor.py:654} INFO - DAG(s) dict_keys(['example_branch_dop_operator_v3']) retrieved from /home/airflow/.local/lib/python3.7/site-packages/airflow/example_dags/example_branch_python_dop_operator_3.py
[2022-09-20 14:32:10,062] {logging_mixin.py:109} INFO - [2022-09-20 14:32:10,062] {dag.py:2396} INFO - Sync 1 DAGs
[2022-09-20 14:32:10,094] {logging_mixin.py:109} INFO - [2022-09-20 14:32:10,094] {dag.py:2935} INFO - Setting next_dagrun for example_branch_dop_operator_v3 to 2022-09-20T14:31:00+00:00
[2022-09-20 14:32:10,107] {processor.py:171} INFO - Processing /home/airflow/.local/lib/python3.7/site-packages/airflow/example_dags/example_branch_python_dop_operator_3.py took 0.108 seconds
[2022-09-20 14:32:40,485] {processor.py:163} INFO - Started process (PID=432) to work on /home/airflow/.local/lib/python3.7/site-packages/airflow/example_dags/example_branch_python_dop_operator_3.py
[2022-09-20 14:32:40,492] {processor.py:642} INFO - Processing file /home/airflow/.local/lib/python3.7/site-packages/airflow/example_dags/example_branch_python_dop_operator_3.py for tasks to queue
[2022-09-20 14:32:40,494] {logging_mixin.py:109} INFO - [2022-09-20 14:32:40,494] {dagbag.py:500} INFO - Filling up the DagBag from /home/airflow/.local/lib/python3.7/site-packages/airflow/example_dags/example_branch_python_dop_operator_3.py
[2022-09-20 14:32:40,615] {processor.py:654} INFO - DAG(s) dict_keys(['example_branch_dop_operator_v3']) retrieved from /home/airflow/.local/lib/python3.7/site-packages/airflow/example_dags/example_branch_python_dop_operator_3.py
[2022-09-20 14:32:40,652] {logging_mixin.py:109} INFO - [2022-09-20 14:32:40,652] {dag.py:2396} INFO - Sync 1 DAGs
[2022-09-20 14:32:40,751] {logging_mixin.py:109} INFO - [2022-09-20 14:32:40,750] {dag.py:2935} INFO - Setting next_dagrun for example_branch_dop_operator_v3 to 2022-09-20T14:31:00+00:00
[2022-09-20 14:32:40,792] {processor.py:171} INFO - Processing /home/airflow/.local/lib/python3.7/site-packages/airflow/example_dags/example_branch_python_dop_operator_3.py took 0.324 seconds
[2022-09-20 14:33:11,084] {processor.py:163} INFO - Started process (PID=482) to work on /home/airflow/.local/lib/python3.7/site-packages/airflow/example_dags/example_branch_python_dop_operator_3.py
[2022-09-20 14:33:11,087] {processor.py:642} INFO - Processing file /home/airflow/.local/lib/python3.7/site-packages/airflow/example_dags/example_branch_python_dop_operator_3.py for tasks to queue
[2022-09-20 14:33:11,088] {logging_mixin.py:109} INFO - [2022-09-20 14:33:11,088] {dagbag.py:500} INFO - Filling up the DagBag from /home/airflow/.local/lib/python3.7/site-packages/airflow/example_dags/example_branch_python_dop_operator_3.py
[2022-09-20 14:33:11,138] {processor.py:654} INFO - DAG(s) dict_keys(['example_branch_dop_operator_v3']) retrieved from /home/airflow/.local/lib/python3.7/site-packages/airflow/example_dags/example_branch_python_dop_operator_3.py
[2022-09-20 14:33:11,151] {logging_mixin.py:109} INFO - [2022-09-20 14:33:11,151] {dag.py:2396} INFO - Sync 1 DAGs
[2022-09-20 14:33:11,176] {logging_mixin.py:109} INFO - [2022-09-20 14:33:11,176] {dag.py:2935} INFO - Setting next_dagrun for example_branch_dop_operator_v3 to 2022-09-20T14:32:00+00:00
[2022-09-20 14:33:11,187] {processor.py:171} INFO - Processing /home/airflow/.local/lib/python3.7/site-packages/airflow/example_dags/example_branch_python_dop_operator_3.py took 0.108 seconds
[2022-09-20 14:33:41,501] {processor.py:163} INFO - Started process (PID=534) to work on /home/airflow/.local/lib/python3.7/site-packages/airflow/example_dags/example_branch_python_dop_operator_3.py
[2022-09-20 14:33:41,502] {processor.py:642} INFO - Processing file /home/airflow/.local/lib/python3.7/site-packages/airflow/example_dags/example_branch_python_dop_operator_3.py for tasks to queue
[2022-09-20 14:33:41,503] {logging_mixin.py:109} INFO - [2022-09-20 14:33:41,503] {dagbag.py:500} INFO - Filling up the DagBag from /home/airflow/.local/lib/python3.7/site-packages/airflow/example_dags/example_branch_python_dop_operator_3.py
[2022-09-20 14:33:41,550] {processor.py:654} INFO - DAG(s) dict_keys(['example_branch_dop_operator_v3']) retrieved from /home/airflow/.local/lib/python3.7/site-packages/airflow/example_dags/example_branch_python_dop_operator_3.py
[2022-09-20 14:33:41,568] {logging_mixin.py:109} INFO - [2022-09-20 14:33:41,567] {dag.py:2396} INFO - Sync 1 DAGs
[2022-09-20 14:33:41,607] {logging_mixin.py:109} INFO - [2022-09-20 14:33:41,607] {dag.py:2935} INFO - Setting next_dagrun for example_branch_dop_operator_v3 to 2022-09-20T14:32:00+00:00
[2022-09-20 14:33:41,625] {processor.py:171} INFO - Processing /home/airflow/.local/lib/python3.7/site-packages/airflow/example_dags/example_branch_python_dop_operator_3.py took 0.131 seconds
[2022-09-20 14:34:12,026] {processor.py:163} INFO - Started process (PID=583) to work on /home/airflow/.local/lib/python3.7/site-packages/airflow/example_dags/example_branch_python_dop_operator_3.py
[2022-09-20 14:34:12,028] {processor.py:642} INFO - Processing file /home/airflow/.local/lib/python3.7/site-packages/airflow/example_dags/example_branch_python_dop_operator_3.py for tasks to queue
[2022-09-20 14:34:12,029] {logging_mixin.py:109} INFO - [2022-09-20 14:34:12,029] {dagbag.py:500} INFO - Filling up the DagBag from /home/airflow/.local/lib/python3.7/site-packages/airflow/example_dags/example_branch_python_dop_operator_3.py
[2022-09-20 14:34:12,078] {processor.py:654} INFO - DAG(s) dict_keys(['example_branch_dop_operator_v3']) retrieved from /home/airflow/.local/lib/python3.7/site-packages/airflow/example_dags/example_branch_python_dop_operator_3.py
[2022-09-20 14:34:12,095] {logging_mixin.py:109} INFO - [2022-09-20 14:34:12,095] {dag.py:2396} INFO - Sync 1 DAGs
[2022-09-20 14:34:12,129] {logging_mixin.py:109} INFO - [2022-09-20 14:34:12,129] {dag.py:2935} INFO - Setting next_dagrun for example_branch_dop_operator_v3 to 2022-09-20T14:33:00+00:00
[2022-09-20 14:34:12,142] {processor.py:171} INFO - Processing /home/airflow/.local/lib/python3.7/site-packages/airflow/example_dags/example_branch_python_dop_operator_3.py took 0.122 seconds
