[2022-09-20 14:29:43,863] {processor.py:163} INFO - Started process (PID=41) to work on /home/airflow/.local/lib/python3.7/site-packages/airflow/example_dags/example_bash_operator.py
[2022-09-20 14:29:43,870] {processor.py:642} INFO - Processing file /home/airflow/.local/lib/python3.7/site-packages/airflow/example_dags/example_bash_operator.py for tasks to queue
[2022-09-20 14:29:43,871] {logging_mixin.py:109} INFO - [2022-09-20 14:29:43,870] {dagbag.py:500} INFO - Filling up the DagBag from /home/airflow/.local/lib/python3.7/site-packages/airflow/example_dags/example_bash_operator.py
[2022-09-20 14:29:43,929] {processor.py:654} INFO - DAG(s) dict_keys(['example_bash_operator']) retrieved from /home/airflow/.local/lib/python3.7/site-packages/airflow/example_dags/example_bash_operator.py
[2022-09-20 14:29:57,751] {logging_mixin.py:109} INFO - [2022-09-20 14:29:57,751] {manager.py:496} INFO - Created Permission View: can edit on DAG:example_bash_operator
[2022-09-20 14:29:57,786] {logging_mixin.py:109} INFO - [2022-09-20 14:29:57,786] {manager.py:496} INFO - Created Permission View: can read on DAG:example_bash_operator
[2022-09-20 14:29:57,786] {logging_mixin.py:109} INFO - [2022-09-20 14:29:57,786] {dag.py:2396} INFO - Sync 1 DAGs
[2022-09-20 14:29:57,800] {logging_mixin.py:109} INFO - [2022-09-20 14:29:57,800] {dag.py:2415} INFO - Creating ORM DAG for example_bash_operator
[2022-09-20 14:29:57,827] {logging_mixin.py:109} INFO - [2022-09-20 14:29:57,827] {dag.py:2935} INFO - Setting next_dagrun for example_bash_operator to 2022-09-19 00:00:00+00:00
[2022-09-20 14:29:57,891] {processor.py:171} INFO - Processing /home/airflow/.local/lib/python3.7/site-packages/airflow/example_dags/example_bash_operator.py took 14.059 seconds
[2022-09-20 14:30:42,829] {processor.py:163} INFO - Started process (PID=228) to work on /home/airflow/.local/lib/python3.7/site-packages/airflow/example_dags/example_bash_operator.py
[2022-09-20 14:30:42,832] {processor.py:642} INFO - Processing file /home/airflow/.local/lib/python3.7/site-packages/airflow/example_dags/example_bash_operator.py for tasks to queue
[2022-09-20 14:30:42,833] {logging_mixin.py:109} INFO - [2022-09-20 14:30:42,832] {dagbag.py:500} INFO - Filling up the DagBag from /home/airflow/.local/lib/python3.7/site-packages/airflow/example_dags/example_bash_operator.py
[2022-09-20 14:30:42,884] {processor.py:654} INFO - DAG(s) dict_keys(['example_bash_operator']) retrieved from /home/airflow/.local/lib/python3.7/site-packages/airflow/example_dags/example_bash_operator.py
[2022-09-20 14:30:42,903] {logging_mixin.py:109} INFO - [2022-09-20 14:30:42,903] {dag.py:2396} INFO - Sync 1 DAGs
[2022-09-20 14:30:42,930] {logging_mixin.py:109} INFO - [2022-09-20 14:30:42,930] {dag.py:2935} INFO - Setting next_dagrun for example_bash_operator to 2022-09-19 00:00:00+00:00
[2022-09-20 14:30:42,942] {processor.py:171} INFO - Processing /home/airflow/.local/lib/python3.7/site-packages/airflow/example_dags/example_bash_operator.py took 0.129 seconds
[2022-09-20 14:31:13,112] {processor.py:163} INFO - Started process (PID=275) to work on /home/airflow/.local/lib/python3.7/site-packages/airflow/example_dags/example_bash_operator.py
[2022-09-20 14:31:13,114] {processor.py:642} INFO - Processing file /home/airflow/.local/lib/python3.7/site-packages/airflow/example_dags/example_bash_operator.py for tasks to queue
[2022-09-20 14:31:13,115] {logging_mixin.py:109} INFO - [2022-09-20 14:31:13,114] {dagbag.py:500} INFO - Filling up the DagBag from /home/airflow/.local/lib/python3.7/site-packages/airflow/example_dags/example_bash_operator.py
[2022-09-20 14:31:13,160] {processor.py:654} INFO - DAG(s) dict_keys(['example_bash_operator']) retrieved from /home/airflow/.local/lib/python3.7/site-packages/airflow/example_dags/example_bash_operator.py
[2022-09-20 14:31:13,175] {logging_mixin.py:109} INFO - [2022-09-20 14:31:13,175] {dag.py:2396} INFO - Sync 1 DAGs
[2022-09-20 14:31:13,199] {logging_mixin.py:109} INFO - [2022-09-20 14:31:13,199] {dag.py:2935} INFO - Setting next_dagrun for example_bash_operator to 2022-09-19 00:00:00+00:00
[2022-09-20 14:31:13,212] {processor.py:171} INFO - Processing /home/airflow/.local/lib/python3.7/site-packages/airflow/example_dags/example_bash_operator.py took 0.105 seconds
[2022-09-20 14:31:43,437] {processor.py:163} INFO - Started process (PID=325) to work on /home/airflow/.local/lib/python3.7/site-packages/airflow/example_dags/example_bash_operator.py
[2022-09-20 14:31:43,444] {processor.py:642} INFO - Processing file /home/airflow/.local/lib/python3.7/site-packages/airflow/example_dags/example_bash_operator.py for tasks to queue
[2022-09-20 14:31:43,445] {logging_mixin.py:109} INFO - [2022-09-20 14:31:43,445] {dagbag.py:500} INFO - Filling up the DagBag from /home/airflow/.local/lib/python3.7/site-packages/airflow/example_dags/example_bash_operator.py
[2022-09-20 14:31:43,488] {processor.py:654} INFO - DAG(s) dict_keys(['example_bash_operator']) retrieved from /home/airflow/.local/lib/python3.7/site-packages/airflow/example_dags/example_bash_operator.py
[2022-09-20 14:31:43,501] {logging_mixin.py:109} INFO - [2022-09-20 14:31:43,501] {dag.py:2396} INFO - Sync 1 DAGs
[2022-09-20 14:31:43,523] {logging_mixin.py:109} INFO - [2022-09-20 14:31:43,523] {dag.py:2935} INFO - Setting next_dagrun for example_bash_operator to 2022-09-19 00:00:00+00:00
[2022-09-20 14:31:43,536] {processor.py:171} INFO - Processing /home/airflow/.local/lib/python3.7/site-packages/airflow/example_dags/example_bash_operator.py took 0.104 seconds
[2022-09-20 14:32:14,176] {processor.py:163} INFO - Started process (PID=384) to work on /home/airflow/.local/lib/python3.7/site-packages/airflow/example_dags/example_bash_operator.py
[2022-09-20 14:32:14,179] {processor.py:642} INFO - Processing file /home/airflow/.local/lib/python3.7/site-packages/airflow/example_dags/example_bash_operator.py for tasks to queue
[2022-09-20 14:32:14,180] {logging_mixin.py:109} INFO - [2022-09-20 14:32:14,180] {dagbag.py:500} INFO - Filling up the DagBag from /home/airflow/.local/lib/python3.7/site-packages/airflow/example_dags/example_bash_operator.py
[2022-09-20 14:32:14,256] {processor.py:654} INFO - DAG(s) dict_keys(['example_bash_operator']) retrieved from /home/airflow/.local/lib/python3.7/site-packages/airflow/example_dags/example_bash_operator.py
[2022-09-20 14:32:14,281] {logging_mixin.py:109} INFO - [2022-09-20 14:32:14,280] {dag.py:2396} INFO - Sync 1 DAGs
[2022-09-20 14:32:14,340] {logging_mixin.py:109} INFO - [2022-09-20 14:32:14,340] {dag.py:2935} INFO - Setting next_dagrun for example_bash_operator to 2022-09-19 00:00:00+00:00
[2022-09-20 14:32:14,416] {processor.py:171} INFO - Processing /home/airflow/.local/lib/python3.7/site-packages/airflow/example_dags/example_bash_operator.py took 0.245 seconds
[2022-09-20 14:32:44,982] {processor.py:163} INFO - Started process (PID=436) to work on /home/airflow/.local/lib/python3.7/site-packages/airflow/example_dags/example_bash_operator.py
[2022-09-20 14:32:44,986] {processor.py:642} INFO - Processing file /home/airflow/.local/lib/python3.7/site-packages/airflow/example_dags/example_bash_operator.py for tasks to queue
[2022-09-20 14:32:44,987] {logging_mixin.py:109} INFO - [2022-09-20 14:32:44,987] {dagbag.py:500} INFO - Filling up the DagBag from /home/airflow/.local/lib/python3.7/site-packages/airflow/example_dags/example_bash_operator.py
[2022-09-20 14:32:45,147] {processor.py:654} INFO - DAG(s) dict_keys(['example_bash_operator']) retrieved from /home/airflow/.local/lib/python3.7/site-packages/airflow/example_dags/example_bash_operator.py
[2022-09-20 14:32:45,190] {logging_mixin.py:109} INFO - [2022-09-20 14:32:45,190] {dag.py:2396} INFO - Sync 1 DAGs
[2022-09-20 14:32:45,274] {logging_mixin.py:109} INFO - [2022-09-20 14:32:45,274] {dag.py:2935} INFO - Setting next_dagrun for example_bash_operator to 2022-09-19 00:00:00+00:00
[2022-09-20 14:32:45,303] {processor.py:171} INFO - Processing /home/airflow/.local/lib/python3.7/site-packages/airflow/example_dags/example_bash_operator.py took 0.334 seconds
[2022-09-20 14:33:15,373] {processor.py:163} INFO - Started process (PID=485) to work on /home/airflow/.local/lib/python3.7/site-packages/airflow/example_dags/example_bash_operator.py
[2022-09-20 14:33:15,376] {processor.py:642} INFO - Processing file /home/airflow/.local/lib/python3.7/site-packages/airflow/example_dags/example_bash_operator.py for tasks to queue
[2022-09-20 14:33:15,377] {logging_mixin.py:109} INFO - [2022-09-20 14:33:15,377] {dagbag.py:500} INFO - Filling up the DagBag from /home/airflow/.local/lib/python3.7/site-packages/airflow/example_dags/example_bash_operator.py
[2022-09-20 14:33:15,427] {processor.py:654} INFO - DAG(s) dict_keys(['example_bash_operator']) retrieved from /home/airflow/.local/lib/python3.7/site-packages/airflow/example_dags/example_bash_operator.py
[2022-09-20 14:33:15,444] {logging_mixin.py:109} INFO - [2022-09-20 14:33:15,444] {dag.py:2396} INFO - Sync 1 DAGs
[2022-09-20 14:33:15,470] {logging_mixin.py:109} INFO - [2022-09-20 14:33:15,470] {dag.py:2935} INFO - Setting next_dagrun for example_bash_operator to 2022-09-19 00:00:00+00:00
[2022-09-20 14:33:15,484] {processor.py:171} INFO - Processing /home/airflow/.local/lib/python3.7/site-packages/airflow/example_dags/example_bash_operator.py took 0.117 seconds
[2022-09-20 14:33:45,836] {processor.py:163} INFO - Started process (PID=538) to work on /home/airflow/.local/lib/python3.7/site-packages/airflow/example_dags/example_bash_operator.py
[2022-09-20 14:33:45,838] {processor.py:642} INFO - Processing file /home/airflow/.local/lib/python3.7/site-packages/airflow/example_dags/example_bash_operator.py for tasks to queue
[2022-09-20 14:33:45,839] {logging_mixin.py:109} INFO - [2022-09-20 14:33:45,839] {dagbag.py:500} INFO - Filling up the DagBag from /home/airflow/.local/lib/python3.7/site-packages/airflow/example_dags/example_bash_operator.py
[2022-09-20 14:33:45,899] {processor.py:654} INFO - DAG(s) dict_keys(['example_bash_operator']) retrieved from /home/airflow/.local/lib/python3.7/site-packages/airflow/example_dags/example_bash_operator.py
[2022-09-20 14:33:45,927] {logging_mixin.py:109} INFO - [2022-09-20 14:33:45,926] {dag.py:2396} INFO - Sync 1 DAGs
[2022-09-20 14:33:45,958] {logging_mixin.py:109} INFO - [2022-09-20 14:33:45,958] {dag.py:2935} INFO - Setting next_dagrun for example_bash_operator to 2022-09-19 00:00:00+00:00
[2022-09-20 14:33:45,974] {processor.py:171} INFO - Processing /home/airflow/.local/lib/python3.7/site-packages/airflow/example_dags/example_bash_operator.py took 0.144 seconds
[2022-09-20 14:34:16,205] {processor.py:163} INFO - Started process (PID=597) to work on /home/airflow/.local/lib/python3.7/site-packages/airflow/example_dags/example_bash_operator.py
[2022-09-20 14:34:16,208] {processor.py:642} INFO - Processing file /home/airflow/.local/lib/python3.7/site-packages/airflow/example_dags/example_bash_operator.py for tasks to queue
[2022-09-20 14:34:16,209] {logging_mixin.py:109} INFO - [2022-09-20 14:34:16,209] {dagbag.py:500} INFO - Filling up the DagBag from /home/airflow/.local/lib/python3.7/site-packages/airflow/example_dags/example_bash_operator.py
[2022-09-20 14:34:16,262] {processor.py:654} INFO - DAG(s) dict_keys(['example_bash_operator']) retrieved from /home/airflow/.local/lib/python3.7/site-packages/airflow/example_dags/example_bash_operator.py
[2022-09-20 14:34:16,279] {logging_mixin.py:109} INFO - [2022-09-20 14:34:16,278] {dag.py:2396} INFO - Sync 1 DAGs
[2022-09-20 14:34:16,307] {logging_mixin.py:109} INFO - [2022-09-20 14:34:16,307] {dag.py:2935} INFO - Setting next_dagrun for example_bash_operator to 2022-09-19 00:00:00+00:00
[2022-09-20 14:34:16,321] {processor.py:171} INFO - Processing /home/airflow/.local/lib/python3.7/site-packages/airflow/example_dags/example_bash_operator.py took 0.123 seconds
