[2022-09-20 14:30:38,484] {processor.py:163} INFO - Started process (PID=202) to work on /home/airflow/.local/lib/python3.7/site-packages/airflow/example_dags/example_branch_operator.py
[2022-09-20 14:30:38,486] {processor.py:642} INFO - Processing file /home/airflow/.local/lib/python3.7/site-packages/airflow/example_dags/example_branch_operator.py for tasks to queue
[2022-09-20 14:30:38,487] {logging_mixin.py:109} INFO - [2022-09-20 14:30:38,487] {dagbag.py:500} INFO - Filling up the DagBag from /home/airflow/.local/lib/python3.7/site-packages/airflow/example_dags/example_branch_operator.py
[2022-09-20 14:30:38,542] {processor.py:654} INFO - DAG(s) dict_keys(['example_branch_operator']) retrieved from /home/airflow/.local/lib/python3.7/site-packages/airflow/example_dags/example_branch_operator.py
[2022-09-20 14:30:41,838] {logging_mixin.py:109} INFO - [2022-09-20 14:30:41,837] {manager.py:496} INFO - Created Permission View: can edit on DAG:example_branch_operator
[2022-09-20 14:30:41,850] {logging_mixin.py:109} INFO - [2022-09-20 14:30:41,850] {manager.py:496} INFO - Created Permission View: can read on DAG:example_branch_operator
[2022-09-20 14:30:41,851] {logging_mixin.py:109} INFO - [2022-09-20 14:30:41,851] {dag.py:2396} INFO - Sync 1 DAGs
[2022-09-20 14:30:41,864] {logging_mixin.py:109} INFO - [2022-09-20 14:30:41,863] {dag.py:2415} INFO - Creating ORM DAG for example_branch_operator
[2022-09-20 14:30:41,882] {logging_mixin.py:109} INFO - [2022-09-20 14:30:41,882] {dag.py:2935} INFO - Setting next_dagrun for example_branch_operator to 2022-09-19 00:00:00+00:00
[2022-09-20 14:30:41,906] {processor.py:171} INFO - Processing /home/airflow/.local/lib/python3.7/site-packages/airflow/example_dags/example_branch_operator.py took 3.429 seconds
[2022-09-20 14:31:12,098] {processor.py:163} INFO - Started process (PID=273) to work on /home/airflow/.local/lib/python3.7/site-packages/airflow/example_dags/example_branch_operator.py
[2022-09-20 14:31:12,100] {processor.py:642} INFO - Processing file /home/airflow/.local/lib/python3.7/site-packages/airflow/example_dags/example_branch_operator.py for tasks to queue
[2022-09-20 14:31:12,100] {logging_mixin.py:109} INFO - [2022-09-20 14:31:12,100] {dagbag.py:500} INFO - Filling up the DagBag from /home/airflow/.local/lib/python3.7/site-packages/airflow/example_dags/example_branch_operator.py
[2022-09-20 14:31:12,144] {processor.py:654} INFO - DAG(s) dict_keys(['example_branch_operator']) retrieved from /home/airflow/.local/lib/python3.7/site-packages/airflow/example_dags/example_branch_operator.py
[2022-09-20 14:31:12,161] {logging_mixin.py:109} INFO - [2022-09-20 14:31:12,160] {dag.py:2396} INFO - Sync 1 DAGs
[2022-09-20 14:31:12,185] {logging_mixin.py:109} INFO - [2022-09-20 14:31:12,185] {dag.py:2935} INFO - Setting next_dagrun for example_branch_operator to 2022-09-19 00:00:00+00:00
[2022-09-20 14:31:12,197] {processor.py:171} INFO - Processing /home/airflow/.local/lib/python3.7/site-packages/airflow/example_dags/example_branch_operator.py took 0.105 seconds
[2022-09-20 14:31:42,419] {processor.py:163} INFO - Started process (PID=323) to work on /home/airflow/.local/lib/python3.7/site-packages/airflow/example_dags/example_branch_operator.py
[2022-09-20 14:31:42,420] {processor.py:642} INFO - Processing file /home/airflow/.local/lib/python3.7/site-packages/airflow/example_dags/example_branch_operator.py for tasks to queue
[2022-09-20 14:31:42,421] {logging_mixin.py:109} INFO - [2022-09-20 14:31:42,421] {dagbag.py:500} INFO - Filling up the DagBag from /home/airflow/.local/lib/python3.7/site-packages/airflow/example_dags/example_branch_operator.py
[2022-09-20 14:31:42,459] {processor.py:654} INFO - DAG(s) dict_keys(['example_branch_operator']) retrieved from /home/airflow/.local/lib/python3.7/site-packages/airflow/example_dags/example_branch_operator.py
[2022-09-20 14:31:42,472] {logging_mixin.py:109} INFO - [2022-09-20 14:31:42,472] {dag.py:2396} INFO - Sync 1 DAGs
[2022-09-20 14:31:42,491] {logging_mixin.py:109} INFO - [2022-09-20 14:31:42,491] {dag.py:2935} INFO - Setting next_dagrun for example_branch_operator to 2022-09-19 00:00:00+00:00
[2022-09-20 14:31:42,501] {processor.py:171} INFO - Processing /home/airflow/.local/lib/python3.7/site-packages/airflow/example_dags/example_branch_operator.py took 0.087 seconds
[2022-09-20 14:32:13,149] {processor.py:163} INFO - Started process (PID=382) to work on /home/airflow/.local/lib/python3.7/site-packages/airflow/example_dags/example_branch_operator.py
[2022-09-20 14:32:13,151] {processor.py:642} INFO - Processing file /home/airflow/.local/lib/python3.7/site-packages/airflow/example_dags/example_branch_operator.py for tasks to queue
[2022-09-20 14:32:13,153] {logging_mixin.py:109} INFO - [2022-09-20 14:32:13,152] {dagbag.py:500} INFO - Filling up the DagBag from /home/airflow/.local/lib/python3.7/site-packages/airflow/example_dags/example_branch_operator.py
[2022-09-20 14:32:13,207] {processor.py:654} INFO - DAG(s) dict_keys(['example_branch_operator']) retrieved from /home/airflow/.local/lib/python3.7/site-packages/airflow/example_dags/example_branch_operator.py
[2022-09-20 14:32:13,223] {logging_mixin.py:109} INFO - [2022-09-20 14:32:13,223] {dag.py:2396} INFO - Sync 1 DAGs
[2022-09-20 14:32:13,247] {logging_mixin.py:109} INFO - [2022-09-20 14:32:13,246] {dag.py:2935} INFO - Setting next_dagrun for example_branch_operator to 2022-09-19 00:00:00+00:00
[2022-09-20 14:32:13,259] {processor.py:171} INFO - Processing /home/airflow/.local/lib/python3.7/site-packages/airflow/example_dags/example_branch_operator.py took 0.117 seconds
[2022-09-20 14:32:43,883] {processor.py:163} INFO - Started process (PID=434) to work on /home/airflow/.local/lib/python3.7/site-packages/airflow/example_dags/example_branch_operator.py
[2022-09-20 14:32:43,890] {processor.py:642} INFO - Processing file /home/airflow/.local/lib/python3.7/site-packages/airflow/example_dags/example_branch_operator.py for tasks to queue
[2022-09-20 14:32:43,894] {logging_mixin.py:109} INFO - [2022-09-20 14:32:43,894] {dagbag.py:500} INFO - Filling up the DagBag from /home/airflow/.local/lib/python3.7/site-packages/airflow/example_dags/example_branch_operator.py
[2022-09-20 14:32:44,066] {processor.py:654} INFO - DAG(s) dict_keys(['example_branch_operator']) retrieved from /home/airflow/.local/lib/python3.7/site-packages/airflow/example_dags/example_branch_operator.py
[2022-09-20 14:32:44,118] {logging_mixin.py:109} INFO - [2022-09-20 14:32:44,118] {dag.py:2396} INFO - Sync 1 DAGs
[2022-09-20 14:32:44,170] {logging_mixin.py:109} INFO - [2022-09-20 14:32:44,170] {dag.py:2935} INFO - Setting next_dagrun for example_branch_operator to 2022-09-19 00:00:00+00:00
[2022-09-20 14:32:44,194] {processor.py:171} INFO - Processing /home/airflow/.local/lib/python3.7/site-packages/airflow/example_dags/example_branch_operator.py took 0.332 seconds
[2022-09-20 14:33:14,225] {processor.py:163} INFO - Started process (PID=484) to work on /home/airflow/.local/lib/python3.7/site-packages/airflow/example_dags/example_branch_operator.py
[2022-09-20 14:33:14,228] {processor.py:642} INFO - Processing file /home/airflow/.local/lib/python3.7/site-packages/airflow/example_dags/example_branch_operator.py for tasks to queue
[2022-09-20 14:33:14,229] {logging_mixin.py:109} INFO - [2022-09-20 14:33:14,229] {dagbag.py:500} INFO - Filling up the DagBag from /home/airflow/.local/lib/python3.7/site-packages/airflow/example_dags/example_branch_operator.py
[2022-09-20 14:33:14,276] {processor.py:654} INFO - DAG(s) dict_keys(['example_branch_operator']) retrieved from /home/airflow/.local/lib/python3.7/site-packages/airflow/example_dags/example_branch_operator.py
[2022-09-20 14:33:14,292] {logging_mixin.py:109} INFO - [2022-09-20 14:33:14,292] {dag.py:2396} INFO - Sync 1 DAGs
[2022-09-20 14:33:14,326] {logging_mixin.py:109} INFO - [2022-09-20 14:33:14,326] {dag.py:2935} INFO - Setting next_dagrun for example_branch_operator to 2022-09-19 00:00:00+00:00
[2022-09-20 14:33:14,343] {processor.py:171} INFO - Processing /home/airflow/.local/lib/python3.7/site-packages/airflow/example_dags/example_branch_operator.py took 0.124 seconds
[2022-09-20 14:33:44,817] {processor.py:163} INFO - Started process (PID=536) to work on /home/airflow/.local/lib/python3.7/site-packages/airflow/example_dags/example_branch_operator.py
[2022-09-20 14:33:44,819] {processor.py:642} INFO - Processing file /home/airflow/.local/lib/python3.7/site-packages/airflow/example_dags/example_branch_operator.py for tasks to queue
[2022-09-20 14:33:44,820] {logging_mixin.py:109} INFO - [2022-09-20 14:33:44,820] {dagbag.py:500} INFO - Filling up the DagBag from /home/airflow/.local/lib/python3.7/site-packages/airflow/example_dags/example_branch_operator.py
[2022-09-20 14:33:44,869] {processor.py:654} INFO - DAG(s) dict_keys(['example_branch_operator']) retrieved from /home/airflow/.local/lib/python3.7/site-packages/airflow/example_dags/example_branch_operator.py
[2022-09-20 14:33:44,885] {logging_mixin.py:109} INFO - [2022-09-20 14:33:44,884] {dag.py:2396} INFO - Sync 1 DAGs
[2022-09-20 14:33:44,909] {logging_mixin.py:109} INFO - [2022-09-20 14:33:44,909] {dag.py:2935} INFO - Setting next_dagrun for example_branch_operator to 2022-09-19 00:00:00+00:00
[2022-09-20 14:33:44,922] {processor.py:171} INFO - Processing /home/airflow/.local/lib/python3.7/site-packages/airflow/example_dags/example_branch_operator.py took 0.111 seconds
[2022-09-20 14:34:15,187] {processor.py:163} INFO - Started process (PID=595) to work on /home/airflow/.local/lib/python3.7/site-packages/airflow/example_dags/example_branch_operator.py
[2022-09-20 14:34:15,189] {processor.py:642} INFO - Processing file /home/airflow/.local/lib/python3.7/site-packages/airflow/example_dags/example_branch_operator.py for tasks to queue
[2022-09-20 14:34:15,191] {logging_mixin.py:109} INFO - [2022-09-20 14:34:15,190] {dagbag.py:500} INFO - Filling up the DagBag from /home/airflow/.local/lib/python3.7/site-packages/airflow/example_dags/example_branch_operator.py
[2022-09-20 14:34:15,245] {processor.py:654} INFO - DAG(s) dict_keys(['example_branch_operator']) retrieved from /home/airflow/.local/lib/python3.7/site-packages/airflow/example_dags/example_branch_operator.py
[2022-09-20 14:34:15,264] {logging_mixin.py:109} INFO - [2022-09-20 14:34:15,264] {dag.py:2396} INFO - Sync 1 DAGs
[2022-09-20 14:34:15,295] {logging_mixin.py:109} INFO - [2022-09-20 14:34:15,295] {dag.py:2935} INFO - Setting next_dagrun for example_branch_operator to 2022-09-19 00:00:00+00:00
[2022-09-20 14:34:15,311] {processor.py:171} INFO - Processing /home/airflow/.local/lib/python3.7/site-packages/airflow/example_dags/example_branch_operator.py took 0.131 seconds
