[2022-09-20 14:30:36,631] {processor.py:163} INFO - Started process (PID=196) to work on /home/airflow/.local/lib/python3.7/site-packages/airflow/example_dags/example_sla_dag.py
[2022-09-20 14:30:36,633] {processor.py:642} INFO - Processing file /home/airflow/.local/lib/python3.7/site-packages/airflow/example_dags/example_sla_dag.py for tasks to queue
[2022-09-20 14:30:36,634] {logging_mixin.py:109} INFO - [2022-09-20 14:30:36,634] {dagbag.py:500} INFO - Filling up the DagBag from /home/airflow/.local/lib/python3.7/site-packages/airflow/example_dags/example_sla_dag.py
[2022-09-20 14:30:36,683] {processor.py:654} INFO - DAG(s) dict_keys(['example_sla_dag']) retrieved from /home/airflow/.local/lib/python3.7/site-packages/airflow/example_dags/example_sla_dag.py
[2022-09-20 14:30:38,930] {logging_mixin.py:109} INFO - [2022-09-20 14:30:38,930] {manager.py:496} INFO - Created Permission View: can edit on DAG:example_sla_dag
[2022-09-20 14:30:38,940] {logging_mixin.py:109} INFO - [2022-09-20 14:30:38,940] {manager.py:496} INFO - Created Permission View: can read on DAG:example_sla_dag
[2022-09-20 14:30:38,941] {logging_mixin.py:109} INFO - [2022-09-20 14:30:38,941] {dag.py:2396} INFO - Sync 1 DAGs
[2022-09-20 14:30:38,950] {logging_mixin.py:109} INFO - [2022-09-20 14:30:38,950] {dag.py:2415} INFO - Creating ORM DAG for example_sla_dag
[2022-09-20 14:30:38,964] {logging_mixin.py:109} INFO - [2022-09-20 14:30:38,964] {dag.py:2935} INFO - Setting next_dagrun for example_sla_dag to 2022-09-20T14:28:00+00:00
[2022-09-20 14:30:38,985] {processor.py:171} INFO - Processing /home/airflow/.local/lib/python3.7/site-packages/airflow/example_dags/example_sla_dag.py took 2.360 seconds
[2022-09-20 14:31:09,085] {processor.py:163} INFO - Started process (PID=272) to work on /home/airflow/.local/lib/python3.7/site-packages/airflow/example_dags/example_sla_dag.py
[2022-09-20 14:31:09,087] {processor.py:642} INFO - Processing file /home/airflow/.local/lib/python3.7/site-packages/airflow/example_dags/example_sla_dag.py for tasks to queue
[2022-09-20 14:31:09,088] {logging_mixin.py:109} INFO - [2022-09-20 14:31:09,088] {dagbag.py:500} INFO - Filling up the DagBag from /home/airflow/.local/lib/python3.7/site-packages/airflow/example_dags/example_sla_dag.py
[2022-09-20 14:31:09,139] {processor.py:654} INFO - DAG(s) dict_keys(['example_sla_dag']) retrieved from /home/airflow/.local/lib/python3.7/site-packages/airflow/example_dags/example_sla_dag.py
[2022-09-20 14:31:09,154] {logging_mixin.py:109} INFO - [2022-09-20 14:31:09,154] {dag.py:2396} INFO - Sync 1 DAGs
[2022-09-20 14:31:09,189] {logging_mixin.py:109} INFO - [2022-09-20 14:31:09,188] {dag.py:2935} INFO - Setting next_dagrun for example_sla_dag to 2022-09-20T14:28:00+00:00
[2022-09-20 14:31:09,203] {processor.py:171} INFO - Processing /home/airflow/.local/lib/python3.7/site-packages/airflow/example_dags/example_sla_dag.py took 0.124 seconds
[2022-09-20 14:31:39,294] {processor.py:163} INFO - Started process (PID=322) to work on /home/airflow/.local/lib/python3.7/site-packages/airflow/example_dags/example_sla_dag.py
[2022-09-20 14:31:39,297] {processor.py:642} INFO - Processing file /home/airflow/.local/lib/python3.7/site-packages/airflow/example_dags/example_sla_dag.py for tasks to queue
[2022-09-20 14:31:39,298] {logging_mixin.py:109} INFO - [2022-09-20 14:31:39,298] {dagbag.py:500} INFO - Filling up the DagBag from /home/airflow/.local/lib/python3.7/site-packages/airflow/example_dags/example_sla_dag.py
[2022-09-20 14:31:39,345] {processor.py:654} INFO - DAG(s) dict_keys(['example_sla_dag']) retrieved from /home/airflow/.local/lib/python3.7/site-packages/airflow/example_dags/example_sla_dag.py
[2022-09-20 14:31:39,356] {logging_mixin.py:109} INFO - [2022-09-20 14:31:39,356] {dag.py:2396} INFO - Sync 1 DAGs
[2022-09-20 14:31:39,378] {logging_mixin.py:109} INFO - [2022-09-20 14:31:39,378] {dag.py:2935} INFO - Setting next_dagrun for example_sla_dag to 2022-09-20T14:28:00+00:00
[2022-09-20 14:31:39,393] {processor.py:171} INFO - Processing /home/airflow/.local/lib/python3.7/site-packages/airflow/example_dags/example_sla_dag.py took 0.105 seconds
[2022-09-20 14:32:10,013] {processor.py:163} INFO - Started process (PID=372) to work on /home/airflow/.local/lib/python3.7/site-packages/airflow/example_dags/example_sla_dag.py
[2022-09-20 14:32:10,015] {processor.py:642} INFO - Processing file /home/airflow/.local/lib/python3.7/site-packages/airflow/example_dags/example_sla_dag.py for tasks to queue
[2022-09-20 14:32:10,016] {logging_mixin.py:109} INFO - [2022-09-20 14:32:10,016] {dagbag.py:500} INFO - Filling up the DagBag from /home/airflow/.local/lib/python3.7/site-packages/airflow/example_dags/example_sla_dag.py
[2022-09-20 14:32:10,062] {processor.py:654} INFO - DAG(s) dict_keys(['example_sla_dag']) retrieved from /home/airflow/.local/lib/python3.7/site-packages/airflow/example_dags/example_sla_dag.py
[2022-09-20 14:32:10,076] {logging_mixin.py:109} INFO - [2022-09-20 14:32:10,075] {dag.py:2396} INFO - Sync 1 DAGs
[2022-09-20 14:32:10,099] {logging_mixin.py:109} INFO - [2022-09-20 14:32:10,099] {dag.py:2935} INFO - Setting next_dagrun for example_sla_dag to 2022-09-20T14:30:00+00:00
[2022-09-20 14:32:10,110] {processor.py:171} INFO - Processing /home/airflow/.local/lib/python3.7/site-packages/airflow/example_dags/example_sla_dag.py took 0.102 seconds
[2022-09-20 14:32:40,492] {processor.py:163} INFO - Started process (PID=433) to work on /home/airflow/.local/lib/python3.7/site-packages/airflow/example_dags/example_sla_dag.py
[2022-09-20 14:32:40,499] {processor.py:642} INFO - Processing file /home/airflow/.local/lib/python3.7/site-packages/airflow/example_dags/example_sla_dag.py for tasks to queue
[2022-09-20 14:32:40,502] {logging_mixin.py:109} INFO - [2022-09-20 14:32:40,501] {dagbag.py:500} INFO - Filling up the DagBag from /home/airflow/.local/lib/python3.7/site-packages/airflow/example_dags/example_sla_dag.py
[2022-09-20 14:32:40,672] {processor.py:654} INFO - DAG(s) dict_keys(['example_sla_dag']) retrieved from /home/airflow/.local/lib/python3.7/site-packages/airflow/example_dags/example_sla_dag.py
[2022-09-20 14:32:40,703] {logging_mixin.py:109} INFO - [2022-09-20 14:32:40,703] {dag.py:2396} INFO - Sync 1 DAGs
[2022-09-20 14:32:40,782] {logging_mixin.py:109} INFO - [2022-09-20 14:32:40,782] {dag.py:2935} INFO - Setting next_dagrun for example_sla_dag to 2022-09-20T14:30:00+00:00
[2022-09-20 14:32:40,807] {processor.py:171} INFO - Processing /home/airflow/.local/lib/python3.7/site-packages/airflow/example_dags/example_sla_dag.py took 0.332 seconds
[2022-09-20 14:33:11,093] {processor.py:163} INFO - Started process (PID=483) to work on /home/airflow/.local/lib/python3.7/site-packages/airflow/example_dags/example_sla_dag.py
[2022-09-20 14:33:11,096] {processor.py:642} INFO - Processing file /home/airflow/.local/lib/python3.7/site-packages/airflow/example_dags/example_sla_dag.py for tasks to queue
[2022-09-20 14:33:11,097] {logging_mixin.py:109} INFO - [2022-09-20 14:33:11,097] {dagbag.py:500} INFO - Filling up the DagBag from /home/airflow/.local/lib/python3.7/site-packages/airflow/example_dags/example_sla_dag.py
[2022-09-20 14:33:11,147] {processor.py:654} INFO - DAG(s) dict_keys(['example_sla_dag']) retrieved from /home/airflow/.local/lib/python3.7/site-packages/airflow/example_dags/example_sla_dag.py
[2022-09-20 14:33:11,161] {logging_mixin.py:109} INFO - [2022-09-20 14:33:11,160] {dag.py:2396} INFO - Sync 1 DAGs
[2022-09-20 14:33:11,187] {logging_mixin.py:109} INFO - [2022-09-20 14:33:11,187] {dag.py:2935} INFO - Setting next_dagrun for example_sla_dag to 2022-09-20T14:30:00+00:00
[2022-09-20 14:33:11,202] {processor.py:171} INFO - Processing /home/airflow/.local/lib/python3.7/site-packages/airflow/example_dags/example_sla_dag.py took 0.115 seconds
[2022-09-20 14:33:41,658] {processor.py:163} INFO - Started process (PID=535) to work on /home/airflow/.local/lib/python3.7/site-packages/airflow/example_dags/example_sla_dag.py
[2022-09-20 14:33:41,660] {processor.py:642} INFO - Processing file /home/airflow/.local/lib/python3.7/site-packages/airflow/example_dags/example_sla_dag.py for tasks to queue
[2022-09-20 14:33:41,661] {logging_mixin.py:109} INFO - [2022-09-20 14:33:41,661] {dagbag.py:500} INFO - Filling up the DagBag from /home/airflow/.local/lib/python3.7/site-packages/airflow/example_dags/example_sla_dag.py
[2022-09-20 14:33:41,716] {processor.py:654} INFO - DAG(s) dict_keys(['example_sla_dag']) retrieved from /home/airflow/.local/lib/python3.7/site-packages/airflow/example_dags/example_sla_dag.py
[2022-09-20 14:33:41,732] {logging_mixin.py:109} INFO - [2022-09-20 14:33:41,732] {dag.py:2396} INFO - Sync 1 DAGs
[2022-09-20 14:33:41,765] {logging_mixin.py:109} INFO - [2022-09-20 14:33:41,765] {dag.py:2935} INFO - Setting next_dagrun for example_sla_dag to 2022-09-20T14:30:00+00:00
[2022-09-20 14:33:41,778] {processor.py:171} INFO - Processing /home/airflow/.local/lib/python3.7/site-packages/airflow/example_dags/example_sla_dag.py took 0.127 seconds
[2022-09-20 14:34:12,031] {processor.py:163} INFO - Started process (PID=584) to work on /home/airflow/.local/lib/python3.7/site-packages/airflow/example_dags/example_sla_dag.py
[2022-09-20 14:34:12,033] {processor.py:642} INFO - Processing file /home/airflow/.local/lib/python3.7/site-packages/airflow/example_dags/example_sla_dag.py for tasks to queue
[2022-09-20 14:34:12,034] {logging_mixin.py:109} INFO - [2022-09-20 14:34:12,034] {dagbag.py:500} INFO - Filling up the DagBag from /home/airflow/.local/lib/python3.7/site-packages/airflow/example_dags/example_sla_dag.py
[2022-09-20 14:34:12,076] {processor.py:654} INFO - DAG(s) dict_keys(['example_sla_dag']) retrieved from /home/airflow/.local/lib/python3.7/site-packages/airflow/example_dags/example_sla_dag.py
[2022-09-20 14:34:12,091] {logging_mixin.py:109} INFO - [2022-09-20 14:34:12,090] {dag.py:2396} INFO - Sync 1 DAGs
[2022-09-20 14:34:12,125] {logging_mixin.py:109} INFO - [2022-09-20 14:34:12,125] {dag.py:2935} INFO - Setting next_dagrun for example_sla_dag to 2022-09-20T14:32:00+00:00
[2022-09-20 14:34:12,140] {processor.py:171} INFO - Processing /home/airflow/.local/lib/python3.7/site-packages/airflow/example_dags/example_sla_dag.py took 0.114 seconds
