[2022-09-20 14:29:58,361] {processor.py:163} INFO - Started process (PID=60) to work on /home/airflow/.local/lib/python3.7/site-packages/airflow/example_dags/example_nested_branch_dag.py
[2022-09-20 14:29:58,363] {processor.py:642} INFO - Processing file /home/airflow/.local/lib/python3.7/site-packages/airflow/example_dags/example_nested_branch_dag.py for tasks to queue
[2022-09-20 14:29:58,368] {logging_mixin.py:109} INFO - [2022-09-20 14:29:58,368] {dagbag.py:500} INFO - Filling up the DagBag from /home/airflow/.local/lib/python3.7/site-packages/airflow/example_dags/example_nested_branch_dag.py
[2022-09-20 14:29:58,425] {processor.py:654} INFO - DAG(s) dict_keys(['example_nested_branch_dag']) retrieved from /home/airflow/.local/lib/python3.7/site-packages/airflow/example_dags/example_nested_branch_dag.py
[2022-09-20 14:30:02,027] {logging_mixin.py:109} INFO - [2022-09-20 14:30:02,027] {manager.py:496} INFO - Created Permission View: can edit on DAG:example_nested_branch_dag
[2022-09-20 14:30:02,039] {logging_mixin.py:109} INFO - [2022-09-20 14:30:02,039] {manager.py:496} INFO - Created Permission View: can read on DAG:example_nested_branch_dag
[2022-09-20 14:30:02,040] {logging_mixin.py:109} INFO - [2022-09-20 14:30:02,039] {dag.py:2396} INFO - Sync 1 DAGs
[2022-09-20 14:30:02,054] {logging_mixin.py:109} INFO - [2022-09-20 14:30:02,054] {dag.py:2415} INFO - Creating ORM DAG for example_nested_branch_dag
[2022-09-20 14:30:02,070] {logging_mixin.py:109} INFO - [2022-09-20 14:30:02,070] {dag.py:2935} INFO - Setting next_dagrun for example_nested_branch_dag to 2022-09-19 00:00:00+00:00
[2022-09-20 14:30:02,091] {processor.py:171} INFO - Processing /home/airflow/.local/lib/python3.7/site-packages/airflow/example_dags/example_nested_branch_dag.py took 3.743 seconds
[2022-09-20 14:30:43,121] {processor.py:163} INFO - Started process (PID=230) to work on /home/airflow/.local/lib/python3.7/site-packages/airflow/example_dags/example_nested_branch_dag.py
[2022-09-20 14:30:43,133] {processor.py:642} INFO - Processing file /home/airflow/.local/lib/python3.7/site-packages/airflow/example_dags/example_nested_branch_dag.py for tasks to queue
[2022-09-20 14:30:43,134] {logging_mixin.py:109} INFO - [2022-09-20 14:30:43,134] {dagbag.py:500} INFO - Filling up the DagBag from /home/airflow/.local/lib/python3.7/site-packages/airflow/example_dags/example_nested_branch_dag.py
[2022-09-20 14:30:43,188] {processor.py:654} INFO - DAG(s) dict_keys(['example_nested_branch_dag']) retrieved from /home/airflow/.local/lib/python3.7/site-packages/airflow/example_dags/example_nested_branch_dag.py
[2022-09-20 14:30:43,205] {logging_mixin.py:109} INFO - [2022-09-20 14:30:43,205] {dag.py:2396} INFO - Sync 1 DAGs
[2022-09-20 14:30:43,237] {logging_mixin.py:109} INFO - [2022-09-20 14:30:43,236] {dag.py:2935} INFO - Setting next_dagrun for example_nested_branch_dag to 2022-09-19 00:00:00+00:00
[2022-09-20 14:30:43,251] {processor.py:171} INFO - Processing /home/airflow/.local/lib/python3.7/site-packages/airflow/example_dags/example_nested_branch_dag.py took 0.137 seconds
[2022-09-20 14:31:13,485] {processor.py:163} INFO - Started process (PID=280) to work on /home/airflow/.local/lib/python3.7/site-packages/airflow/example_dags/example_nested_branch_dag.py
[2022-09-20 14:31:13,487] {processor.py:642} INFO - Processing file /home/airflow/.local/lib/python3.7/site-packages/airflow/example_dags/example_nested_branch_dag.py for tasks to queue
[2022-09-20 14:31:13,488] {logging_mixin.py:109} INFO - [2022-09-20 14:31:13,488] {dagbag.py:500} INFO - Filling up the DagBag from /home/airflow/.local/lib/python3.7/site-packages/airflow/example_dags/example_nested_branch_dag.py
[2022-09-20 14:31:13,530] {processor.py:654} INFO - DAG(s) dict_keys(['example_nested_branch_dag']) retrieved from /home/airflow/.local/lib/python3.7/site-packages/airflow/example_dags/example_nested_branch_dag.py
[2022-09-20 14:31:13,549] {logging_mixin.py:109} INFO - [2022-09-20 14:31:13,548] {dag.py:2396} INFO - Sync 1 DAGs
[2022-09-20 14:31:13,580] {logging_mixin.py:109} INFO - [2022-09-20 14:31:13,579] {dag.py:2935} INFO - Setting next_dagrun for example_nested_branch_dag to 2022-09-19 00:00:00+00:00
[2022-09-20 14:31:13,596] {processor.py:171} INFO - Processing /home/airflow/.local/lib/python3.7/site-packages/airflow/example_dags/example_nested_branch_dag.py took 0.116 seconds
[2022-09-20 14:31:43,673] {processor.py:163} INFO - Started process (PID=329) to work on /home/airflow/.local/lib/python3.7/site-packages/airflow/example_dags/example_nested_branch_dag.py
[2022-09-20 14:31:43,676] {processor.py:642} INFO - Processing file /home/airflow/.local/lib/python3.7/site-packages/airflow/example_dags/example_nested_branch_dag.py for tasks to queue
[2022-09-20 14:31:43,677] {logging_mixin.py:109} INFO - [2022-09-20 14:31:43,677] {dagbag.py:500} INFO - Filling up the DagBag from /home/airflow/.local/lib/python3.7/site-packages/airflow/example_dags/example_nested_branch_dag.py
[2022-09-20 14:31:43,721] {processor.py:654} INFO - DAG(s) dict_keys(['example_nested_branch_dag']) retrieved from /home/airflow/.local/lib/python3.7/site-packages/airflow/example_dags/example_nested_branch_dag.py
[2022-09-20 14:31:43,740] {logging_mixin.py:109} INFO - [2022-09-20 14:31:43,740] {dag.py:2396} INFO - Sync 1 DAGs
[2022-09-20 14:31:43,765] {logging_mixin.py:109} INFO - [2022-09-20 14:31:43,765] {dag.py:2935} INFO - Setting next_dagrun for example_nested_branch_dag to 2022-09-19 00:00:00+00:00
[2022-09-20 14:31:43,778] {processor.py:171} INFO - Processing /home/airflow/.local/lib/python3.7/site-packages/airflow/example_dags/example_nested_branch_dag.py took 0.109 seconds
[2022-09-20 14:32:14,465] {processor.py:163} INFO - Started process (PID=386) to work on /home/airflow/.local/lib/python3.7/site-packages/airflow/example_dags/example_nested_branch_dag.py
[2022-09-20 14:32:14,468] {processor.py:642} INFO - Processing file /home/airflow/.local/lib/python3.7/site-packages/airflow/example_dags/example_nested_branch_dag.py for tasks to queue
[2022-09-20 14:32:14,469] {logging_mixin.py:109} INFO - [2022-09-20 14:32:14,469] {dagbag.py:500} INFO - Filling up the DagBag from /home/airflow/.local/lib/python3.7/site-packages/airflow/example_dags/example_nested_branch_dag.py
[2022-09-20 14:32:14,560] {processor.py:654} INFO - DAG(s) dict_keys(['example_nested_branch_dag']) retrieved from /home/airflow/.local/lib/python3.7/site-packages/airflow/example_dags/example_nested_branch_dag.py
[2022-09-20 14:32:14,634] {logging_mixin.py:109} INFO - [2022-09-20 14:32:14,633] {dag.py:2396} INFO - Sync 1 DAGs
[2022-09-20 14:32:14,793] {logging_mixin.py:109} INFO - [2022-09-20 14:32:14,792] {dag.py:2935} INFO - Setting next_dagrun for example_nested_branch_dag to 2022-09-19 00:00:00+00:00
[2022-09-20 14:32:14,855] {processor.py:171} INFO - Processing /home/airflow/.local/lib/python3.7/site-packages/airflow/example_dags/example_nested_branch_dag.py took 0.401 seconds
[2022-09-20 14:32:45,476] {processor.py:163} INFO - Started process (PID=438) to work on /home/airflow/.local/lib/python3.7/site-packages/airflow/example_dags/example_nested_branch_dag.py
[2022-09-20 14:32:45,483] {processor.py:642} INFO - Processing file /home/airflow/.local/lib/python3.7/site-packages/airflow/example_dags/example_nested_branch_dag.py for tasks to queue
[2022-09-20 14:32:45,485] {logging_mixin.py:109} INFO - [2022-09-20 14:32:45,484] {dagbag.py:500} INFO - Filling up the DagBag from /home/airflow/.local/lib/python3.7/site-packages/airflow/example_dags/example_nested_branch_dag.py
[2022-09-20 14:32:45,600] {processor.py:654} INFO - DAG(s) dict_keys(['example_nested_branch_dag']) retrieved from /home/airflow/.local/lib/python3.7/site-packages/airflow/example_dags/example_nested_branch_dag.py
[2022-09-20 14:32:45,638] {logging_mixin.py:109} INFO - [2022-09-20 14:32:45,637] {dag.py:2396} INFO - Sync 1 DAGs
[2022-09-20 14:32:45,704] {logging_mixin.py:109} INFO - [2022-09-20 14:32:45,704] {dag.py:2935} INFO - Setting next_dagrun for example_nested_branch_dag to 2022-09-19 00:00:00+00:00
[2022-09-20 14:32:45,737] {processor.py:171} INFO - Processing /home/airflow/.local/lib/python3.7/site-packages/airflow/example_dags/example_nested_branch_dag.py took 0.280 seconds
[2022-09-20 14:33:15,811] {processor.py:163} INFO - Started process (PID=488) to work on /home/airflow/.local/lib/python3.7/site-packages/airflow/example_dags/example_nested_branch_dag.py
[2022-09-20 14:33:15,813] {processor.py:642} INFO - Processing file /home/airflow/.local/lib/python3.7/site-packages/airflow/example_dags/example_nested_branch_dag.py for tasks to queue
[2022-09-20 14:33:15,814] {logging_mixin.py:109} INFO - [2022-09-20 14:33:15,814] {dagbag.py:500} INFO - Filling up the DagBag from /home/airflow/.local/lib/python3.7/site-packages/airflow/example_dags/example_nested_branch_dag.py
[2022-09-20 14:33:15,863] {processor.py:654} INFO - DAG(s) dict_keys(['example_nested_branch_dag']) retrieved from /home/airflow/.local/lib/python3.7/site-packages/airflow/example_dags/example_nested_branch_dag.py
[2022-09-20 14:33:15,878] {logging_mixin.py:109} INFO - [2022-09-20 14:33:15,878] {dag.py:2396} INFO - Sync 1 DAGs
[2022-09-20 14:33:15,905] {logging_mixin.py:109} INFO - [2022-09-20 14:33:15,904] {dag.py:2935} INFO - Setting next_dagrun for example_nested_branch_dag to 2022-09-19 00:00:00+00:00
[2022-09-20 14:33:15,917] {processor.py:171} INFO - Processing /home/airflow/.local/lib/python3.7/site-packages/airflow/example_dags/example_nested_branch_dag.py took 0.113 seconds
[2022-09-20 14:33:46,159] {processor.py:163} INFO - Started process (PID=540) to work on /home/airflow/.local/lib/python3.7/site-packages/airflow/example_dags/example_nested_branch_dag.py
[2022-09-20 14:33:46,162] {processor.py:642} INFO - Processing file /home/airflow/.local/lib/python3.7/site-packages/airflow/example_dags/example_nested_branch_dag.py for tasks to queue
[2022-09-20 14:33:46,163] {logging_mixin.py:109} INFO - [2022-09-20 14:33:46,163] {dagbag.py:500} INFO - Filling up the DagBag from /home/airflow/.local/lib/python3.7/site-packages/airflow/example_dags/example_nested_branch_dag.py
[2022-09-20 14:33:46,209] {processor.py:654} INFO - DAG(s) dict_keys(['example_nested_branch_dag']) retrieved from /home/airflow/.local/lib/python3.7/site-packages/airflow/example_dags/example_nested_branch_dag.py
[2022-09-20 14:33:46,226] {logging_mixin.py:109} INFO - [2022-09-20 14:33:46,225] {dag.py:2396} INFO - Sync 1 DAGs
[2022-09-20 14:33:46,250] {logging_mixin.py:109} INFO - [2022-09-20 14:33:46,250] {dag.py:2935} INFO - Setting next_dagrun for example_nested_branch_dag to 2022-09-19 00:00:00+00:00
[2022-09-20 14:33:46,265] {processor.py:171} INFO - Processing /home/airflow/.local/lib/python3.7/site-packages/airflow/example_dags/example_nested_branch_dag.py took 0.112 seconds
[2022-09-20 14:34:16,574] {processor.py:163} INFO - Started process (PID=599) to work on /home/airflow/.local/lib/python3.7/site-packages/airflow/example_dags/example_nested_branch_dag.py
[2022-09-20 14:34:16,576] {processor.py:642} INFO - Processing file /home/airflow/.local/lib/python3.7/site-packages/airflow/example_dags/example_nested_branch_dag.py for tasks to queue
[2022-09-20 14:34:16,577] {logging_mixin.py:109} INFO - [2022-09-20 14:34:16,577] {dagbag.py:500} INFO - Filling up the DagBag from /home/airflow/.local/lib/python3.7/site-packages/airflow/example_dags/example_nested_branch_dag.py
[2022-09-20 14:34:16,644] {processor.py:654} INFO - DAG(s) dict_keys(['example_nested_branch_dag']) retrieved from /home/airflow/.local/lib/python3.7/site-packages/airflow/example_dags/example_nested_branch_dag.py
[2022-09-20 14:34:16,662] {logging_mixin.py:109} INFO - [2022-09-20 14:34:16,662] {dag.py:2396} INFO - Sync 1 DAGs
[2022-09-20 14:34:16,691] {logging_mixin.py:109} INFO - [2022-09-20 14:34:16,691] {dag.py:2935} INFO - Setting next_dagrun for example_nested_branch_dag to 2022-09-19 00:00:00+00:00
[2022-09-20 14:34:16,713] {processor.py:171} INFO - Processing /home/airflow/.local/lib/python3.7/site-packages/airflow/example_dags/example_nested_branch_dag.py took 0.146 seconds
