[2022-09-20 14:30:07,374] {processor.py:163} INFO - Started process (PID=83) to work on /home/airflow/.local/lib/python3.7/site-packages/airflow/example_dags/example_python_operator.py
[2022-09-20 14:30:07,376] {processor.py:642} INFO - Processing file /home/airflow/.local/lib/python3.7/site-packages/airflow/example_dags/example_python_operator.py for tasks to queue
[2022-09-20 14:30:07,378] {logging_mixin.py:109} INFO - [2022-09-20 14:30:07,377] {dagbag.py:500} INFO - Filling up the DagBag from /home/airflow/.local/lib/python3.7/site-packages/airflow/example_dags/example_python_operator.py
[2022-09-20 14:30:07,464] {processor.py:654} INFO - DAG(s) dict_keys(['example_python_operator']) retrieved from /home/airflow/.local/lib/python3.7/site-packages/airflow/example_dags/example_python_operator.py
[2022-09-20 14:30:13,147] {logging_mixin.py:109} INFO - [2022-09-20 14:30:13,147] {manager.py:496} INFO - Created Permission View: can edit on DAG:example_python_operator
[2022-09-20 14:30:13,158] {logging_mixin.py:109} INFO - [2022-09-20 14:30:13,158] {manager.py:496} INFO - Created Permission View: can read on DAG:example_python_operator
[2022-09-20 14:30:13,159] {logging_mixin.py:109} INFO - [2022-09-20 14:30:13,158] {dag.py:2396} INFO - Sync 1 DAGs
[2022-09-20 14:30:13,169] {logging_mixin.py:109} INFO - [2022-09-20 14:30:13,169] {dag.py:2415} INFO - Creating ORM DAG for example_python_operator
[2022-09-20 14:30:13,182] {logging_mixin.py:109} INFO - [2022-09-20 14:30:13,182] {dag.py:2935} INFO - Setting next_dagrun for example_python_operator to None
[2022-09-20 14:30:13,202] {processor.py:171} INFO - Processing /home/airflow/.local/lib/python3.7/site-packages/airflow/example_dags/example_python_operator.py took 5.843 seconds
[2022-09-20 14:30:43,678] {processor.py:163} INFO - Started process (PID=235) to work on /home/airflow/.local/lib/python3.7/site-packages/airflow/example_dags/example_python_operator.py
[2022-09-20 14:30:43,681] {processor.py:642} INFO - Processing file /home/airflow/.local/lib/python3.7/site-packages/airflow/example_dags/example_python_operator.py for tasks to queue
[2022-09-20 14:30:43,682] {logging_mixin.py:109} INFO - [2022-09-20 14:30:43,682] {dagbag.py:500} INFO - Filling up the DagBag from /home/airflow/.local/lib/python3.7/site-packages/airflow/example_dags/example_python_operator.py
[2022-09-20 14:30:43,731] {processor.py:654} INFO - DAG(s) dict_keys(['example_python_operator']) retrieved from /home/airflow/.local/lib/python3.7/site-packages/airflow/example_dags/example_python_operator.py
[2022-09-20 14:30:43,746] {logging_mixin.py:109} INFO - [2022-09-20 14:30:43,746] {dag.py:2396} INFO - Sync 1 DAGs
[2022-09-20 14:30:43,771] {logging_mixin.py:109} INFO - [2022-09-20 14:30:43,771] {dag.py:2935} INFO - Setting next_dagrun for example_python_operator to None
[2022-09-20 14:30:43,785] {processor.py:171} INFO - Processing /home/airflow/.local/lib/python3.7/site-packages/airflow/example_dags/example_python_operator.py took 0.113 seconds
[2022-09-20 14:31:13,875] {processor.py:163} INFO - Started process (PID=284) to work on /home/airflow/.local/lib/python3.7/site-packages/airflow/example_dags/example_python_operator.py
[2022-09-20 14:31:13,876] {processor.py:642} INFO - Processing file /home/airflow/.local/lib/python3.7/site-packages/airflow/example_dags/example_python_operator.py for tasks to queue
[2022-09-20 14:31:13,877] {logging_mixin.py:109} INFO - [2022-09-20 14:31:13,877] {dagbag.py:500} INFO - Filling up the DagBag from /home/airflow/.local/lib/python3.7/site-packages/airflow/example_dags/example_python_operator.py
[2022-09-20 14:31:13,919] {processor.py:654} INFO - DAG(s) dict_keys(['example_python_operator']) retrieved from /home/airflow/.local/lib/python3.7/site-packages/airflow/example_dags/example_python_operator.py
[2022-09-20 14:31:13,933] {logging_mixin.py:109} INFO - [2022-09-20 14:31:13,933] {dag.py:2396} INFO - Sync 1 DAGs
[2022-09-20 14:31:13,955] {logging_mixin.py:109} INFO - [2022-09-20 14:31:13,955] {dag.py:2935} INFO - Setting next_dagrun for example_python_operator to None
[2022-09-20 14:31:13,969] {processor.py:171} INFO - Processing /home/airflow/.local/lib/python3.7/site-packages/airflow/example_dags/example_python_operator.py took 0.099 seconds
[2022-09-20 14:31:44,244] {processor.py:163} INFO - Started process (PID=334) to work on /home/airflow/.local/lib/python3.7/site-packages/airflow/example_dags/example_python_operator.py
[2022-09-20 14:31:44,247] {processor.py:642} INFO - Processing file /home/airflow/.local/lib/python3.7/site-packages/airflow/example_dags/example_python_operator.py for tasks to queue
[2022-09-20 14:31:44,248] {logging_mixin.py:109} INFO - [2022-09-20 14:31:44,248] {dagbag.py:500} INFO - Filling up the DagBag from /home/airflow/.local/lib/python3.7/site-packages/airflow/example_dags/example_python_operator.py
[2022-09-20 14:31:44,293] {processor.py:654} INFO - DAG(s) dict_keys(['example_python_operator']) retrieved from /home/airflow/.local/lib/python3.7/site-packages/airflow/example_dags/example_python_operator.py
[2022-09-20 14:31:44,308] {logging_mixin.py:109} INFO - [2022-09-20 14:31:44,308] {dag.py:2396} INFO - Sync 1 DAGs
[2022-09-20 14:31:44,330] {logging_mixin.py:109} INFO - [2022-09-20 14:31:44,330] {dag.py:2935} INFO - Setting next_dagrun for example_python_operator to None
[2022-09-20 14:31:44,342] {processor.py:171} INFO - Processing /home/airflow/.local/lib/python3.7/site-packages/airflow/example_dags/example_python_operator.py took 0.103 seconds
[2022-09-20 14:32:15,774] {processor.py:163} INFO - Started process (PID=392) to work on /home/airflow/.local/lib/python3.7/site-packages/airflow/example_dags/example_python_operator.py
[2022-09-20 14:32:15,779] {processor.py:642} INFO - Processing file /home/airflow/.local/lib/python3.7/site-packages/airflow/example_dags/example_python_operator.py for tasks to queue
[2022-09-20 14:32:15,781] {logging_mixin.py:109} INFO - [2022-09-20 14:32:15,781] {dagbag.py:500} INFO - Filling up the DagBag from /home/airflow/.local/lib/python3.7/site-packages/airflow/example_dags/example_python_operator.py
[2022-09-20 14:32:15,916] {processor.py:654} INFO - DAG(s) dict_keys(['example_python_operator']) retrieved from /home/airflow/.local/lib/python3.7/site-packages/airflow/example_dags/example_python_operator.py
[2022-09-20 14:32:15,965] {logging_mixin.py:109} INFO - [2022-09-20 14:32:15,964] {dag.py:2396} INFO - Sync 1 DAGs
[2022-09-20 14:32:16,024] {logging_mixin.py:109} INFO - [2022-09-20 14:32:16,024] {dag.py:2935} INFO - Setting next_dagrun for example_python_operator to None
[2022-09-20 14:32:16,081] {processor.py:171} INFO - Processing /home/airflow/.local/lib/python3.7/site-packages/airflow/example_dags/example_python_operator.py took 0.321 seconds
[2022-09-20 14:32:46,425] {processor.py:163} INFO - Started process (PID=444) to work on /home/airflow/.local/lib/python3.7/site-packages/airflow/example_dags/example_python_operator.py
[2022-09-20 14:32:46,430] {processor.py:642} INFO - Processing file /home/airflow/.local/lib/python3.7/site-packages/airflow/example_dags/example_python_operator.py for tasks to queue
[2022-09-20 14:32:46,432] {logging_mixin.py:109} INFO - [2022-09-20 14:32:46,431] {dagbag.py:500} INFO - Filling up the DagBag from /home/airflow/.local/lib/python3.7/site-packages/airflow/example_dags/example_python_operator.py
[2022-09-20 14:32:46,540] {processor.py:654} INFO - DAG(s) dict_keys(['example_python_operator']) retrieved from /home/airflow/.local/lib/python3.7/site-packages/airflow/example_dags/example_python_operator.py
[2022-09-20 14:32:46,576] {logging_mixin.py:109} INFO - [2022-09-20 14:32:46,575] {dag.py:2396} INFO - Sync 1 DAGs
[2022-09-20 14:32:46,629] {logging_mixin.py:109} INFO - [2022-09-20 14:32:46,628] {dag.py:2935} INFO - Setting next_dagrun for example_python_operator to None
[2022-09-20 14:32:46,666] {processor.py:171} INFO - Processing /home/airflow/.local/lib/python3.7/site-packages/airflow/example_dags/example_python_operator.py took 0.254 seconds
[2022-09-20 14:33:17,004] {processor.py:163} INFO - Started process (PID=492) to work on /home/airflow/.local/lib/python3.7/site-packages/airflow/example_dags/example_python_operator.py
[2022-09-20 14:33:17,006] {processor.py:642} INFO - Processing file /home/airflow/.local/lib/python3.7/site-packages/airflow/example_dags/example_python_operator.py for tasks to queue
[2022-09-20 14:33:17,007] {logging_mixin.py:109} INFO - [2022-09-20 14:33:17,006] {dagbag.py:500} INFO - Filling up the DagBag from /home/airflow/.local/lib/python3.7/site-packages/airflow/example_dags/example_python_operator.py
[2022-09-20 14:33:17,062] {processor.py:654} INFO - DAG(s) dict_keys(['example_python_operator']) retrieved from /home/airflow/.local/lib/python3.7/site-packages/airflow/example_dags/example_python_operator.py
[2022-09-20 14:33:17,083] {logging_mixin.py:109} INFO - [2022-09-20 14:33:17,083] {dag.py:2396} INFO - Sync 1 DAGs
[2022-09-20 14:33:17,112] {logging_mixin.py:109} INFO - [2022-09-20 14:33:17,112] {dag.py:2935} INFO - Setting next_dagrun for example_python_operator to None
[2022-09-20 14:33:17,127] {processor.py:171} INFO - Processing /home/airflow/.local/lib/python3.7/site-packages/airflow/example_dags/example_python_operator.py took 0.130 seconds
[2022-09-20 14:33:47,358] {processor.py:163} INFO - Started process (PID=553) to work on /home/airflow/.local/lib/python3.7/site-packages/airflow/example_dags/example_python_operator.py
[2022-09-20 14:33:47,361] {processor.py:642} INFO - Processing file /home/airflow/.local/lib/python3.7/site-packages/airflow/example_dags/example_python_operator.py for tasks to queue
[2022-09-20 14:33:47,362] {logging_mixin.py:109} INFO - [2022-09-20 14:33:47,362] {dagbag.py:500} INFO - Filling up the DagBag from /home/airflow/.local/lib/python3.7/site-packages/airflow/example_dags/example_python_operator.py
[2022-09-20 14:33:47,421] {processor.py:654} INFO - DAG(s) dict_keys(['example_python_operator']) retrieved from /home/airflow/.local/lib/python3.7/site-packages/airflow/example_dags/example_python_operator.py
[2022-09-20 14:33:47,441] {logging_mixin.py:109} INFO - [2022-09-20 14:33:47,441] {dag.py:2396} INFO - Sync 1 DAGs
[2022-09-20 14:33:47,472] {logging_mixin.py:109} INFO - [2022-09-20 14:33:47,472] {dag.py:2935} INFO - Setting next_dagrun for example_python_operator to None
[2022-09-20 14:33:47,488] {processor.py:171} INFO - Processing /home/airflow/.local/lib/python3.7/site-packages/airflow/example_dags/example_python_operator.py took 0.136 seconds
