[2022-09-20 14:30:15,873] {processor.py:163} INFO - Started process (PID=112) to work on /home/airflow/.local/lib/python3.7/site-packages/airflow/example_dags/example_complex.py
[2022-09-20 14:30:15,875] {processor.py:642} INFO - Processing file /home/airflow/.local/lib/python3.7/site-packages/airflow/example_dags/example_complex.py for tasks to queue
[2022-09-20 14:30:15,876] {logging_mixin.py:109} INFO - [2022-09-20 14:30:15,876] {dagbag.py:500} INFO - Filling up the DagBag from /home/airflow/.local/lib/python3.7/site-packages/airflow/example_dags/example_complex.py
[2022-09-20 14:30:15,928] {processor.py:654} INFO - DAG(s) dict_keys(['example_complex']) retrieved from /home/airflow/.local/lib/python3.7/site-packages/airflow/example_dags/example_complex.py
[2022-09-20 14:30:18,516] {logging_mixin.py:109} INFO - [2022-09-20 14:30:18,516] {manager.py:496} INFO - Created Permission View: can edit on DAG:example_complex
[2022-09-20 14:30:18,527] {logging_mixin.py:109} INFO - [2022-09-20 14:30:18,527] {manager.py:496} INFO - Created Permission View: can read on DAG:example_complex
[2022-09-20 14:30:18,528] {logging_mixin.py:109} INFO - [2022-09-20 14:30:18,527] {dag.py:2396} INFO - Sync 1 DAGs
[2022-09-20 14:30:18,539] {logging_mixin.py:109} INFO - [2022-09-20 14:30:18,538] {dag.py:2415} INFO - Creating ORM DAG for example_complex
[2022-09-20 14:30:18,553] {logging_mixin.py:109} INFO - [2022-09-20 14:30:18,553] {dag.py:2935} INFO - Setting next_dagrun for example_complex to None
[2022-09-20 14:30:18,574] {processor.py:171} INFO - Processing /home/airflow/.local/lib/python3.7/site-packages/airflow/example_dags/example_complex.py took 2.707 seconds
[2022-09-20 14:30:48,644] {processor.py:163} INFO - Started process (PID=239) to work on /home/airflow/.local/lib/python3.7/site-packages/airflow/example_dags/example_complex.py
[2022-09-20 14:30:48,646] {processor.py:642} INFO - Processing file /home/airflow/.local/lib/python3.7/site-packages/airflow/example_dags/example_complex.py for tasks to queue
[2022-09-20 14:30:48,646] {logging_mixin.py:109} INFO - [2022-09-20 14:30:48,646] {dagbag.py:500} INFO - Filling up the DagBag from /home/airflow/.local/lib/python3.7/site-packages/airflow/example_dags/example_complex.py
[2022-09-20 14:30:48,691] {processor.py:654} INFO - DAG(s) dict_keys(['example_complex']) retrieved from /home/airflow/.local/lib/python3.7/site-packages/airflow/example_dags/example_complex.py
[2022-09-20 14:30:48,711] {logging_mixin.py:109} INFO - [2022-09-20 14:30:48,711] {dag.py:2396} INFO - Sync 1 DAGs
[2022-09-20 14:30:48,734] {logging_mixin.py:109} INFO - [2022-09-20 14:30:48,734] {dag.py:2935} INFO - Setting next_dagrun for example_complex to None
[2022-09-20 14:30:48,746] {processor.py:171} INFO - Processing /home/airflow/.local/lib/python3.7/site-packages/airflow/example_dags/example_complex.py took 0.107 seconds
[2022-09-20 14:31:18,968] {processor.py:163} INFO - Started process (PID=289) to work on /home/airflow/.local/lib/python3.7/site-packages/airflow/example_dags/example_complex.py
[2022-09-20 14:31:18,971] {processor.py:642} INFO - Processing file /home/airflow/.local/lib/python3.7/site-packages/airflow/example_dags/example_complex.py for tasks to queue
[2022-09-20 14:31:18,972] {logging_mixin.py:109} INFO - [2022-09-20 14:31:18,972] {dagbag.py:500} INFO - Filling up the DagBag from /home/airflow/.local/lib/python3.7/site-packages/airflow/example_dags/example_complex.py
[2022-09-20 14:31:19,021] {processor.py:654} INFO - DAG(s) dict_keys(['example_complex']) retrieved from /home/airflow/.local/lib/python3.7/site-packages/airflow/example_dags/example_complex.py
[2022-09-20 14:31:19,039] {logging_mixin.py:109} INFO - [2022-09-20 14:31:19,039] {dag.py:2396} INFO - Sync 1 DAGs
[2022-09-20 14:31:19,057] {logging_mixin.py:109} INFO - [2022-09-20 14:31:19,057] {dag.py:2935} INFO - Setting next_dagrun for example_complex to None
[2022-09-20 14:31:19,068] {processor.py:171} INFO - Processing /home/airflow/.local/lib/python3.7/site-packages/airflow/example_dags/example_complex.py took 0.105 seconds
[2022-09-20 14:31:49,210] {processor.py:163} INFO - Started process (PID=347) to work on /home/airflow/.local/lib/python3.7/site-packages/airflow/example_dags/example_complex.py
[2022-09-20 14:31:49,212] {processor.py:642} INFO - Processing file /home/airflow/.local/lib/python3.7/site-packages/airflow/example_dags/example_complex.py for tasks to queue
[2022-09-20 14:31:49,213] {logging_mixin.py:109} INFO - [2022-09-20 14:31:49,213] {dagbag.py:500} INFO - Filling up the DagBag from /home/airflow/.local/lib/python3.7/site-packages/airflow/example_dags/example_complex.py
[2022-09-20 14:31:49,273] {processor.py:654} INFO - DAG(s) dict_keys(['example_complex']) retrieved from /home/airflow/.local/lib/python3.7/site-packages/airflow/example_dags/example_complex.py
[2022-09-20 14:31:49,301] {logging_mixin.py:109} INFO - [2022-09-20 14:31:49,301] {dag.py:2396} INFO - Sync 1 DAGs
[2022-09-20 14:31:49,331] {logging_mixin.py:109} INFO - [2022-09-20 14:31:49,331] {dag.py:2935} INFO - Setting next_dagrun for example_complex to None
[2022-09-20 14:31:49,347] {processor.py:171} INFO - Processing /home/airflow/.local/lib/python3.7/site-packages/airflow/example_dags/example_complex.py took 0.144 seconds
[2022-09-20 14:32:19,451] {processor.py:163} INFO - Started process (PID=397) to work on /home/airflow/.local/lib/python3.7/site-packages/airflow/example_dags/example_complex.py
[2022-09-20 14:32:19,466] {processor.py:642} INFO - Processing file /home/airflow/.local/lib/python3.7/site-packages/airflow/example_dags/example_complex.py for tasks to queue
[2022-09-20 14:32:19,476] {logging_mixin.py:109} INFO - [2022-09-20 14:32:19,474] {dagbag.py:500} INFO - Filling up the DagBag from /home/airflow/.local/lib/python3.7/site-packages/airflow/example_dags/example_complex.py
[2022-09-20 14:32:19,797] {processor.py:654} INFO - DAG(s) dict_keys(['example_complex']) retrieved from /home/airflow/.local/lib/python3.7/site-packages/airflow/example_dags/example_complex.py
[2022-09-20 14:32:19,890] {logging_mixin.py:109} INFO - [2022-09-20 14:32:19,890] {dag.py:2396} INFO - Sync 1 DAGs
[2022-09-20 14:32:19,975] {logging_mixin.py:109} INFO - [2022-09-20 14:32:19,974] {dag.py:2935} INFO - Setting next_dagrun for example_complex to None
[2022-09-20 14:32:20,037] {processor.py:171} INFO - Processing /home/airflow/.local/lib/python3.7/site-packages/airflow/example_dags/example_complex.py took 0.609 seconds
[2022-09-20 14:32:50,335] {processor.py:163} INFO - Started process (PID=449) to work on /home/airflow/.local/lib/python3.7/site-packages/airflow/example_dags/example_complex.py
[2022-09-20 14:32:50,338] {processor.py:642} INFO - Processing file /home/airflow/.local/lib/python3.7/site-packages/airflow/example_dags/example_complex.py for tasks to queue
[2022-09-20 14:32:50,339] {logging_mixin.py:109} INFO - [2022-09-20 14:32:50,338] {dagbag.py:500} INFO - Filling up the DagBag from /home/airflow/.local/lib/python3.7/site-packages/airflow/example_dags/example_complex.py
[2022-09-20 14:32:50,413] {processor.py:654} INFO - DAG(s) dict_keys(['example_complex']) retrieved from /home/airflow/.local/lib/python3.7/site-packages/airflow/example_dags/example_complex.py
[2022-09-20 14:32:50,441] {logging_mixin.py:109} INFO - [2022-09-20 14:32:50,441] {dag.py:2396} INFO - Sync 1 DAGs
[2022-09-20 14:32:50,469] {logging_mixin.py:109} INFO - [2022-09-20 14:32:50,469] {dag.py:2935} INFO - Setting next_dagrun for example_complex to None
[2022-09-20 14:32:50,489] {processor.py:171} INFO - Processing /home/airflow/.local/lib/python3.7/site-packages/airflow/example_dags/example_complex.py took 0.160 seconds
[2022-09-20 14:33:20,968] {processor.py:163} INFO - Started process (PID=506) to work on /home/airflow/.local/lib/python3.7/site-packages/airflow/example_dags/example_complex.py
[2022-09-20 14:33:20,970] {processor.py:642} INFO - Processing file /home/airflow/.local/lib/python3.7/site-packages/airflow/example_dags/example_complex.py for tasks to queue
[2022-09-20 14:33:20,971] {logging_mixin.py:109} INFO - [2022-09-20 14:33:20,971] {dagbag.py:500} INFO - Filling up the DagBag from /home/airflow/.local/lib/python3.7/site-packages/airflow/example_dags/example_complex.py
[2022-09-20 14:33:21,034] {processor.py:654} INFO - DAG(s) dict_keys(['example_complex']) retrieved from /home/airflow/.local/lib/python3.7/site-packages/airflow/example_dags/example_complex.py
[2022-09-20 14:33:21,063] {logging_mixin.py:109} INFO - [2022-09-20 14:33:21,063] {dag.py:2396} INFO - Sync 1 DAGs
[2022-09-20 14:33:21,094] {logging_mixin.py:109} INFO - [2022-09-20 14:33:21,094] {dag.py:2935} INFO - Setting next_dagrun for example_complex to None
[2022-09-20 14:33:21,111] {processor.py:171} INFO - Processing /home/airflow/.local/lib/python3.7/site-packages/airflow/example_dags/example_complex.py took 0.150 seconds
[2022-09-20 14:33:51,656] {processor.py:163} INFO - Started process (PID=560) to work on /home/airflow/.local/lib/python3.7/site-packages/airflow/example_dags/example_complex.py
[2022-09-20 14:33:51,659] {processor.py:642} INFO - Processing file /home/airflow/.local/lib/python3.7/site-packages/airflow/example_dags/example_complex.py for tasks to queue
[2022-09-20 14:33:51,660] {logging_mixin.py:109} INFO - [2022-09-20 14:33:51,659] {dagbag.py:500} INFO - Filling up the DagBag from /home/airflow/.local/lib/python3.7/site-packages/airflow/example_dags/example_complex.py
[2022-09-20 14:33:51,706] {processor.py:654} INFO - DAG(s) dict_keys(['example_complex']) retrieved from /home/airflow/.local/lib/python3.7/site-packages/airflow/example_dags/example_complex.py
[2022-09-20 14:33:51,725] {logging_mixin.py:109} INFO - [2022-09-20 14:33:51,725] {dag.py:2396} INFO - Sync 1 DAGs
[2022-09-20 14:33:51,745] {logging_mixin.py:109} INFO - [2022-09-20 14:33:51,745] {dag.py:2935} INFO - Setting next_dagrun for example_complex to None
[2022-09-20 14:33:51,756] {processor.py:171} INFO - Processing /home/airflow/.local/lib/python3.7/site-packages/airflow/example_dags/example_complex.py took 0.105 seconds
