[2022-09-20 14:30:39,044] {processor.py:163} INFO - Started process (PID=208) to work on /home/airflow/.local/lib/python3.7/site-packages/airflow/example_dags/example_dag_decorator.py
[2022-09-20 14:30:39,046] {processor.py:642} INFO - Processing file /home/airflow/.local/lib/python3.7/site-packages/airflow/example_dags/example_dag_decorator.py for tasks to queue
[2022-09-20 14:30:39,047] {logging_mixin.py:109} INFO - [2022-09-20 14:30:39,047] {dagbag.py:500} INFO - Filling up the DagBag from /home/airflow/.local/lib/python3.7/site-packages/airflow/example_dags/example_dag_decorator.py
[2022-09-20 14:30:39,132] {processor.py:654} INFO - DAG(s) dict_keys(['example_dag_decorator']) retrieved from /home/airflow/.local/lib/python3.7/site-packages/airflow/example_dags/example_dag_decorator.py
[2022-09-20 14:30:42,423] {logging_mixin.py:109} INFO - [2022-09-20 14:30:42,423] {manager.py:496} INFO - Created Permission View: can edit on DAG:example_dag_decorator
[2022-09-20 14:30:42,434] {logging_mixin.py:109} INFO - [2022-09-20 14:30:42,434] {manager.py:496} INFO - Created Permission View: can read on DAG:example_dag_decorator
[2022-09-20 14:30:42,435] {logging_mixin.py:109} INFO - [2022-09-20 14:30:42,435] {dag.py:2396} INFO - Sync 1 DAGs
[2022-09-20 14:30:42,446] {logging_mixin.py:109} INFO - [2022-09-20 14:30:42,445] {dag.py:2415} INFO - Creating ORM DAG for example_dag_decorator
[2022-09-20 14:30:42,457] {logging_mixin.py:109} INFO - [2022-09-20 14:30:42,457] {dag.py:2935} INFO - Setting next_dagrun for example_dag_decorator to None
[2022-09-20 14:30:42,474] {processor.py:171} INFO - Processing /home/airflow/.local/lib/python3.7/site-packages/airflow/example_dags/example_dag_decorator.py took 3.437 seconds
[2022-09-20 14:31:13,226] {processor.py:163} INFO - Started process (PID=276) to work on /home/airflow/.local/lib/python3.7/site-packages/airflow/example_dags/example_dag_decorator.py
[2022-09-20 14:31:13,229] {processor.py:642} INFO - Processing file /home/airflow/.local/lib/python3.7/site-packages/airflow/example_dags/example_dag_decorator.py for tasks to queue
[2022-09-20 14:31:13,231] {logging_mixin.py:109} INFO - [2022-09-20 14:31:13,230] {dagbag.py:500} INFO - Filling up the DagBag from /home/airflow/.local/lib/python3.7/site-packages/airflow/example_dags/example_dag_decorator.py
[2022-09-20 14:31:13,290] {processor.py:654} INFO - DAG(s) dict_keys(['example_dag_decorator']) retrieved from /home/airflow/.local/lib/python3.7/site-packages/airflow/example_dags/example_dag_decorator.py
[2022-09-20 14:31:13,675] {logging_mixin.py:109} INFO - [2022-09-20 14:31:13,675] {dag.py:2396} INFO - Sync 1 DAGs
[2022-09-20 14:31:13,693] {logging_mixin.py:109} INFO - [2022-09-20 14:31:13,693] {dag.py:2935} INFO - Setting next_dagrun for example_dag_decorator to None
[2022-09-20 14:31:13,709] {processor.py:171} INFO - Processing /home/airflow/.local/lib/python3.7/site-packages/airflow/example_dags/example_dag_decorator.py took 0.488 seconds
[2022-09-20 14:31:43,812] {processor.py:163} INFO - Started process (PID=331) to work on /home/airflow/.local/lib/python3.7/site-packages/airflow/example_dags/example_dag_decorator.py
[2022-09-20 14:31:43,814] {processor.py:642} INFO - Processing file /home/airflow/.local/lib/python3.7/site-packages/airflow/example_dags/example_dag_decorator.py for tasks to queue
[2022-09-20 14:31:43,815] {logging_mixin.py:109} INFO - [2022-09-20 14:31:43,814] {dagbag.py:500} INFO - Filling up the DagBag from /home/airflow/.local/lib/python3.7/site-packages/airflow/example_dags/example_dag_decorator.py
[2022-09-20 14:31:43,872] {processor.py:654} INFO - DAG(s) dict_keys(['example_dag_decorator']) retrieved from /home/airflow/.local/lib/python3.7/site-packages/airflow/example_dags/example_dag_decorator.py
[2022-09-20 14:31:44,270] {logging_mixin.py:109} INFO - [2022-09-20 14:31:44,270] {dag.py:2396} INFO - Sync 1 DAGs
[2022-09-20 14:31:44,284] {logging_mixin.py:109} INFO - [2022-09-20 14:31:44,284] {dag.py:2935} INFO - Setting next_dagrun for example_dag_decorator to None
[2022-09-20 14:31:44,296] {processor.py:171} INFO - Processing /home/airflow/.local/lib/python3.7/site-packages/airflow/example_dags/example_dag_decorator.py took 0.493 seconds
[2022-09-20 14:32:15,959] {processor.py:163} INFO - Started process (PID=393) to work on /home/airflow/.local/lib/python3.7/site-packages/airflow/example_dags/example_dag_decorator.py
[2022-09-20 14:32:15,966] {processor.py:642} INFO - Processing file /home/airflow/.local/lib/python3.7/site-packages/airflow/example_dags/example_dag_decorator.py for tasks to queue
[2022-09-20 14:32:15,967] {logging_mixin.py:109} INFO - [2022-09-20 14:32:15,967] {dagbag.py:500} INFO - Filling up the DagBag from /home/airflow/.local/lib/python3.7/site-packages/airflow/example_dags/example_dag_decorator.py
[2022-09-20 14:32:16,141] {processor.py:654} INFO - DAG(s) dict_keys(['example_dag_decorator']) retrieved from /home/airflow/.local/lib/python3.7/site-packages/airflow/example_dags/example_dag_decorator.py
[2022-09-20 14:32:17,449] {logging_mixin.py:109} INFO - [2022-09-20 14:32:17,449] {dag.py:2396} INFO - Sync 1 DAGs
[2022-09-20 14:32:17,497] {logging_mixin.py:109} INFO - [2022-09-20 14:32:17,497] {dag.py:2935} INFO - Setting next_dagrun for example_dag_decorator to None
[2022-09-20 14:32:17,546] {processor.py:171} INFO - Processing /home/airflow/.local/lib/python3.7/site-packages/airflow/example_dags/example_dag_decorator.py took 1.601 seconds
[2022-09-20 14:32:47,878] {processor.py:163} INFO - Started process (PID=445) to work on /home/airflow/.local/lib/python3.7/site-packages/airflow/example_dags/example_dag_decorator.py
[2022-09-20 14:32:47,888] {processor.py:642} INFO - Processing file /home/airflow/.local/lib/python3.7/site-packages/airflow/example_dags/example_dag_decorator.py for tasks to queue
[2022-09-20 14:32:47,890] {logging_mixin.py:109} INFO - [2022-09-20 14:32:47,889] {dagbag.py:500} INFO - Filling up the DagBag from /home/airflow/.local/lib/python3.7/site-packages/airflow/example_dags/example_dag_decorator.py
[2022-09-20 14:32:48,062] {processor.py:654} INFO - DAG(s) dict_keys(['example_dag_decorator']) retrieved from /home/airflow/.local/lib/python3.7/site-packages/airflow/example_dags/example_dag_decorator.py
[2022-09-20 14:32:48,781] {logging_mixin.py:109} INFO - [2022-09-20 14:32:48,780] {dag.py:2396} INFO - Sync 1 DAGs
[2022-09-20 14:32:48,799] {logging_mixin.py:109} INFO - [2022-09-20 14:32:48,798] {dag.py:2935} INFO - Setting next_dagrun for example_dag_decorator to None
[2022-09-20 14:32:48,816] {processor.py:171} INFO - Processing /home/airflow/.local/lib/python3.7/site-packages/airflow/example_dags/example_dag_decorator.py took 1.010 seconds
[2022-09-20 14:33:19,214] {processor.py:163} INFO - Started process (PID=496) to work on /home/airflow/.local/lib/python3.7/site-packages/airflow/example_dags/example_dag_decorator.py
[2022-09-20 14:33:19,216] {processor.py:642} INFO - Processing file /home/airflow/.local/lib/python3.7/site-packages/airflow/example_dags/example_dag_decorator.py for tasks to queue
[2022-09-20 14:33:19,217] {logging_mixin.py:109} INFO - [2022-09-20 14:33:19,217] {dagbag.py:500} INFO - Filling up the DagBag from /home/airflow/.local/lib/python3.7/site-packages/airflow/example_dags/example_dag_decorator.py
[2022-09-20 14:33:19,286] {processor.py:654} INFO - DAG(s) dict_keys(['example_dag_decorator']) retrieved from /home/airflow/.local/lib/python3.7/site-packages/airflow/example_dags/example_dag_decorator.py
[2022-09-20 14:33:19,758] {logging_mixin.py:109} INFO - [2022-09-20 14:33:19,757] {dag.py:2396} INFO - Sync 1 DAGs
[2022-09-20 14:33:19,783] {logging_mixin.py:109} INFO - [2022-09-20 14:33:19,783] {dag.py:2935} INFO - Setting next_dagrun for example_dag_decorator to None
[2022-09-20 14:33:19,801] {processor.py:171} INFO - Processing /home/airflow/.local/lib/python3.7/site-packages/airflow/example_dags/example_dag_decorator.py took 0.594 seconds
[2022-09-20 14:33:50,609] {processor.py:163} INFO - Started process (PID=557) to work on /home/airflow/.local/lib/python3.7/site-packages/airflow/example_dags/example_dag_decorator.py
[2022-09-20 14:33:50,612] {processor.py:642} INFO - Processing file /home/airflow/.local/lib/python3.7/site-packages/airflow/example_dags/example_dag_decorator.py for tasks to queue
[2022-09-20 14:33:50,613] {logging_mixin.py:109} INFO - [2022-09-20 14:33:50,613] {dagbag.py:500} INFO - Filling up the DagBag from /home/airflow/.local/lib/python3.7/site-packages/airflow/example_dags/example_dag_decorator.py
[2022-09-20 14:33:50,666] {processor.py:654} INFO - DAG(s) dict_keys(['example_dag_decorator']) retrieved from /home/airflow/.local/lib/python3.7/site-packages/airflow/example_dags/example_dag_decorator.py
[2022-09-20 14:33:51,034] {logging_mixin.py:109} INFO - [2022-09-20 14:33:51,034] {dag.py:2396} INFO - Sync 1 DAGs
[2022-09-20 14:33:51,048] {logging_mixin.py:109} INFO - [2022-09-20 14:33:51,048] {dag.py:2935} INFO - Setting next_dagrun for example_dag_decorator to None
[2022-09-20 14:33:51,060] {processor.py:171} INFO - Processing /home/airflow/.local/lib/python3.7/site-packages/airflow/example_dags/example_dag_decorator.py took 0.456 seconds
