[2022-09-20 14:30:18,621] {processor.py:163} INFO - Started process (PID=122) to work on /home/airflow/.local/lib/python3.7/site-packages/airflow/example_dags/example_skip_dag.py
[2022-09-20 14:30:18,623] {processor.py:642} INFO - Processing file /home/airflow/.local/lib/python3.7/site-packages/airflow/example_dags/example_skip_dag.py for tasks to queue
[2022-09-20 14:30:18,624] {logging_mixin.py:109} INFO - [2022-09-20 14:30:18,624] {dagbag.py:500} INFO - Filling up the DagBag from /home/airflow/.local/lib/python3.7/site-packages/airflow/example_dags/example_skip_dag.py
[2022-09-20 14:30:18,669] {processor.py:654} INFO - DAG(s) dict_keys(['example_skip_dag']) retrieved from /home/airflow/.local/lib/python3.7/site-packages/airflow/example_dags/example_skip_dag.py
[2022-09-20 14:30:21,353] {logging_mixin.py:109} INFO - [2022-09-20 14:30:21,353] {manager.py:496} INFO - Created Permission View: can edit on DAG:example_skip_dag
[2022-09-20 14:30:21,367] {logging_mixin.py:109} INFO - [2022-09-20 14:30:21,367] {manager.py:496} INFO - Created Permission View: can read on DAG:example_skip_dag
[2022-09-20 14:30:21,367] {logging_mixin.py:109} INFO - [2022-09-20 14:30:21,367] {dag.py:2396} INFO - Sync 1 DAGs
[2022-09-20 14:30:21,381] {logging_mixin.py:109} INFO - [2022-09-20 14:30:21,381] {dag.py:2415} INFO - Creating ORM DAG for example_skip_dag
[2022-09-20 14:30:21,390] {logging_mixin.py:109} INFO - [2022-09-20 14:30:21,390] {dag.py:2935} INFO - Setting next_dagrun for example_skip_dag to 2022-09-19T14:30:21.389841+00:00
[2022-09-20 14:30:21,403] {processor.py:171} INFO - Processing /home/airflow/.local/lib/python3.7/site-packages/airflow/example_dags/example_skip_dag.py took 2.787 seconds
[2022-09-20 14:30:51,669] {processor.py:163} INFO - Started process (PID=241) to work on /home/airflow/.local/lib/python3.7/site-packages/airflow/example_dags/example_skip_dag.py
[2022-09-20 14:30:51,672] {processor.py:642} INFO - Processing file /home/airflow/.local/lib/python3.7/site-packages/airflow/example_dags/example_skip_dag.py for tasks to queue
[2022-09-20 14:30:51,673] {logging_mixin.py:109} INFO - [2022-09-20 14:30:51,673] {dagbag.py:500} INFO - Filling up the DagBag from /home/airflow/.local/lib/python3.7/site-packages/airflow/example_dags/example_skip_dag.py
[2022-09-20 14:30:51,710] {processor.py:654} INFO - DAG(s) dict_keys(['example_skip_dag']) retrieved from /home/airflow/.local/lib/python3.7/site-packages/airflow/example_dags/example_skip_dag.py
[2022-09-20 14:30:51,724] {logging_mixin.py:109} INFO - [2022-09-20 14:30:51,723] {dag.py:2396} INFO - Sync 1 DAGs
[2022-09-20 14:30:51,744] {logging_mixin.py:109} INFO - [2022-09-20 14:30:51,744] {dag.py:2935} INFO - Setting next_dagrun for example_skip_dag to 2022-09-19T14:30:51.743954+00:00
[2022-09-20 14:30:51,757] {processor.py:171} INFO - Processing /home/airflow/.local/lib/python3.7/site-packages/airflow/example_dags/example_skip_dag.py took 0.093 seconds
[2022-09-20 14:31:22,110] {processor.py:163} INFO - Started process (PID=300) to work on /home/airflow/.local/lib/python3.7/site-packages/airflow/example_dags/example_skip_dag.py
[2022-09-20 14:31:22,111] {processor.py:642} INFO - Processing file /home/airflow/.local/lib/python3.7/site-packages/airflow/example_dags/example_skip_dag.py for tasks to queue
[2022-09-20 14:31:22,112] {logging_mixin.py:109} INFO - [2022-09-20 14:31:22,112] {dagbag.py:500} INFO - Filling up the DagBag from /home/airflow/.local/lib/python3.7/site-packages/airflow/example_dags/example_skip_dag.py
[2022-09-20 14:31:22,144] {processor.py:654} INFO - DAG(s) dict_keys(['example_skip_dag']) retrieved from /home/airflow/.local/lib/python3.7/site-packages/airflow/example_dags/example_skip_dag.py
[2022-09-20 14:31:22,157] {logging_mixin.py:109} INFO - [2022-09-20 14:31:22,157] {dag.py:2396} INFO - Sync 1 DAGs
[2022-09-20 14:31:22,194] {logging_mixin.py:109} INFO - [2022-09-20 14:31:22,194] {dag.py:2935} INFO - Setting next_dagrun for example_skip_dag to 2022-09-19T14:31:22.193545+00:00
[2022-09-20 14:31:22,216] {processor.py:171} INFO - Processing /home/airflow/.local/lib/python3.7/site-packages/airflow/example_dags/example_skip_dag.py took 0.107 seconds
[2022-09-20 14:31:52,388] {processor.py:163} INFO - Started process (PID=350) to work on /home/airflow/.local/lib/python3.7/site-packages/airflow/example_dags/example_skip_dag.py
[2022-09-20 14:31:52,391] {processor.py:642} INFO - Processing file /home/airflow/.local/lib/python3.7/site-packages/airflow/example_dags/example_skip_dag.py for tasks to queue
[2022-09-20 14:31:52,392] {logging_mixin.py:109} INFO - [2022-09-20 14:31:52,392] {dagbag.py:500} INFO - Filling up the DagBag from /home/airflow/.local/lib/python3.7/site-packages/airflow/example_dags/example_skip_dag.py
[2022-09-20 14:31:52,428] {processor.py:654} INFO - DAG(s) dict_keys(['example_skip_dag']) retrieved from /home/airflow/.local/lib/python3.7/site-packages/airflow/example_dags/example_skip_dag.py
[2022-09-20 14:31:52,441] {logging_mixin.py:109} INFO - [2022-09-20 14:31:52,440] {dag.py:2396} INFO - Sync 1 DAGs
[2022-09-20 14:31:52,460] {logging_mixin.py:109} INFO - [2022-09-20 14:31:52,460] {dag.py:2935} INFO - Setting next_dagrun for example_skip_dag to 2022-09-19T14:31:52.460064+00:00
[2022-09-20 14:31:52,471] {processor.py:171} INFO - Processing /home/airflow/.local/lib/python3.7/site-packages/airflow/example_dags/example_skip_dag.py took 0.088 seconds
[2022-09-20 14:32:22,654] {processor.py:163} INFO - Started process (PID=400) to work on /home/airflow/.local/lib/python3.7/site-packages/airflow/example_dags/example_skip_dag.py
[2022-09-20 14:32:22,658] {processor.py:642} INFO - Processing file /home/airflow/.local/lib/python3.7/site-packages/airflow/example_dags/example_skip_dag.py for tasks to queue
[2022-09-20 14:32:22,661] {logging_mixin.py:109} INFO - [2022-09-20 14:32:22,660] {dagbag.py:500} INFO - Filling up the DagBag from /home/airflow/.local/lib/python3.7/site-packages/airflow/example_dags/example_skip_dag.py
[2022-09-20 14:32:22,755] {processor.py:654} INFO - DAG(s) dict_keys(['example_skip_dag']) retrieved from /home/airflow/.local/lib/python3.7/site-packages/airflow/example_dags/example_skip_dag.py
[2022-09-20 14:32:22,796] {logging_mixin.py:109} INFO - [2022-09-20 14:32:22,796] {dag.py:2396} INFO - Sync 1 DAGs
[2022-09-20 14:32:22,865] {logging_mixin.py:109} INFO - [2022-09-20 14:32:22,865] {dag.py:2935} INFO - Setting next_dagrun for example_skip_dag to 2022-09-19T14:32:22.864928+00:00
[2022-09-20 14:32:22,885] {processor.py:171} INFO - Processing /home/airflow/.local/lib/python3.7/site-packages/airflow/example_dags/example_skip_dag.py took 0.244 seconds
[2022-09-20 14:32:53,272] {processor.py:163} INFO - Started process (PID=452) to work on /home/airflow/.local/lib/python3.7/site-packages/airflow/example_dags/example_skip_dag.py
[2022-09-20 14:32:53,275] {processor.py:642} INFO - Processing file /home/airflow/.local/lib/python3.7/site-packages/airflow/example_dags/example_skip_dag.py for tasks to queue
[2022-09-20 14:32:53,276] {logging_mixin.py:109} INFO - [2022-09-20 14:32:53,276] {dagbag.py:500} INFO - Filling up the DagBag from /home/airflow/.local/lib/python3.7/site-packages/airflow/example_dags/example_skip_dag.py
[2022-09-20 14:32:53,316] {processor.py:654} INFO - DAG(s) dict_keys(['example_skip_dag']) retrieved from /home/airflow/.local/lib/python3.7/site-packages/airflow/example_dags/example_skip_dag.py
[2022-09-20 14:32:53,332] {logging_mixin.py:109} INFO - [2022-09-20 14:32:53,332] {dag.py:2396} INFO - Sync 1 DAGs
[2022-09-20 14:32:53,357] {logging_mixin.py:109} INFO - [2022-09-20 14:32:53,357] {dag.py:2935} INFO - Setting next_dagrun for example_skip_dag to 2022-09-19T14:32:53.356241+00:00
[2022-09-20 14:32:53,372] {processor.py:171} INFO - Processing /home/airflow/.local/lib/python3.7/site-packages/airflow/example_dags/example_skip_dag.py took 0.106 seconds
[2022-09-20 14:33:23,883] {processor.py:163} INFO - Started process (PID=512) to work on /home/airflow/.local/lib/python3.7/site-packages/airflow/example_dags/example_skip_dag.py
[2022-09-20 14:33:23,885] {processor.py:642} INFO - Processing file /home/airflow/.local/lib/python3.7/site-packages/airflow/example_dags/example_skip_dag.py for tasks to queue
[2022-09-20 14:33:23,886] {logging_mixin.py:109} INFO - [2022-09-20 14:33:23,886] {dagbag.py:500} INFO - Filling up the DagBag from /home/airflow/.local/lib/python3.7/site-packages/airflow/example_dags/example_skip_dag.py
[2022-09-20 14:33:23,930] {processor.py:654} INFO - DAG(s) dict_keys(['example_skip_dag']) retrieved from /home/airflow/.local/lib/python3.7/site-packages/airflow/example_dags/example_skip_dag.py
[2022-09-20 14:33:23,946] {logging_mixin.py:109} INFO - [2022-09-20 14:33:23,946] {dag.py:2396} INFO - Sync 1 DAGs
[2022-09-20 14:33:23,970] {logging_mixin.py:109} INFO - [2022-09-20 14:33:23,970] {dag.py:2935} INFO - Setting next_dagrun for example_skip_dag to 2022-09-19T14:33:23.970042+00:00
[2022-09-20 14:33:23,984] {processor.py:171} INFO - Processing /home/airflow/.local/lib/python3.7/site-packages/airflow/example_dags/example_skip_dag.py took 0.107 seconds
[2022-09-20 14:33:54,481] {processor.py:163} INFO - Started process (PID=563) to work on /home/airflow/.local/lib/python3.7/site-packages/airflow/example_dags/example_skip_dag.py
[2022-09-20 14:33:54,483] {processor.py:642} INFO - Processing file /home/airflow/.local/lib/python3.7/site-packages/airflow/example_dags/example_skip_dag.py for tasks to queue
[2022-09-20 14:33:54,484] {logging_mixin.py:109} INFO - [2022-09-20 14:33:54,484] {dagbag.py:500} INFO - Filling up the DagBag from /home/airflow/.local/lib/python3.7/site-packages/airflow/example_dags/example_skip_dag.py
[2022-09-20 14:33:54,525] {processor.py:654} INFO - DAG(s) dict_keys(['example_skip_dag']) retrieved from /home/airflow/.local/lib/python3.7/site-packages/airflow/example_dags/example_skip_dag.py
[2022-09-20 14:33:54,541] {logging_mixin.py:109} INFO - [2022-09-20 14:33:54,541] {dag.py:2396} INFO - Sync 1 DAGs
[2022-09-20 14:33:54,564] {logging_mixin.py:109} INFO - [2022-09-20 14:33:54,564] {dag.py:2935} INFO - Setting next_dagrun for example_skip_dag to 2022-09-19T14:33:54.564069+00:00
[2022-09-20 14:33:54,578] {processor.py:171} INFO - Processing /home/airflow/.local/lib/python3.7/site-packages/airflow/example_dags/example_skip_dag.py took 0.103 seconds
