[2022-09-20 14:30:27,408] {processor.py:163} INFO - Started process (PID=162) to work on /home/airflow/.local/lib/python3.7/site-packages/airflow/example_dags/example_trigger_controller_dag.py
[2022-09-20 14:30:27,410] {processor.py:642} INFO - Processing file /home/airflow/.local/lib/python3.7/site-packages/airflow/example_dags/example_trigger_controller_dag.py for tasks to queue
[2022-09-20 14:30:27,411] {logging_mixin.py:109} INFO - [2022-09-20 14:30:27,411] {dagbag.py:500} INFO - Filling up the DagBag from /home/airflow/.local/lib/python3.7/site-packages/airflow/example_dags/example_trigger_controller_dag.py
[2022-09-20 14:30:27,460] {processor.py:654} INFO - DAG(s) dict_keys(['example_trigger_controller_dag']) retrieved from /home/airflow/.local/lib/python3.7/site-packages/airflow/example_dags/example_trigger_controller_dag.py
[2022-09-20 14:30:30,166] {logging_mixin.py:109} INFO - [2022-09-20 14:30:30,165] {manager.py:496} INFO - Created Permission View: can edit on DAG:example_trigger_controller_dag
[2022-09-20 14:30:30,176] {logging_mixin.py:109} INFO - [2022-09-20 14:30:30,176] {manager.py:496} INFO - Created Permission View: can read on DAG:example_trigger_controller_dag
[2022-09-20 14:30:30,177] {logging_mixin.py:109} INFO - [2022-09-20 14:30:30,177] {dag.py:2396} INFO - Sync 1 DAGs
[2022-09-20 14:30:30,186] {logging_mixin.py:109} INFO - [2022-09-20 14:30:30,186] {dag.py:2415} INFO - Creating ORM DAG for example_trigger_controller_dag
[2022-09-20 14:30:30,196] {logging_mixin.py:109} INFO - [2022-09-20 14:30:30,196] {dag.py:2935} INFO - Setting next_dagrun for example_trigger_controller_dag to 2021-01-01T00:00:00+00:00
[2022-09-20 14:30:30,212] {processor.py:171} INFO - Processing /home/airflow/.local/lib/python3.7/site-packages/airflow/example_dags/example_trigger_controller_dag.py took 2.811 seconds
[2022-09-20 14:31:01,091] {processor.py:163} INFO - Started process (PID=256) to work on /home/airflow/.local/lib/python3.7/site-packages/airflow/example_dags/example_trigger_controller_dag.py
[2022-09-20 14:31:01,093] {processor.py:642} INFO - Processing file /home/airflow/.local/lib/python3.7/site-packages/airflow/example_dags/example_trigger_controller_dag.py for tasks to queue
[2022-09-20 14:31:01,094] {logging_mixin.py:109} INFO - [2022-09-20 14:31:01,094] {dagbag.py:500} INFO - Filling up the DagBag from /home/airflow/.local/lib/python3.7/site-packages/airflow/example_dags/example_trigger_controller_dag.py
[2022-09-20 14:31:01,127] {processor.py:654} INFO - DAG(s) dict_keys(['example_trigger_controller_dag']) retrieved from /home/airflow/.local/lib/python3.7/site-packages/airflow/example_dags/example_trigger_controller_dag.py
[2022-09-20 14:31:01,138] {logging_mixin.py:109} INFO - [2022-09-20 14:31:01,138] {dag.py:2396} INFO - Sync 1 DAGs
[2022-09-20 14:31:01,156] {logging_mixin.py:109} INFO - [2022-09-20 14:31:01,156] {dag.py:2935} INFO - Setting next_dagrun for example_trigger_controller_dag to 2021-01-01T00:00:00+00:00
[2022-09-20 14:31:01,166] {processor.py:171} INFO - Processing /home/airflow/.local/lib/python3.7/site-packages/airflow/example_dags/example_trigger_controller_dag.py took 0.080 seconds
[2022-09-20 14:31:31,450] {processor.py:163} INFO - Started process (PID=306) to work on /home/airflow/.local/lib/python3.7/site-packages/airflow/example_dags/example_trigger_controller_dag.py
[2022-09-20 14:31:31,451] {processor.py:642} INFO - Processing file /home/airflow/.local/lib/python3.7/site-packages/airflow/example_dags/example_trigger_controller_dag.py for tasks to queue
[2022-09-20 14:31:31,452] {logging_mixin.py:109} INFO - [2022-09-20 14:31:31,452] {dagbag.py:500} INFO - Filling up the DagBag from /home/airflow/.local/lib/python3.7/site-packages/airflow/example_dags/example_trigger_controller_dag.py
[2022-09-20 14:31:31,490] {processor.py:654} INFO - DAG(s) dict_keys(['example_trigger_controller_dag']) retrieved from /home/airflow/.local/lib/python3.7/site-packages/airflow/example_dags/example_trigger_controller_dag.py
[2022-09-20 14:31:31,503] {logging_mixin.py:109} INFO - [2022-09-20 14:31:31,502] {dag.py:2396} INFO - Sync 1 DAGs
[2022-09-20 14:31:31,523] {logging_mixin.py:109} INFO - [2022-09-20 14:31:31,523] {dag.py:2935} INFO - Setting next_dagrun for example_trigger_controller_dag to 2021-01-01T00:00:00+00:00
[2022-09-20 14:31:31,535] {processor.py:171} INFO - Processing /home/airflow/.local/lib/python3.7/site-packages/airflow/example_dags/example_trigger_controller_dag.py took 0.091 seconds
[2022-09-20 14:32:01,675] {processor.py:163} INFO - Started process (PID=365) to work on /home/airflow/.local/lib/python3.7/site-packages/airflow/example_dags/example_trigger_controller_dag.py
[2022-09-20 14:32:01,678] {processor.py:642} INFO - Processing file /home/airflow/.local/lib/python3.7/site-packages/airflow/example_dags/example_trigger_controller_dag.py for tasks to queue
[2022-09-20 14:32:01,679] {logging_mixin.py:109} INFO - [2022-09-20 14:32:01,678] {dagbag.py:500} INFO - Filling up the DagBag from /home/airflow/.local/lib/python3.7/site-packages/airflow/example_dags/example_trigger_controller_dag.py
[2022-09-20 14:32:01,720] {processor.py:654} INFO - DAG(s) dict_keys(['example_trigger_controller_dag']) retrieved from /home/airflow/.local/lib/python3.7/site-packages/airflow/example_dags/example_trigger_controller_dag.py
[2022-09-20 14:32:01,735] {logging_mixin.py:109} INFO - [2022-09-20 14:32:01,735] {dag.py:2396} INFO - Sync 1 DAGs
[2022-09-20 14:32:01,760] {logging_mixin.py:109} INFO - [2022-09-20 14:32:01,760] {dag.py:2935} INFO - Setting next_dagrun for example_trigger_controller_dag to 2021-01-01T00:00:00+00:00
[2022-09-20 14:32:01,773] {processor.py:171} INFO - Processing /home/airflow/.local/lib/python3.7/site-packages/airflow/example_dags/example_trigger_controller_dag.py took 0.104 seconds
[2022-09-20 14:32:32,171] {processor.py:163} INFO - Started process (PID=416) to work on /home/airflow/.local/lib/python3.7/site-packages/airflow/example_dags/example_trigger_controller_dag.py
[2022-09-20 14:32:32,182] {processor.py:642} INFO - Processing file /home/airflow/.local/lib/python3.7/site-packages/airflow/example_dags/example_trigger_controller_dag.py for tasks to queue
[2022-09-20 14:32:32,183] {logging_mixin.py:109} INFO - [2022-09-20 14:32:32,183] {dagbag.py:500} INFO - Filling up the DagBag from /home/airflow/.local/lib/python3.7/site-packages/airflow/example_dags/example_trigger_controller_dag.py
[2022-09-20 14:32:32,424] {processor.py:654} INFO - DAG(s) dict_keys(['example_trigger_controller_dag']) retrieved from /home/airflow/.local/lib/python3.7/site-packages/airflow/example_dags/example_trigger_controller_dag.py
[2022-09-20 14:32:32,480] {logging_mixin.py:109} INFO - [2022-09-20 14:32:32,480] {dag.py:2396} INFO - Sync 1 DAGs
[2022-09-20 14:32:32,683] {logging_mixin.py:109} INFO - [2022-09-20 14:32:32,682] {dag.py:2935} INFO - Setting next_dagrun for example_trigger_controller_dag to 2021-01-01T00:00:00+00:00
[2022-09-20 14:32:32,715] {processor.py:171} INFO - Processing /home/airflow/.local/lib/python3.7/site-packages/airflow/example_dags/example_trigger_controller_dag.py took 0.575 seconds
[2022-09-20 14:33:03,600] {processor.py:163} INFO - Started process (PID=468) to work on /home/airflow/.local/lib/python3.7/site-packages/airflow/example_dags/example_trigger_controller_dag.py
[2022-09-20 14:33:03,603] {processor.py:642} INFO - Processing file /home/airflow/.local/lib/python3.7/site-packages/airflow/example_dags/example_trigger_controller_dag.py for tasks to queue
[2022-09-20 14:33:03,604] {logging_mixin.py:109} INFO - [2022-09-20 14:33:03,603] {dagbag.py:500} INFO - Filling up the DagBag from /home/airflow/.local/lib/python3.7/site-packages/airflow/example_dags/example_trigger_controller_dag.py
[2022-09-20 14:33:03,650] {processor.py:654} INFO - DAG(s) dict_keys(['example_trigger_controller_dag']) retrieved from /home/airflow/.local/lib/python3.7/site-packages/airflow/example_dags/example_trigger_controller_dag.py
[2022-09-20 14:33:03,666] {logging_mixin.py:109} INFO - [2022-09-20 14:33:03,666] {dag.py:2396} INFO - Sync 1 DAGs
[2022-09-20 14:33:03,694] {logging_mixin.py:109} INFO - [2022-09-20 14:33:03,694] {dag.py:2935} INFO - Setting next_dagrun for example_trigger_controller_dag to 2021-01-01T00:00:00+00:00
[2022-09-20 14:33:03,708] {processor.py:171} INFO - Processing /home/airflow/.local/lib/python3.7/site-packages/airflow/example_dags/example_trigger_controller_dag.py took 0.115 seconds
[2022-09-20 14:33:34,141] {processor.py:163} INFO - Started process (PID=525) to work on /home/airflow/.local/lib/python3.7/site-packages/airflow/example_dags/example_trigger_controller_dag.py
[2022-09-20 14:33:34,142] {processor.py:642} INFO - Processing file /home/airflow/.local/lib/python3.7/site-packages/airflow/example_dags/example_trigger_controller_dag.py for tasks to queue
[2022-09-20 14:33:34,143] {logging_mixin.py:109} INFO - [2022-09-20 14:33:34,143] {dagbag.py:500} INFO - Filling up the DagBag from /home/airflow/.local/lib/python3.7/site-packages/airflow/example_dags/example_trigger_controller_dag.py
[2022-09-20 14:33:34,187] {processor.py:654} INFO - DAG(s) dict_keys(['example_trigger_controller_dag']) retrieved from /home/airflow/.local/lib/python3.7/site-packages/airflow/example_dags/example_trigger_controller_dag.py
[2022-09-20 14:33:34,203] {logging_mixin.py:109} INFO - [2022-09-20 14:33:34,203] {dag.py:2396} INFO - Sync 1 DAGs
[2022-09-20 14:33:34,233] {logging_mixin.py:109} INFO - [2022-09-20 14:33:34,232] {dag.py:2935} INFO - Setting next_dagrun for example_trigger_controller_dag to 2021-01-01T00:00:00+00:00
[2022-09-20 14:33:34,247] {processor.py:171} INFO - Processing /home/airflow/.local/lib/python3.7/site-packages/airflow/example_dags/example_trigger_controller_dag.py took 0.114 seconds
[2022-09-20 14:34:04,758] {processor.py:163} INFO - Started process (PID=577) to work on /home/airflow/.local/lib/python3.7/site-packages/airflow/example_dags/example_trigger_controller_dag.py
[2022-09-20 14:34:04,760] {processor.py:642} INFO - Processing file /home/airflow/.local/lib/python3.7/site-packages/airflow/example_dags/example_trigger_controller_dag.py for tasks to queue
[2022-09-20 14:34:04,761] {logging_mixin.py:109} INFO - [2022-09-20 14:34:04,761] {dagbag.py:500} INFO - Filling up the DagBag from /home/airflow/.local/lib/python3.7/site-packages/airflow/example_dags/example_trigger_controller_dag.py
[2022-09-20 14:34:04,799] {processor.py:654} INFO - DAG(s) dict_keys(['example_trigger_controller_dag']) retrieved from /home/airflow/.local/lib/python3.7/site-packages/airflow/example_dags/example_trigger_controller_dag.py
[2022-09-20 14:34:04,814] {logging_mixin.py:109} INFO - [2022-09-20 14:34:04,813] {dag.py:2396} INFO - Sync 1 DAGs
[2022-09-20 14:34:04,837] {logging_mixin.py:109} INFO - [2022-09-20 14:34:04,837] {dag.py:2935} INFO - Setting next_dagrun for example_trigger_controller_dag to 2021-01-01T00:00:00+00:00
[2022-09-20 14:34:04,850] {processor.py:171} INFO - Processing /home/airflow/.local/lib/python3.7/site-packages/airflow/example_dags/example_trigger_controller_dag.py took 0.098 seconds
