[2022-09-20 14:29:43,824] {processor.py:163} INFO - Started process (PID=40) to work on /home/airflow/.local/lib/python3.7/site-packages/airflow/example_dags/example_kubernetes_executor.py
[2022-09-20 14:29:43,826] {processor.py:642} INFO - Processing file /home/airflow/.local/lib/python3.7/site-packages/airflow/example_dags/example_kubernetes_executor.py for tasks to queue
[2022-09-20 14:29:43,828] {logging_mixin.py:109} INFO - [2022-09-20 14:29:43,827] {dagbag.py:500} INFO - Filling up the DagBag from /home/airflow/.local/lib/python3.7/site-packages/airflow/example_dags/example_kubernetes_executor.py
[2022-09-20 14:29:43,913] {processor.py:654} INFO - DAG(s) dict_keys(['example_kubernetes_executor']) retrieved from /home/airflow/.local/lib/python3.7/site-packages/airflow/example_dags/example_kubernetes_executor.py
[2022-09-20 14:29:57,989] {logging_mixin.py:109} INFO - [2022-09-20 14:29:57,989] {manager.py:496} INFO - Created Permission View: can edit on DAG:example_kubernetes_executor
[2022-09-20 14:29:58,091] {logging_mixin.py:109} INFO - [2022-09-20 14:29:58,091] {manager.py:496} INFO - Created Permission View: can read on DAG:example_kubernetes_executor
[2022-09-20 14:29:58,092] {logging_mixin.py:109} INFO - [2022-09-20 14:29:58,091] {dag.py:2396} INFO - Sync 1 DAGs
[2022-09-20 14:29:58,106] {logging_mixin.py:109} INFO - [2022-09-20 14:29:58,106] {dag.py:2415} INFO - Creating ORM DAG for example_kubernetes_executor
[2022-09-20 14:29:58,128] {logging_mixin.py:109} INFO - [2022-09-20 14:29:58,128] {dag.py:2935} INFO - Setting next_dagrun for example_kubernetes_executor to None
[2022-09-20 14:29:58,299] {processor.py:171} INFO - Processing /home/airflow/.local/lib/python3.7/site-packages/airflow/example_dags/example_kubernetes_executor.py took 14.482 seconds
[2022-09-20 14:30:42,648] {processor.py:163} INFO - Started process (PID=224) to work on /home/airflow/.local/lib/python3.7/site-packages/airflow/example_dags/example_kubernetes_executor.py
[2022-09-20 14:30:42,666] {processor.py:642} INFO - Processing file /home/airflow/.local/lib/python3.7/site-packages/airflow/example_dags/example_kubernetes_executor.py for tasks to queue
[2022-09-20 14:30:42,667] {logging_mixin.py:109} INFO - [2022-09-20 14:30:42,667] {dagbag.py:500} INFO - Filling up the DagBag from /home/airflow/.local/lib/python3.7/site-packages/airflow/example_dags/example_kubernetes_executor.py
[2022-09-20 14:30:42,711] {processor.py:654} INFO - DAG(s) dict_keys(['example_kubernetes_executor']) retrieved from /home/airflow/.local/lib/python3.7/site-packages/airflow/example_dags/example_kubernetes_executor.py
[2022-09-20 14:30:42,733] {logging_mixin.py:109} INFO - [2022-09-20 14:30:42,733] {dag.py:2396} INFO - Sync 1 DAGs
[2022-09-20 14:30:42,759] {logging_mixin.py:109} INFO - [2022-09-20 14:30:42,758] {dag.py:2935} INFO - Setting next_dagrun for example_kubernetes_executor to None
[2022-09-20 14:30:42,773] {processor.py:171} INFO - Processing /home/airflow/.local/lib/python3.7/site-packages/airflow/example_dags/example_kubernetes_executor.py took 0.129 seconds
[2022-09-20 14:31:13,106] {processor.py:163} INFO - Started process (PID=274) to work on /home/airflow/.local/lib/python3.7/site-packages/airflow/example_dags/example_kubernetes_executor.py
[2022-09-20 14:31:13,108] {processor.py:642} INFO - Processing file /home/airflow/.local/lib/python3.7/site-packages/airflow/example_dags/example_kubernetes_executor.py for tasks to queue
[2022-09-20 14:31:13,109] {logging_mixin.py:109} INFO - [2022-09-20 14:31:13,109] {dagbag.py:500} INFO - Filling up the DagBag from /home/airflow/.local/lib/python3.7/site-packages/airflow/example_dags/example_kubernetes_executor.py
[2022-09-20 14:31:13,155] {processor.py:654} INFO - DAG(s) dict_keys(['example_kubernetes_executor']) retrieved from /home/airflow/.local/lib/python3.7/site-packages/airflow/example_dags/example_kubernetes_executor.py
[2022-09-20 14:31:13,171] {logging_mixin.py:109} INFO - [2022-09-20 14:31:13,171] {dag.py:2396} INFO - Sync 1 DAGs
[2022-09-20 14:31:13,190] {logging_mixin.py:109} INFO - [2022-09-20 14:31:13,190] {dag.py:2935} INFO - Setting next_dagrun for example_kubernetes_executor to None
[2022-09-20 14:31:13,203] {processor.py:171} INFO - Processing /home/airflow/.local/lib/python3.7/site-packages/airflow/example_dags/example_kubernetes_executor.py took 0.102 seconds
[2022-09-20 14:31:43,432] {processor.py:163} INFO - Started process (PID=324) to work on /home/airflow/.local/lib/python3.7/site-packages/airflow/example_dags/example_kubernetes_executor.py
[2022-09-20 14:31:43,440] {processor.py:642} INFO - Processing file /home/airflow/.local/lib/python3.7/site-packages/airflow/example_dags/example_kubernetes_executor.py for tasks to queue
[2022-09-20 14:31:43,441] {logging_mixin.py:109} INFO - [2022-09-20 14:31:43,441] {dagbag.py:500} INFO - Filling up the DagBag from /home/airflow/.local/lib/python3.7/site-packages/airflow/example_dags/example_kubernetes_executor.py
[2022-09-20 14:31:43,488] {processor.py:654} INFO - DAG(s) dict_keys(['example_kubernetes_executor']) retrieved from /home/airflow/.local/lib/python3.7/site-packages/airflow/example_dags/example_kubernetes_executor.py
[2022-09-20 14:31:43,505] {logging_mixin.py:109} INFO - [2022-09-20 14:31:43,504] {dag.py:2396} INFO - Sync 1 DAGs
[2022-09-20 14:31:43,523] {logging_mixin.py:109} INFO - [2022-09-20 14:31:43,523] {dag.py:2935} INFO - Setting next_dagrun for example_kubernetes_executor to None
[2022-09-20 14:31:43,535] {processor.py:171} INFO - Processing /home/airflow/.local/lib/python3.7/site-packages/airflow/example_dags/example_kubernetes_executor.py took 0.109 seconds
[2022-09-20 14:32:14,169] {processor.py:163} INFO - Started process (PID=383) to work on /home/airflow/.local/lib/python3.7/site-packages/airflow/example_dags/example_kubernetes_executor.py
[2022-09-20 14:32:14,171] {processor.py:642} INFO - Processing file /home/airflow/.local/lib/python3.7/site-packages/airflow/example_dags/example_kubernetes_executor.py for tasks to queue
[2022-09-20 14:32:14,173] {logging_mixin.py:109} INFO - [2022-09-20 14:32:14,172] {dagbag.py:500} INFO - Filling up the DagBag from /home/airflow/.local/lib/python3.7/site-packages/airflow/example_dags/example_kubernetes_executor.py
[2022-09-20 14:32:14,240] {processor.py:654} INFO - DAG(s) dict_keys(['example_kubernetes_executor']) retrieved from /home/airflow/.local/lib/python3.7/site-packages/airflow/example_dags/example_kubernetes_executor.py
[2022-09-20 14:32:14,269] {logging_mixin.py:109} INFO - [2022-09-20 14:32:14,269] {dag.py:2396} INFO - Sync 1 DAGs
[2022-09-20 14:32:14,297] {logging_mixin.py:109} INFO - [2022-09-20 14:32:14,296] {dag.py:2935} INFO - Setting next_dagrun for example_kubernetes_executor to None
[2022-09-20 14:32:14,312] {processor.py:171} INFO - Processing /home/airflow/.local/lib/python3.7/site-packages/airflow/example_dags/example_kubernetes_executor.py took 0.150 seconds
[2022-09-20 14:32:44,992] {processor.py:163} INFO - Started process (PID=435) to work on /home/airflow/.local/lib/python3.7/site-packages/airflow/example_dags/example_kubernetes_executor.py
[2022-09-20 14:32:45,003] {processor.py:642} INFO - Processing file /home/airflow/.local/lib/python3.7/site-packages/airflow/example_dags/example_kubernetes_executor.py for tasks to queue
[2022-09-20 14:32:45,005] {logging_mixin.py:109} INFO - [2022-09-20 14:32:45,005] {dagbag.py:500} INFO - Filling up the DagBag from /home/airflow/.local/lib/python3.7/site-packages/airflow/example_dags/example_kubernetes_executor.py
[2022-09-20 14:32:45,201] {processor.py:654} INFO - DAG(s) dict_keys(['example_kubernetes_executor']) retrieved from /home/airflow/.local/lib/python3.7/site-packages/airflow/example_dags/example_kubernetes_executor.py
[2022-09-20 14:32:45,272] {logging_mixin.py:109} INFO - [2022-09-20 14:32:45,271] {dag.py:2396} INFO - Sync 1 DAGs
[2022-09-20 14:32:45,363] {logging_mixin.py:109} INFO - [2022-09-20 14:32:45,363] {dag.py:2935} INFO - Setting next_dagrun for example_kubernetes_executor to None
[2022-09-20 14:32:45,406] {processor.py:171} INFO - Processing /home/airflow/.local/lib/python3.7/site-packages/airflow/example_dags/example_kubernetes_executor.py took 0.450 seconds
[2022-09-20 14:33:15,515] {processor.py:163} INFO - Started process (PID=486) to work on /home/airflow/.local/lib/python3.7/site-packages/airflow/example_dags/example_kubernetes_executor.py
[2022-09-20 14:33:15,518] {processor.py:642} INFO - Processing file /home/airflow/.local/lib/python3.7/site-packages/airflow/example_dags/example_kubernetes_executor.py for tasks to queue
[2022-09-20 14:33:15,519] {logging_mixin.py:109} INFO - [2022-09-20 14:33:15,519] {dagbag.py:500} INFO - Filling up the DagBag from /home/airflow/.local/lib/python3.7/site-packages/airflow/example_dags/example_kubernetes_executor.py
[2022-09-20 14:33:15,567] {processor.py:654} INFO - DAG(s) dict_keys(['example_kubernetes_executor']) retrieved from /home/airflow/.local/lib/python3.7/site-packages/airflow/example_dags/example_kubernetes_executor.py
[2022-09-20 14:33:15,592] {logging_mixin.py:109} INFO - [2022-09-20 14:33:15,591] {dag.py:2396} INFO - Sync 1 DAGs
[2022-09-20 14:33:15,621] {logging_mixin.py:109} INFO - [2022-09-20 14:33:15,621] {dag.py:2935} INFO - Setting next_dagrun for example_kubernetes_executor to None
[2022-09-20 14:33:15,639] {processor.py:171} INFO - Processing /home/airflow/.local/lib/python3.7/site-packages/airflow/example_dags/example_kubernetes_executor.py took 0.130 seconds
[2022-09-20 14:33:45,827] {processor.py:163} INFO - Started process (PID=537) to work on /home/airflow/.local/lib/python3.7/site-packages/airflow/example_dags/example_kubernetes_executor.py
[2022-09-20 14:33:45,829] {processor.py:642} INFO - Processing file /home/airflow/.local/lib/python3.7/site-packages/airflow/example_dags/example_kubernetes_executor.py for tasks to queue
[2022-09-20 14:33:45,830] {logging_mixin.py:109} INFO - [2022-09-20 14:33:45,830] {dagbag.py:500} INFO - Filling up the DagBag from /home/airflow/.local/lib/python3.7/site-packages/airflow/example_dags/example_kubernetes_executor.py
[2022-09-20 14:33:45,891] {processor.py:654} INFO - DAG(s) dict_keys(['example_kubernetes_executor']) retrieved from /home/airflow/.local/lib/python3.7/site-packages/airflow/example_dags/example_kubernetes_executor.py
[2022-09-20 14:33:45,917] {logging_mixin.py:109} INFO - [2022-09-20 14:33:45,917] {dag.py:2396} INFO - Sync 1 DAGs
[2022-09-20 14:33:45,964] {logging_mixin.py:109} INFO - [2022-09-20 14:33:45,964] {dag.py:2935} INFO - Setting next_dagrun for example_kubernetes_executor to None
[2022-09-20 14:33:45,980] {processor.py:171} INFO - Processing /home/airflow/.local/lib/python3.7/site-packages/airflow/example_dags/example_kubernetes_executor.py took 0.160 seconds
[2022-09-20 14:34:16,195] {processor.py:163} INFO - Started process (PID=596) to work on /home/airflow/.local/lib/python3.7/site-packages/airflow/example_dags/example_kubernetes_executor.py
[2022-09-20 14:34:16,199] {processor.py:642} INFO - Processing file /home/airflow/.local/lib/python3.7/site-packages/airflow/example_dags/example_kubernetes_executor.py for tasks to queue
[2022-09-20 14:34:16,201] {logging_mixin.py:109} INFO - [2022-09-20 14:34:16,200] {dagbag.py:500} INFO - Filling up the DagBag from /home/airflow/.local/lib/python3.7/site-packages/airflow/example_dags/example_kubernetes_executor.py
[2022-09-20 14:34:16,260] {processor.py:654} INFO - DAG(s) dict_keys(['example_kubernetes_executor']) retrieved from /home/airflow/.local/lib/python3.7/site-packages/airflow/example_dags/example_kubernetes_executor.py
[2022-09-20 14:34:16,283] {logging_mixin.py:109} INFO - [2022-09-20 14:34:16,282] {dag.py:2396} INFO - Sync 1 DAGs
[2022-09-20 14:34:16,318] {logging_mixin.py:109} INFO - [2022-09-20 14:34:16,318] {dag.py:2935} INFO - Setting next_dagrun for example_kubernetes_executor to None
[2022-09-20 14:34:16,334] {processor.py:171} INFO - Processing /home/airflow/.local/lib/python3.7/site-packages/airflow/example_dags/example_kubernetes_executor.py took 0.145 seconds
