[2022-09-20 14:30:34,205] {processor.py:163} INFO - Started process (PID=186) to work on /home/airflow/.local/lib/python3.7/site-packages/airflow/example_dags/example_external_task_marker_dag.py
[2022-09-20 14:30:34,207] {processor.py:642} INFO - Processing file /home/airflow/.local/lib/python3.7/site-packages/airflow/example_dags/example_external_task_marker_dag.py for tasks to queue
[2022-09-20 14:30:34,208] {logging_mixin.py:109} INFO - [2022-09-20 14:30:34,208] {dagbag.py:500} INFO - Filling up the DagBag from /home/airflow/.local/lib/python3.7/site-packages/airflow/example_dags/example_external_task_marker_dag.py
[2022-09-20 14:30:34,263] {processor.py:654} INFO - DAG(s) dict_keys(['example_external_task_marker_parent', 'example_external_task_marker_child']) retrieved from /home/airflow/.local/lib/python3.7/site-packages/airflow/example_dags/example_external_task_marker_dag.py
[2022-09-20 14:30:36,502] {logging_mixin.py:109} INFO - [2022-09-20 14:30:36,502] {manager.py:496} INFO - Created Permission View: can edit on DAG:example_external_task_marker_parent
[2022-09-20 14:30:36,514] {logging_mixin.py:109} INFO - [2022-09-20 14:30:36,514] {manager.py:496} INFO - Created Permission View: can read on DAG:example_external_task_marker_parent
[2022-09-20 14:30:36,537] {logging_mixin.py:109} INFO - [2022-09-20 14:30:36,537] {manager.py:496} INFO - Created Permission View: can edit on DAG:example_external_task_marker_child
[2022-09-20 14:30:36,551] {logging_mixin.py:109} INFO - [2022-09-20 14:30:36,551] {manager.py:496} INFO - Created Permission View: can read on DAG:example_external_task_marker_child
[2022-09-20 14:30:36,552] {logging_mixin.py:109} INFO - [2022-09-20 14:30:36,551] {dag.py:2396} INFO - Sync 2 DAGs
[2022-09-20 14:30:36,562] {logging_mixin.py:109} INFO - [2022-09-20 14:30:36,561] {dag.py:2415} INFO - Creating ORM DAG for example_external_task_marker_parent
[2022-09-20 14:30:36,562] {logging_mixin.py:109} INFO - [2022-09-20 14:30:36,562] {dag.py:2415} INFO - Creating ORM DAG for example_external_task_marker_child
[2022-09-20 14:30:36,572] {logging_mixin.py:109} INFO - [2022-09-20 14:30:36,572] {dag.py:2935} INFO - Setting next_dagrun for example_external_task_marker_child to None
[2022-09-20 14:30:36,573] {logging_mixin.py:109} INFO - [2022-09-20 14:30:36,573] {dag.py:2935} INFO - Setting next_dagrun for example_external_task_marker_parent to None
[2022-09-20 14:30:36,590] {processor.py:171} INFO - Processing /home/airflow/.local/lib/python3.7/site-packages/airflow/example_dags/example_external_task_marker_dag.py took 2.392 seconds
[2022-09-20 14:31:06,793] {processor.py:163} INFO - Started process (PID=270) to work on /home/airflow/.local/lib/python3.7/site-packages/airflow/example_dags/example_external_task_marker_dag.py
[2022-09-20 14:31:06,795] {processor.py:642} INFO - Processing file /home/airflow/.local/lib/python3.7/site-packages/airflow/example_dags/example_external_task_marker_dag.py for tasks to queue
[2022-09-20 14:31:06,796] {logging_mixin.py:109} INFO - [2022-09-20 14:31:06,796] {dagbag.py:500} INFO - Filling up the DagBag from /home/airflow/.local/lib/python3.7/site-packages/airflow/example_dags/example_external_task_marker_dag.py
[2022-09-20 14:31:06,850] {processor.py:654} INFO - DAG(s) dict_keys(['example_external_task_marker_parent', 'example_external_task_marker_child']) retrieved from /home/airflow/.local/lib/python3.7/site-packages/airflow/example_dags/example_external_task_marker_dag.py
[2022-09-20 14:31:06,870] {logging_mixin.py:109} INFO - [2022-09-20 14:31:06,870] {dag.py:2396} INFO - Sync 2 DAGs
[2022-09-20 14:31:06,898] {logging_mixin.py:109} INFO - [2022-09-20 14:31:06,898] {dag.py:2935} INFO - Setting next_dagrun for example_external_task_marker_child to None
[2022-09-20 14:31:06,901] {logging_mixin.py:109} INFO - [2022-09-20 14:31:06,901] {dag.py:2935} INFO - Setting next_dagrun for example_external_task_marker_parent to None
[2022-09-20 14:31:06,919] {processor.py:171} INFO - Processing /home/airflow/.local/lib/python3.7/site-packages/airflow/example_dags/example_external_task_marker_dag.py took 0.133 seconds
[2022-09-20 14:31:37,273] {processor.py:163} INFO - Started process (PID=320) to work on /home/airflow/.local/lib/python3.7/site-packages/airflow/example_dags/example_external_task_marker_dag.py
[2022-09-20 14:31:37,275] {processor.py:642} INFO - Processing file /home/airflow/.local/lib/python3.7/site-packages/airflow/example_dags/example_external_task_marker_dag.py for tasks to queue
[2022-09-20 14:31:37,275] {logging_mixin.py:109} INFO - [2022-09-20 14:31:37,275] {dagbag.py:500} INFO - Filling up the DagBag from /home/airflow/.local/lib/python3.7/site-packages/airflow/example_dags/example_external_task_marker_dag.py
[2022-09-20 14:31:37,316] {processor.py:654} INFO - DAG(s) dict_keys(['example_external_task_marker_parent', 'example_external_task_marker_child']) retrieved from /home/airflow/.local/lib/python3.7/site-packages/airflow/example_dags/example_external_task_marker_dag.py
[2022-09-20 14:31:37,334] {logging_mixin.py:109} INFO - [2022-09-20 14:31:37,334] {dag.py:2396} INFO - Sync 2 DAGs
[2022-09-20 14:31:37,356] {logging_mixin.py:109} INFO - [2022-09-20 14:31:37,356] {dag.py:2935} INFO - Setting next_dagrun for example_external_task_marker_child to None
[2022-09-20 14:31:37,357] {logging_mixin.py:109} INFO - [2022-09-20 14:31:37,357] {dag.py:2935} INFO - Setting next_dagrun for example_external_task_marker_parent to None
[2022-09-20 14:31:37,369] {processor.py:171} INFO - Processing /home/airflow/.local/lib/python3.7/site-packages/airflow/example_dags/example_external_task_marker_dag.py took 0.102 seconds
[2022-09-20 14:32:07,980] {processor.py:163} INFO - Started process (PID=370) to work on /home/airflow/.local/lib/python3.7/site-packages/airflow/example_dags/example_external_task_marker_dag.py
[2022-09-20 14:32:07,982] {processor.py:642} INFO - Processing file /home/airflow/.local/lib/python3.7/site-packages/airflow/example_dags/example_external_task_marker_dag.py for tasks to queue
[2022-09-20 14:32:07,983] {logging_mixin.py:109} INFO - [2022-09-20 14:32:07,983] {dagbag.py:500} INFO - Filling up the DagBag from /home/airflow/.local/lib/python3.7/site-packages/airflow/example_dags/example_external_task_marker_dag.py
[2022-09-20 14:32:08,026] {processor.py:654} INFO - DAG(s) dict_keys(['example_external_task_marker_parent', 'example_external_task_marker_child']) retrieved from /home/airflow/.local/lib/python3.7/site-packages/airflow/example_dags/example_external_task_marker_dag.py
[2022-09-20 14:32:08,046] {logging_mixin.py:109} INFO - [2022-09-20 14:32:08,046] {dag.py:2396} INFO - Sync 2 DAGs
[2022-09-20 14:32:08,065] {logging_mixin.py:109} INFO - [2022-09-20 14:32:08,065] {dag.py:2935} INFO - Setting next_dagrun for example_external_task_marker_child to None
[2022-09-20 14:32:08,065] {logging_mixin.py:109} INFO - [2022-09-20 14:32:08,065] {dag.py:2935} INFO - Setting next_dagrun for example_external_task_marker_parent to None
[2022-09-20 14:32:08,076] {processor.py:171} INFO - Processing /home/airflow/.local/lib/python3.7/site-packages/airflow/example_dags/example_external_task_marker_dag.py took 0.101 seconds
[2022-09-20 14:32:38,361] {processor.py:163} INFO - Started process (PID=421) to work on /home/airflow/.local/lib/python3.7/site-packages/airflow/example_dags/example_external_task_marker_dag.py
[2022-09-20 14:32:38,368] {processor.py:642} INFO - Processing file /home/airflow/.local/lib/python3.7/site-packages/airflow/example_dags/example_external_task_marker_dag.py for tasks to queue
[2022-09-20 14:32:38,371] {logging_mixin.py:109} INFO - [2022-09-20 14:32:38,370] {dagbag.py:500} INFO - Filling up the DagBag from /home/airflow/.local/lib/python3.7/site-packages/airflow/example_dags/example_external_task_marker_dag.py
[2022-09-20 14:32:38,478] {processor.py:654} INFO - DAG(s) dict_keys(['example_external_task_marker_parent', 'example_external_task_marker_child']) retrieved from /home/airflow/.local/lib/python3.7/site-packages/airflow/example_dags/example_external_task_marker_dag.py
[2022-09-20 14:32:38,521] {logging_mixin.py:109} INFO - [2022-09-20 14:32:38,521] {dag.py:2396} INFO - Sync 2 DAGs
[2022-09-20 14:32:38,582] {logging_mixin.py:109} INFO - [2022-09-20 14:32:38,582] {dag.py:2935} INFO - Setting next_dagrun for example_external_task_marker_child to None
[2022-09-20 14:32:38,583] {logging_mixin.py:109} INFO - [2022-09-20 14:32:38,582] {dag.py:2935} INFO - Setting next_dagrun for example_external_task_marker_parent to None
[2022-09-20 14:32:38,619] {processor.py:171} INFO - Processing /home/airflow/.local/lib/python3.7/site-packages/airflow/example_dags/example_external_task_marker_dag.py took 0.266 seconds
[2022-09-20 14:33:08,949] {processor.py:163} INFO - Started process (PID=480) to work on /home/airflow/.local/lib/python3.7/site-packages/airflow/example_dags/example_external_task_marker_dag.py
[2022-09-20 14:33:08,952] {processor.py:642} INFO - Processing file /home/airflow/.local/lib/python3.7/site-packages/airflow/example_dags/example_external_task_marker_dag.py for tasks to queue
[2022-09-20 14:33:08,953] {logging_mixin.py:109} INFO - [2022-09-20 14:33:08,953] {dagbag.py:500} INFO - Filling up the DagBag from /home/airflow/.local/lib/python3.7/site-packages/airflow/example_dags/example_external_task_marker_dag.py
[2022-09-20 14:33:08,993] {processor.py:654} INFO - DAG(s) dict_keys(['example_external_task_marker_parent', 'example_external_task_marker_child']) retrieved from /home/airflow/.local/lib/python3.7/site-packages/airflow/example_dags/example_external_task_marker_dag.py
[2022-09-20 14:33:09,017] {logging_mixin.py:109} INFO - [2022-09-20 14:33:09,016] {dag.py:2396} INFO - Sync 2 DAGs
[2022-09-20 14:33:09,038] {logging_mixin.py:109} INFO - [2022-09-20 14:33:09,038] {dag.py:2935} INFO - Setting next_dagrun for example_external_task_marker_child to None
[2022-09-20 14:33:09,039] {logging_mixin.py:109} INFO - [2022-09-20 14:33:09,039] {dag.py:2935} INFO - Setting next_dagrun for example_external_task_marker_parent to None
[2022-09-20 14:33:09,052] {processor.py:171} INFO - Processing /home/airflow/.local/lib/python3.7/site-packages/airflow/example_dags/example_external_task_marker_dag.py took 0.110 seconds
[2022-09-20 14:33:39,352] {processor.py:163} INFO - Started process (PID=532) to work on /home/airflow/.local/lib/python3.7/site-packages/airflow/example_dags/example_external_task_marker_dag.py
[2022-09-20 14:33:39,353] {processor.py:642} INFO - Processing file /home/airflow/.local/lib/python3.7/site-packages/airflow/example_dags/example_external_task_marker_dag.py for tasks to queue
[2022-09-20 14:33:39,355] {logging_mixin.py:109} INFO - [2022-09-20 14:33:39,354] {dagbag.py:500} INFO - Filling up the DagBag from /home/airflow/.local/lib/python3.7/site-packages/airflow/example_dags/example_external_task_marker_dag.py
[2022-09-20 14:33:39,397] {processor.py:654} INFO - DAG(s) dict_keys(['example_external_task_marker_parent', 'example_external_task_marker_child']) retrieved from /home/airflow/.local/lib/python3.7/site-packages/airflow/example_dags/example_external_task_marker_dag.py
[2022-09-20 14:33:39,413] {logging_mixin.py:109} INFO - [2022-09-20 14:33:39,413] {dag.py:2396} INFO - Sync 2 DAGs
[2022-09-20 14:33:39,433] {logging_mixin.py:109} INFO - [2022-09-20 14:33:39,433] {dag.py:2935} INFO - Setting next_dagrun for example_external_task_marker_child to None
[2022-09-20 14:33:39,433] {logging_mixin.py:109} INFO - [2022-09-20 14:33:39,433] {dag.py:2935} INFO - Setting next_dagrun for example_external_task_marker_parent to None
[2022-09-20 14:33:39,445] {processor.py:171} INFO - Processing /home/airflow/.local/lib/python3.7/site-packages/airflow/example_dags/example_external_task_marker_dag.py took 0.099 seconds
[2022-09-20 14:34:10,002] {processor.py:163} INFO - Started process (PID=582) to work on /home/airflow/.local/lib/python3.7/site-packages/airflow/example_dags/example_external_task_marker_dag.py
[2022-09-20 14:34:10,005] {processor.py:642} INFO - Processing file /home/airflow/.local/lib/python3.7/site-packages/airflow/example_dags/example_external_task_marker_dag.py for tasks to queue
[2022-09-20 14:34:10,006] {logging_mixin.py:109} INFO - [2022-09-20 14:34:10,006] {dagbag.py:500} INFO - Filling up the DagBag from /home/airflow/.local/lib/python3.7/site-packages/airflow/example_dags/example_external_task_marker_dag.py
[2022-09-20 14:34:10,045] {processor.py:654} INFO - DAG(s) dict_keys(['example_external_task_marker_parent', 'example_external_task_marker_child']) retrieved from /home/airflow/.local/lib/python3.7/site-packages/airflow/example_dags/example_external_task_marker_dag.py
[2022-09-20 14:34:10,065] {logging_mixin.py:109} INFO - [2022-09-20 14:34:10,064] {dag.py:2396} INFO - Sync 2 DAGs
[2022-09-20 14:34:10,089] {logging_mixin.py:109} INFO - [2022-09-20 14:34:10,089] {dag.py:2935} INFO - Setting next_dagrun for example_external_task_marker_child to None
[2022-09-20 14:34:10,089] {logging_mixin.py:109} INFO - [2022-09-20 14:34:10,089] {dag.py:2935} INFO - Setting next_dagrun for example_external_task_marker_parent to None
[2022-09-20 14:34:10,103] {processor.py:171} INFO - Processing /home/airflow/.local/lib/python3.7/site-packages/airflow/example_dags/example_external_task_marker_dag.py took 0.107 seconds
