[2022-09-20 14:30:30,253] {processor.py:163} INFO - Started process (PID=172) to work on /home/airflow/.local/lib/python3.7/site-packages/airflow/example_dags/tutorial_etl_dag.py
[2022-09-20 14:30:30,254] {processor.py:642} INFO - Processing file /home/airflow/.local/lib/python3.7/site-packages/airflow/example_dags/tutorial_etl_dag.py for tasks to queue
[2022-09-20 14:30:30,255] {logging_mixin.py:109} INFO - [2022-09-20 14:30:30,255] {dagbag.py:500} INFO - Filling up the DagBag from /home/airflow/.local/lib/python3.7/site-packages/airflow/example_dags/tutorial_etl_dag.py
[2022-09-20 14:30:30,295] {processor.py:654} INFO - DAG(s) dict_keys(['tutorial_etl_dag']) retrieved from /home/airflow/.local/lib/python3.7/site-packages/airflow/example_dags/tutorial_etl_dag.py
[2022-09-20 14:30:32,863] {logging_mixin.py:109} INFO - [2022-09-20 14:30:32,862] {manager.py:496} INFO - Created Permission View: can edit on DAG:tutorial_etl_dag
[2022-09-20 14:30:32,873] {logging_mixin.py:109} INFO - [2022-09-20 14:30:32,873] {manager.py:496} INFO - Created Permission View: can read on DAG:tutorial_etl_dag
[2022-09-20 14:30:32,874] {logging_mixin.py:109} INFO - [2022-09-20 14:30:32,873] {dag.py:2396} INFO - Sync 1 DAGs
[2022-09-20 14:30:32,883] {logging_mixin.py:109} INFO - [2022-09-20 14:30:32,882] {dag.py:2415} INFO - Creating ORM DAG for tutorial_etl_dag
[2022-09-20 14:30:32,892] {logging_mixin.py:109} INFO - [2022-09-20 14:30:32,892] {dag.py:2935} INFO - Setting next_dagrun for tutorial_etl_dag to None
[2022-09-20 14:30:32,908] {processor.py:171} INFO - Processing /home/airflow/.local/lib/python3.7/site-packages/airflow/example_dags/tutorial_etl_dag.py took 2.661 seconds
[2022-09-20 14:31:03,197] {processor.py:163} INFO - Started process (PID=258) to work on /home/airflow/.local/lib/python3.7/site-packages/airflow/example_dags/tutorial_etl_dag.py
[2022-09-20 14:31:03,199] {processor.py:642} INFO - Processing file /home/airflow/.local/lib/python3.7/site-packages/airflow/example_dags/tutorial_etl_dag.py for tasks to queue
[2022-09-20 14:31:03,200] {logging_mixin.py:109} INFO - [2022-09-20 14:31:03,199] {dagbag.py:500} INFO - Filling up the DagBag from /home/airflow/.local/lib/python3.7/site-packages/airflow/example_dags/tutorial_etl_dag.py
[2022-09-20 14:31:03,237] {processor.py:654} INFO - DAG(s) dict_keys(['tutorial_etl_dag']) retrieved from /home/airflow/.local/lib/python3.7/site-packages/airflow/example_dags/tutorial_etl_dag.py
[2022-09-20 14:31:03,250] {logging_mixin.py:109} INFO - [2022-09-20 14:31:03,250] {dag.py:2396} INFO - Sync 1 DAGs
[2022-09-20 14:31:03,274] {logging_mixin.py:109} INFO - [2022-09-20 14:31:03,274] {dag.py:2935} INFO - Setting next_dagrun for tutorial_etl_dag to None
[2022-09-20 14:31:03,286] {processor.py:171} INFO - Processing /home/airflow/.local/lib/python3.7/site-packages/airflow/example_dags/tutorial_etl_dag.py took 0.095 seconds
[2022-09-20 14:31:33,488] {processor.py:163} INFO - Started process (PID=317) to work on /home/airflow/.local/lib/python3.7/site-packages/airflow/example_dags/tutorial_etl_dag.py
[2022-09-20 14:31:33,489] {processor.py:642} INFO - Processing file /home/airflow/.local/lib/python3.7/site-packages/airflow/example_dags/tutorial_etl_dag.py for tasks to queue
[2022-09-20 14:31:33,490] {logging_mixin.py:109} INFO - [2022-09-20 14:31:33,490] {dagbag.py:500} INFO - Filling up the DagBag from /home/airflow/.local/lib/python3.7/site-packages/airflow/example_dags/tutorial_etl_dag.py
[2022-09-20 14:31:33,535] {processor.py:654} INFO - DAG(s) dict_keys(['tutorial_etl_dag']) retrieved from /home/airflow/.local/lib/python3.7/site-packages/airflow/example_dags/tutorial_etl_dag.py
[2022-09-20 14:31:33,553] {logging_mixin.py:109} INFO - [2022-09-20 14:31:33,553] {dag.py:2396} INFO - Sync 1 DAGs
[2022-09-20 14:31:33,579] {logging_mixin.py:109} INFO - [2022-09-20 14:31:33,579] {dag.py:2935} INFO - Setting next_dagrun for tutorial_etl_dag to None
[2022-09-20 14:31:33,592] {processor.py:171} INFO - Processing /home/airflow/.local/lib/python3.7/site-packages/airflow/example_dags/tutorial_etl_dag.py took 0.110 seconds
[2022-09-20 14:32:03,810] {processor.py:163} INFO - Started process (PID=367) to work on /home/airflow/.local/lib/python3.7/site-packages/airflow/example_dags/tutorial_etl_dag.py
[2022-09-20 14:32:03,812] {processor.py:642} INFO - Processing file /home/airflow/.local/lib/python3.7/site-packages/airflow/example_dags/tutorial_etl_dag.py for tasks to queue
[2022-09-20 14:32:03,813] {logging_mixin.py:109} INFO - [2022-09-20 14:32:03,813] {dagbag.py:500} INFO - Filling up the DagBag from /home/airflow/.local/lib/python3.7/site-packages/airflow/example_dags/tutorial_etl_dag.py
[2022-09-20 14:32:03,851] {processor.py:654} INFO - DAG(s) dict_keys(['tutorial_etl_dag']) retrieved from /home/airflow/.local/lib/python3.7/site-packages/airflow/example_dags/tutorial_etl_dag.py
[2022-09-20 14:32:03,863] {logging_mixin.py:109} INFO - [2022-09-20 14:32:03,862] {dag.py:2396} INFO - Sync 1 DAGs
[2022-09-20 14:32:03,882] {logging_mixin.py:109} INFO - [2022-09-20 14:32:03,881] {dag.py:2935} INFO - Setting next_dagrun for tutorial_etl_dag to None
[2022-09-20 14:32:03,893] {processor.py:171} INFO - Processing /home/airflow/.local/lib/python3.7/site-packages/airflow/example_dags/tutorial_etl_dag.py took 0.089 seconds
[2022-09-20 14:32:33,965] {processor.py:163} INFO - Started process (PID=418) to work on /home/airflow/.local/lib/python3.7/site-packages/airflow/example_dags/tutorial_etl_dag.py
[2022-09-20 14:32:33,974] {processor.py:642} INFO - Processing file /home/airflow/.local/lib/python3.7/site-packages/airflow/example_dags/tutorial_etl_dag.py for tasks to queue
[2022-09-20 14:32:33,977] {logging_mixin.py:109} INFO - [2022-09-20 14:32:33,976] {dagbag.py:500} INFO - Filling up the DagBag from /home/airflow/.local/lib/python3.7/site-packages/airflow/example_dags/tutorial_etl_dag.py
[2022-09-20 14:32:34,113] {processor.py:654} INFO - DAG(s) dict_keys(['tutorial_etl_dag']) retrieved from /home/airflow/.local/lib/python3.7/site-packages/airflow/example_dags/tutorial_etl_dag.py
[2022-09-20 14:32:34,147] {logging_mixin.py:109} INFO - [2022-09-20 14:32:34,146] {dag.py:2396} INFO - Sync 1 DAGs
[2022-09-20 14:32:34,207] {logging_mixin.py:109} INFO - [2022-09-20 14:32:34,207] {dag.py:2935} INFO - Setting next_dagrun for tutorial_etl_dag to None
[2022-09-20 14:32:34,245] {processor.py:171} INFO - Processing /home/airflow/.local/lib/python3.7/site-packages/airflow/example_dags/tutorial_etl_dag.py took 0.303 seconds
[2022-09-20 14:33:04,919] {processor.py:163} INFO - Started process (PID=470) to work on /home/airflow/.local/lib/python3.7/site-packages/airflow/example_dags/tutorial_etl_dag.py
[2022-09-20 14:33:04,921] {processor.py:642} INFO - Processing file /home/airflow/.local/lib/python3.7/site-packages/airflow/example_dags/tutorial_etl_dag.py for tasks to queue
[2022-09-20 14:33:04,922] {logging_mixin.py:109} INFO - [2022-09-20 14:33:04,922] {dagbag.py:500} INFO - Filling up the DagBag from /home/airflow/.local/lib/python3.7/site-packages/airflow/example_dags/tutorial_etl_dag.py
[2022-09-20 14:33:04,967] {processor.py:654} INFO - DAG(s) dict_keys(['tutorial_etl_dag']) retrieved from /home/airflow/.local/lib/python3.7/site-packages/airflow/example_dags/tutorial_etl_dag.py
[2022-09-20 14:33:04,985] {logging_mixin.py:109} INFO - [2022-09-20 14:33:04,985] {dag.py:2396} INFO - Sync 1 DAGs
[2022-09-20 14:33:05,014] {logging_mixin.py:109} INFO - [2022-09-20 14:33:05,013] {dag.py:2935} INFO - Setting next_dagrun for tutorial_etl_dag to None
[2022-09-20 14:33:05,031] {processor.py:171} INFO - Processing /home/airflow/.local/lib/python3.7/site-packages/airflow/example_dags/tutorial_etl_dag.py took 0.119 seconds
[2022-09-20 14:33:35,328] {processor.py:163} INFO - Started process (PID=530) to work on /home/airflow/.local/lib/python3.7/site-packages/airflow/example_dags/tutorial_etl_dag.py
[2022-09-20 14:33:35,330] {processor.py:642} INFO - Processing file /home/airflow/.local/lib/python3.7/site-packages/airflow/example_dags/tutorial_etl_dag.py for tasks to queue
[2022-09-20 14:33:35,331] {logging_mixin.py:109} INFO - [2022-09-20 14:33:35,331] {dagbag.py:500} INFO - Filling up the DagBag from /home/airflow/.local/lib/python3.7/site-packages/airflow/example_dags/tutorial_etl_dag.py
[2022-09-20 14:33:35,382] {processor.py:654} INFO - DAG(s) dict_keys(['tutorial_etl_dag']) retrieved from /home/airflow/.local/lib/python3.7/site-packages/airflow/example_dags/tutorial_etl_dag.py
[2022-09-20 14:33:35,408] {logging_mixin.py:109} INFO - [2022-09-20 14:33:35,407] {dag.py:2396} INFO - Sync 1 DAGs
[2022-09-20 14:33:35,440] {logging_mixin.py:109} INFO - [2022-09-20 14:33:35,439] {dag.py:2935} INFO - Setting next_dagrun for tutorial_etl_dag to None
[2022-09-20 14:33:35,457] {processor.py:171} INFO - Processing /home/airflow/.local/lib/python3.7/site-packages/airflow/example_dags/tutorial_etl_dag.py took 0.136 seconds
[2022-09-20 14:34:05,857] {processor.py:163} INFO - Started process (PID=580) to work on /home/airflow/.local/lib/python3.7/site-packages/airflow/example_dags/tutorial_etl_dag.py
[2022-09-20 14:34:05,860] {processor.py:642} INFO - Processing file /home/airflow/.local/lib/python3.7/site-packages/airflow/example_dags/tutorial_etl_dag.py for tasks to queue
[2022-09-20 14:34:05,861] {logging_mixin.py:109} INFO - [2022-09-20 14:34:05,861] {dagbag.py:500} INFO - Filling up the DagBag from /home/airflow/.local/lib/python3.7/site-packages/airflow/example_dags/tutorial_etl_dag.py
[2022-09-20 14:34:05,908] {processor.py:654} INFO - DAG(s) dict_keys(['tutorial_etl_dag']) retrieved from /home/airflow/.local/lib/python3.7/site-packages/airflow/example_dags/tutorial_etl_dag.py
[2022-09-20 14:34:05,921] {logging_mixin.py:109} INFO - [2022-09-20 14:34:05,921] {dag.py:2396} INFO - Sync 1 DAGs
[2022-09-20 14:34:05,943] {logging_mixin.py:109} INFO - [2022-09-20 14:34:05,943] {dag.py:2935} INFO - Setting next_dagrun for tutorial_etl_dag to None
[2022-09-20 14:34:05,957] {processor.py:171} INFO - Processing /home/airflow/.local/lib/python3.7/site-packages/airflow/example_dags/tutorial_etl_dag.py took 0.107 seconds
