[2022-09-20 14:30:25,675] {processor.py:163} INFO - Started process (PID=156) to work on /home/airflow/.local/lib/python3.7/site-packages/airflow/example_dags/tutorial.py
[2022-09-20 14:30:25,678] {processor.py:642} INFO - Processing file /home/airflow/.local/lib/python3.7/site-packages/airflow/example_dags/tutorial.py for tasks to queue
[2022-09-20 14:30:25,679] {logging_mixin.py:109} INFO - [2022-09-20 14:30:25,679] {dagbag.py:500} INFO - Filling up the DagBag from /home/airflow/.local/lib/python3.7/site-packages/airflow/example_dags/tutorial.py
[2022-09-20 14:30:25,731] {processor.py:654} INFO - DAG(s) dict_keys(['tutorial']) retrieved from /home/airflow/.local/lib/python3.7/site-packages/airflow/example_dags/tutorial.py
[2022-09-20 14:30:28,669] {logging_mixin.py:109} INFO - [2022-09-20 14:30:28,669] {manager.py:496} INFO - Created Permission View: can edit on DAG:tutorial
[2022-09-20 14:30:28,680] {logging_mixin.py:109} INFO - [2022-09-20 14:30:28,680] {manager.py:496} INFO - Created Permission View: can read on DAG:tutorial
[2022-09-20 14:30:28,681] {logging_mixin.py:109} INFO - [2022-09-20 14:30:28,681] {dag.py:2396} INFO - Sync 1 DAGs
[2022-09-20 14:30:28,692] {logging_mixin.py:109} INFO - [2022-09-20 14:30:28,691] {dag.py:2415} INFO - Creating ORM DAG for tutorial
[2022-09-20 14:30:28,704] {logging_mixin.py:109} INFO - [2022-09-20 14:30:28,703] {dag.py:2935} INFO - Setting next_dagrun for tutorial to 2022-09-19T14:30:28.703535+00:00
[2022-09-20 14:30:28,726] {processor.py:171} INFO - Processing /home/airflow/.local/lib/python3.7/site-packages/airflow/example_dags/tutorial.py took 3.057 seconds
[2022-09-20 14:30:59,079] {processor.py:163} INFO - Started process (PID=255) to work on /home/airflow/.local/lib/python3.7/site-packages/airflow/example_dags/tutorial.py
[2022-09-20 14:30:59,082] {processor.py:642} INFO - Processing file /home/airflow/.local/lib/python3.7/site-packages/airflow/example_dags/tutorial.py for tasks to queue
[2022-09-20 14:30:59,083] {logging_mixin.py:109} INFO - [2022-09-20 14:30:59,083] {dagbag.py:500} INFO - Filling up the DagBag from /home/airflow/.local/lib/python3.7/site-packages/airflow/example_dags/tutorial.py
[2022-09-20 14:30:59,129] {processor.py:654} INFO - DAG(s) dict_keys(['tutorial']) retrieved from /home/airflow/.local/lib/python3.7/site-packages/airflow/example_dags/tutorial.py
[2022-09-20 14:30:59,140] {logging_mixin.py:109} INFO - [2022-09-20 14:30:59,140] {dag.py:2396} INFO - Sync 1 DAGs
[2022-09-20 14:30:59,159] {logging_mixin.py:109} INFO - [2022-09-20 14:30:59,159] {dag.py:2935} INFO - Setting next_dagrun for tutorial to 2022-09-19T14:30:59.158973+00:00
[2022-09-20 14:30:59,169] {processor.py:171} INFO - Processing /home/airflow/.local/lib/python3.7/site-packages/airflow/example_dags/tutorial.py took 0.095 seconds
[2022-09-20 14:31:29,313] {processor.py:163} INFO - Started process (PID=305) to work on /home/airflow/.local/lib/python3.7/site-packages/airflow/example_dags/tutorial.py
[2022-09-20 14:31:29,315] {processor.py:642} INFO - Processing file /home/airflow/.local/lib/python3.7/site-packages/airflow/example_dags/tutorial.py for tasks to queue
[2022-09-20 14:31:29,316] {logging_mixin.py:109} INFO - [2022-09-20 14:31:29,316] {dagbag.py:500} INFO - Filling up the DagBag from /home/airflow/.local/lib/python3.7/site-packages/airflow/example_dags/tutorial.py
[2022-09-20 14:31:29,361] {processor.py:654} INFO - DAG(s) dict_keys(['tutorial']) retrieved from /home/airflow/.local/lib/python3.7/site-packages/airflow/example_dags/tutorial.py
[2022-09-20 14:31:29,376] {logging_mixin.py:109} INFO - [2022-09-20 14:31:29,376] {dag.py:2396} INFO - Sync 1 DAGs
[2022-09-20 14:31:29,402] {logging_mixin.py:109} INFO - [2022-09-20 14:31:29,401] {dag.py:2935} INFO - Setting next_dagrun for tutorial to 2022-09-19T14:31:29.401497+00:00
[2022-09-20 14:31:29,416] {processor.py:171} INFO - Processing /home/airflow/.local/lib/python3.7/site-packages/airflow/example_dags/tutorial.py took 0.110 seconds
[2022-09-20 14:31:59,549] {processor.py:163} INFO - Started process (PID=363) to work on /home/airflow/.local/lib/python3.7/site-packages/airflow/example_dags/tutorial.py
[2022-09-20 14:31:59,551] {processor.py:642} INFO - Processing file /home/airflow/.local/lib/python3.7/site-packages/airflow/example_dags/tutorial.py for tasks to queue
[2022-09-20 14:31:59,552] {logging_mixin.py:109} INFO - [2022-09-20 14:31:59,552] {dagbag.py:500} INFO - Filling up the DagBag from /home/airflow/.local/lib/python3.7/site-packages/airflow/example_dags/tutorial.py
[2022-09-20 14:31:59,594] {processor.py:654} INFO - DAG(s) dict_keys(['tutorial']) retrieved from /home/airflow/.local/lib/python3.7/site-packages/airflow/example_dags/tutorial.py
[2022-09-20 14:31:59,607] {logging_mixin.py:109} INFO - [2022-09-20 14:31:59,607] {dag.py:2396} INFO - Sync 1 DAGs
[2022-09-20 14:31:59,628] {logging_mixin.py:109} INFO - [2022-09-20 14:31:59,628] {dag.py:2935} INFO - Setting next_dagrun for tutorial to 2022-09-19T14:31:59.627854+00:00
[2022-09-20 14:31:59,642] {processor.py:171} INFO - Processing /home/airflow/.local/lib/python3.7/site-packages/airflow/example_dags/tutorial.py took 0.098 seconds
[2022-09-20 14:32:30,105] {processor.py:163} INFO - Started process (PID=414) to work on /home/airflow/.local/lib/python3.7/site-packages/airflow/example_dags/tutorial.py
[2022-09-20 14:32:30,108] {processor.py:642} INFO - Processing file /home/airflow/.local/lib/python3.7/site-packages/airflow/example_dags/tutorial.py for tasks to queue
[2022-09-20 14:32:30,110] {logging_mixin.py:109} INFO - [2022-09-20 14:32:30,109] {dagbag.py:500} INFO - Filling up the DagBag from /home/airflow/.local/lib/python3.7/site-packages/airflow/example_dags/tutorial.py
[2022-09-20 14:32:30,203] {processor.py:654} INFO - DAG(s) dict_keys(['tutorial']) retrieved from /home/airflow/.local/lib/python3.7/site-packages/airflow/example_dags/tutorial.py
[2022-09-20 14:32:30,224] {logging_mixin.py:109} INFO - [2022-09-20 14:32:30,224] {dag.py:2396} INFO - Sync 1 DAGs
[2022-09-20 14:32:30,268] {logging_mixin.py:109} INFO - [2022-09-20 14:32:30,268] {dag.py:2935} INFO - Setting next_dagrun for tutorial to 2022-09-19T14:32:30.266324+00:00
[2022-09-20 14:32:30,293] {processor.py:171} INFO - Processing /home/airflow/.local/lib/python3.7/site-packages/airflow/example_dags/tutorial.py took 0.198 seconds
[2022-09-20 14:33:00,570] {processor.py:163} INFO - Started process (PID=466) to work on /home/airflow/.local/lib/python3.7/site-packages/airflow/example_dags/tutorial.py
[2022-09-20 14:33:00,572] {processor.py:642} INFO - Processing file /home/airflow/.local/lib/python3.7/site-packages/airflow/example_dags/tutorial.py for tasks to queue
[2022-09-20 14:33:00,573] {logging_mixin.py:109} INFO - [2022-09-20 14:33:00,573] {dagbag.py:500} INFO - Filling up the DagBag from /home/airflow/.local/lib/python3.7/site-packages/airflow/example_dags/tutorial.py
[2022-09-20 14:33:00,618] {processor.py:654} INFO - DAG(s) dict_keys(['tutorial']) retrieved from /home/airflow/.local/lib/python3.7/site-packages/airflow/example_dags/tutorial.py
[2022-09-20 14:33:00,633] {logging_mixin.py:109} INFO - [2022-09-20 14:33:00,633] {dag.py:2396} INFO - Sync 1 DAGs
[2022-09-20 14:33:00,655] {logging_mixin.py:109} INFO - [2022-09-20 14:33:00,655] {dag.py:2935} INFO - Setting next_dagrun for tutorial to 2022-09-19T14:33:00.655200+00:00
[2022-09-20 14:33:00,670] {processor.py:171} INFO - Processing /home/airflow/.local/lib/python3.7/site-packages/airflow/example_dags/tutorial.py took 0.107 seconds
[2022-09-20 14:33:31,079] {processor.py:163} INFO - Started process (PID=516) to work on /home/airflow/.local/lib/python3.7/site-packages/airflow/example_dags/tutorial.py
[2022-09-20 14:33:31,081] {processor.py:642} INFO - Processing file /home/airflow/.local/lib/python3.7/site-packages/airflow/example_dags/tutorial.py for tasks to queue
[2022-09-20 14:33:31,082] {logging_mixin.py:109} INFO - [2022-09-20 14:33:31,081] {dagbag.py:500} INFO - Filling up the DagBag from /home/airflow/.local/lib/python3.7/site-packages/airflow/example_dags/tutorial.py
[2022-09-20 14:33:31,123] {processor.py:654} INFO - DAG(s) dict_keys(['tutorial']) retrieved from /home/airflow/.local/lib/python3.7/site-packages/airflow/example_dags/tutorial.py
[2022-09-20 14:33:31,137] {logging_mixin.py:109} INFO - [2022-09-20 14:33:31,136] {dag.py:2396} INFO - Sync 1 DAGs
[2022-09-20 14:33:31,158] {logging_mixin.py:109} INFO - [2022-09-20 14:33:31,158] {dag.py:2935} INFO - Setting next_dagrun for tutorial to 2022-09-19T14:33:31.158366+00:00
[2022-09-20 14:33:31,171] {processor.py:171} INFO - Processing /home/airflow/.local/lib/python3.7/site-packages/airflow/example_dags/tutorial.py took 0.097 seconds
[2022-09-20 14:34:01,678] {processor.py:163} INFO - Started process (PID=576) to work on /home/airflow/.local/lib/python3.7/site-packages/airflow/example_dags/tutorial.py
[2022-09-20 14:34:01,681] {processor.py:642} INFO - Processing file /home/airflow/.local/lib/python3.7/site-packages/airflow/example_dags/tutorial.py for tasks to queue
[2022-09-20 14:34:01,682] {logging_mixin.py:109} INFO - [2022-09-20 14:34:01,682] {dagbag.py:500} INFO - Filling up the DagBag from /home/airflow/.local/lib/python3.7/site-packages/airflow/example_dags/tutorial.py
[2022-09-20 14:34:01,739] {processor.py:654} INFO - DAG(s) dict_keys(['tutorial']) retrieved from /home/airflow/.local/lib/python3.7/site-packages/airflow/example_dags/tutorial.py
[2022-09-20 14:34:01,755] {logging_mixin.py:109} INFO - [2022-09-20 14:34:01,755] {dag.py:2396} INFO - Sync 1 DAGs
[2022-09-20 14:34:01,785] {logging_mixin.py:109} INFO - [2022-09-20 14:34:01,785] {dag.py:2935} INFO - Setting next_dagrun for tutorial to 2022-09-19T14:34:01.784974+00:00
[2022-09-20 14:34:01,803] {processor.py:171} INFO - Processing /home/airflow/.local/lib/python3.7/site-packages/airflow/example_dags/tutorial.py took 0.131 seconds
