[2022-09-20 14:30:24,118] {processor.py:163} INFO - Started process (PID=142) to work on /home/airflow/.local/lib/python3.7/site-packages/airflow/example_dags/tutorial_taskflow_api_etl.py
[2022-09-20 14:30:24,119] {processor.py:642} INFO - Processing file /home/airflow/.local/lib/python3.7/site-packages/airflow/example_dags/tutorial_taskflow_api_etl.py for tasks to queue
[2022-09-20 14:30:24,121] {logging_mixin.py:109} INFO - [2022-09-20 14:30:24,120] {dagbag.py:500} INFO - Filling up the DagBag from /home/airflow/.local/lib/python3.7/site-packages/airflow/example_dags/tutorial_taskflow_api_etl.py
[2022-09-20 14:30:24,174] {processor.py:654} INFO - DAG(s) dict_keys(['tutorial_taskflow_api_etl']) retrieved from /home/airflow/.local/lib/python3.7/site-packages/airflow/example_dags/tutorial_taskflow_api_etl.py
[2022-09-20 14:30:27,306] {logging_mixin.py:109} INFO - [2022-09-20 14:30:27,306] {manager.py:496} INFO - Created Permission View: can edit on DAG:tutorial_taskflow_api_etl
[2022-09-20 14:30:27,317] {logging_mixin.py:109} INFO - [2022-09-20 14:30:27,317] {manager.py:496} INFO - Created Permission View: can read on DAG:tutorial_taskflow_api_etl
[2022-09-20 14:30:27,318] {logging_mixin.py:109} INFO - [2022-09-20 14:30:27,317] {dag.py:2396} INFO - Sync 1 DAGs
[2022-09-20 14:30:27,328] {logging_mixin.py:109} INFO - [2022-09-20 14:30:27,327] {dag.py:2415} INFO - Creating ORM DAG for tutorial_taskflow_api_etl
[2022-09-20 14:30:27,340] {logging_mixin.py:109} INFO - [2022-09-20 14:30:27,340] {dag.py:2935} INFO - Setting next_dagrun for tutorial_taskflow_api_etl to None
[2022-09-20 14:30:27,356] {processor.py:171} INFO - Processing /home/airflow/.local/lib/python3.7/site-packages/airflow/example_dags/tutorial_taskflow_api_etl.py took 3.245 seconds
[2022-09-20 14:30:57,984] {processor.py:163} INFO - Started process (PID=254) to work on /home/airflow/.local/lib/python3.7/site-packages/airflow/example_dags/tutorial_taskflow_api_etl.py
[2022-09-20 14:30:57,987] {processor.py:642} INFO - Processing file /home/airflow/.local/lib/python3.7/site-packages/airflow/example_dags/tutorial_taskflow_api_etl.py for tasks to queue
[2022-09-20 14:30:57,988] {logging_mixin.py:109} INFO - [2022-09-20 14:30:57,988] {dagbag.py:500} INFO - Filling up the DagBag from /home/airflow/.local/lib/python3.7/site-packages/airflow/example_dags/tutorial_taskflow_api_etl.py
[2022-09-20 14:30:58,034] {processor.py:654} INFO - DAG(s) dict_keys(['tutorial_taskflow_api_etl']) retrieved from /home/airflow/.local/lib/python3.7/site-packages/airflow/example_dags/tutorial_taskflow_api_etl.py
[2022-09-20 14:30:58,454] {logging_mixin.py:109} INFO - [2022-09-20 14:30:58,453] {dag.py:2396} INFO - Sync 1 DAGs
[2022-09-20 14:30:58,471] {logging_mixin.py:109} INFO - [2022-09-20 14:30:58,471] {dag.py:2935} INFO - Setting next_dagrun for tutorial_taskflow_api_etl to None
[2022-09-20 14:30:58,486] {processor.py:171} INFO - Processing /home/airflow/.local/lib/python3.7/site-packages/airflow/example_dags/tutorial_taskflow_api_etl.py took 0.507 seconds
[2022-09-20 14:31:29,302] {processor.py:163} INFO - Started process (PID=304) to work on /home/airflow/.local/lib/python3.7/site-packages/airflow/example_dags/tutorial_taskflow_api_etl.py
[2022-09-20 14:31:29,303] {processor.py:642} INFO - Processing file /home/airflow/.local/lib/python3.7/site-packages/airflow/example_dags/tutorial_taskflow_api_etl.py for tasks to queue
[2022-09-20 14:31:29,304] {logging_mixin.py:109} INFO - [2022-09-20 14:31:29,304] {dagbag.py:500} INFO - Filling up the DagBag from /home/airflow/.local/lib/python3.7/site-packages/airflow/example_dags/tutorial_taskflow_api_etl.py
[2022-09-20 14:31:29,343] {processor.py:654} INFO - DAG(s) dict_keys(['tutorial_taskflow_api_etl']) retrieved from /home/airflow/.local/lib/python3.7/site-packages/airflow/example_dags/tutorial_taskflow_api_etl.py
[2022-09-20 14:31:29,711] {logging_mixin.py:109} INFO - [2022-09-20 14:31:29,711] {dag.py:2396} INFO - Sync 1 DAGs
[2022-09-20 14:31:29,725] {logging_mixin.py:109} INFO - [2022-09-20 14:31:29,725] {dag.py:2935} INFO - Setting next_dagrun for tutorial_taskflow_api_etl to None
[2022-09-20 14:31:29,737] {processor.py:171} INFO - Processing /home/airflow/.local/lib/python3.7/site-packages/airflow/example_dags/tutorial_taskflow_api_etl.py took 0.440 seconds
[2022-09-20 14:32:00,640] {processor.py:163} INFO - Started process (PID=364) to work on /home/airflow/.local/lib/python3.7/site-packages/airflow/example_dags/tutorial_taskflow_api_etl.py
[2022-09-20 14:32:00,643] {processor.py:642} INFO - Processing file /home/airflow/.local/lib/python3.7/site-packages/airflow/example_dags/tutorial_taskflow_api_etl.py for tasks to queue
[2022-09-20 14:32:00,644] {logging_mixin.py:109} INFO - [2022-09-20 14:32:00,643] {dagbag.py:500} INFO - Filling up the DagBag from /home/airflow/.local/lib/python3.7/site-packages/airflow/example_dags/tutorial_taskflow_api_etl.py
[2022-09-20 14:32:00,685] {processor.py:654} INFO - DAG(s) dict_keys(['tutorial_taskflow_api_etl']) retrieved from /home/airflow/.local/lib/python3.7/site-packages/airflow/example_dags/tutorial_taskflow_api_etl.py
[2022-09-20 14:32:01,101] {logging_mixin.py:109} INFO - [2022-09-20 14:32:01,101] {dag.py:2396} INFO - Sync 1 DAGs
[2022-09-20 14:32:01,119] {logging_mixin.py:109} INFO - [2022-09-20 14:32:01,119] {dag.py:2935} INFO - Setting next_dagrun for tutorial_taskflow_api_etl to None
[2022-09-20 14:32:01,134] {processor.py:171} INFO - Processing /home/airflow/.local/lib/python3.7/site-packages/airflow/example_dags/tutorial_taskflow_api_etl.py took 0.499 seconds
[2022-09-20 14:32:31,347] {processor.py:163} INFO - Started process (PID=415) to work on /home/airflow/.local/lib/python3.7/site-packages/airflow/example_dags/tutorial_taskflow_api_etl.py
[2022-09-20 14:32:31,354] {processor.py:642} INFO - Processing file /home/airflow/.local/lib/python3.7/site-packages/airflow/example_dags/tutorial_taskflow_api_etl.py for tasks to queue
[2022-09-20 14:32:31,357] {logging_mixin.py:109} INFO - [2022-09-20 14:32:31,356] {dagbag.py:500} INFO - Filling up the DagBag from /home/airflow/.local/lib/python3.7/site-packages/airflow/example_dags/tutorial_taskflow_api_etl.py
[2022-09-20 14:32:31,470] {processor.py:654} INFO - DAG(s) dict_keys(['tutorial_taskflow_api_etl']) retrieved from /home/airflow/.local/lib/python3.7/site-packages/airflow/example_dags/tutorial_taskflow_api_etl.py
[2022-09-20 14:32:32,760] {logging_mixin.py:109} INFO - [2022-09-20 14:32:32,760] {dag.py:2396} INFO - Sync 1 DAGs
[2022-09-20 14:32:32,813] {logging_mixin.py:109} INFO - [2022-09-20 14:32:32,813] {dag.py:2935} INFO - Setting next_dagrun for tutorial_taskflow_api_etl to None
[2022-09-20 14:32:32,843] {processor.py:171} INFO - Processing /home/airflow/.local/lib/python3.7/site-packages/airflow/example_dags/tutorial_taskflow_api_etl.py took 1.509 seconds
[2022-09-20 14:33:03,592] {processor.py:163} INFO - Started process (PID=467) to work on /home/airflow/.local/lib/python3.7/site-packages/airflow/example_dags/tutorial_taskflow_api_etl.py
[2022-09-20 14:33:03,594] {processor.py:642} INFO - Processing file /home/airflow/.local/lib/python3.7/site-packages/airflow/example_dags/tutorial_taskflow_api_etl.py for tasks to queue
[2022-09-20 14:33:03,595] {logging_mixin.py:109} INFO - [2022-09-20 14:33:03,595] {dagbag.py:500} INFO - Filling up the DagBag from /home/airflow/.local/lib/python3.7/site-packages/airflow/example_dags/tutorial_taskflow_api_etl.py
[2022-09-20 14:33:03,644] {processor.py:654} INFO - DAG(s) dict_keys(['tutorial_taskflow_api_etl']) retrieved from /home/airflow/.local/lib/python3.7/site-packages/airflow/example_dags/tutorial_taskflow_api_etl.py
[2022-09-20 14:33:04,161] {logging_mixin.py:109} INFO - [2022-09-20 14:33:04,161] {dag.py:2396} INFO - Sync 1 DAGs
[2022-09-20 14:33:04,179] {logging_mixin.py:109} INFO - [2022-09-20 14:33:04,179] {dag.py:2935} INFO - Setting next_dagrun for tutorial_taskflow_api_etl to None
[2022-09-20 14:33:04,194] {processor.py:171} INFO - Processing /home/airflow/.local/lib/python3.7/site-packages/airflow/example_dags/tutorial_taskflow_api_etl.py took 0.609 seconds
[2022-09-20 14:33:34,282] {processor.py:163} INFO - Started process (PID=529) to work on /home/airflow/.local/lib/python3.7/site-packages/airflow/example_dags/tutorial_taskflow_api_etl.py
[2022-09-20 14:33:34,283] {processor.py:642} INFO - Processing file /home/airflow/.local/lib/python3.7/site-packages/airflow/example_dags/tutorial_taskflow_api_etl.py for tasks to queue
[2022-09-20 14:33:34,285] {logging_mixin.py:109} INFO - [2022-09-20 14:33:34,284] {dagbag.py:500} INFO - Filling up the DagBag from /home/airflow/.local/lib/python3.7/site-packages/airflow/example_dags/tutorial_taskflow_api_etl.py
[2022-09-20 14:33:34,344] {processor.py:654} INFO - DAG(s) dict_keys(['tutorial_taskflow_api_etl']) retrieved from /home/airflow/.local/lib/python3.7/site-packages/airflow/example_dags/tutorial_taskflow_api_etl.py
[2022-09-20 14:33:34,876] {logging_mixin.py:109} INFO - [2022-09-20 14:33:34,876] {dag.py:2396} INFO - Sync 1 DAGs
[2022-09-20 14:33:34,901] {logging_mixin.py:109} INFO - [2022-09-20 14:33:34,901] {dag.py:2935} INFO - Setting next_dagrun for tutorial_taskflow_api_etl to None
[2022-09-20 14:33:34,922] {processor.py:171} INFO - Processing /home/airflow/.local/lib/python3.7/site-packages/airflow/example_dags/tutorial_taskflow_api_etl.py took 0.647 seconds
[2022-09-20 14:34:05,845] {processor.py:163} INFO - Started process (PID=579) to work on /home/airflow/.local/lib/python3.7/site-packages/airflow/example_dags/tutorial_taskflow_api_etl.py
[2022-09-20 14:34:05,849] {processor.py:642} INFO - Processing file /home/airflow/.local/lib/python3.7/site-packages/airflow/example_dags/tutorial_taskflow_api_etl.py for tasks to queue
[2022-09-20 14:34:05,850] {logging_mixin.py:109} INFO - [2022-09-20 14:34:05,850] {dagbag.py:500} INFO - Filling up the DagBag from /home/airflow/.local/lib/python3.7/site-packages/airflow/example_dags/tutorial_taskflow_api_etl.py
[2022-09-20 14:34:05,893] {processor.py:654} INFO - DAG(s) dict_keys(['tutorial_taskflow_api_etl']) retrieved from /home/airflow/.local/lib/python3.7/site-packages/airflow/example_dags/tutorial_taskflow_api_etl.py
[2022-09-20 14:34:06,342] {logging_mixin.py:109} INFO - [2022-09-20 14:34:06,341] {dag.py:2396} INFO - Sync 1 DAGs
[2022-09-20 14:34:06,357] {logging_mixin.py:109} INFO - [2022-09-20 14:34:06,357] {dag.py:2935} INFO - Setting next_dagrun for tutorial_taskflow_api_etl to None
[2022-09-20 14:34:06,370] {processor.py:171} INFO - Processing /home/airflow/.local/lib/python3.7/site-packages/airflow/example_dags/tutorial_taskflow_api_etl.py took 0.531 seconds
