[2022-09-23 14:42:39,919] {taskinstance.py:1032} INFO - Dependencies all met for <TaskInstance: kag_to_gcs_dag.check_list_task manual__2022-09-23T14:31:12.806772+00:00 [queued]>
[2022-09-23 14:42:39,927] {taskinstance.py:1032} INFO - Dependencies all met for <TaskInstance: kag_to_gcs_dag.check_list_task manual__2022-09-23T14:31:12.806772+00:00 [queued]>
[2022-09-23 14:42:39,927] {taskinstance.py:1238} INFO - 
--------------------------------------------------------------------------------
[2022-09-23 14:42:39,927] {taskinstance.py:1239} INFO - Starting attempt 3 of 4
[2022-09-23 14:42:39,927] {taskinstance.py:1240} INFO - 
--------------------------------------------------------------------------------
[2022-09-23 14:42:39,938] {taskinstance.py:1259} INFO - Executing <Task(BashOperator): check_list_task> on 2022-09-23 14:31:12.806772+00:00
[2022-09-23 14:42:39,945] {standard_task_runner.py:52} INFO - Started process 2176 to run task
[2022-09-23 14:42:39,947] {standard_task_runner.py:76} INFO - Running: ['***', 'tasks', 'run', 'kag_to_gcs_dag', 'check_list_task', 'manual__2022-09-23T14:31:12.806772+00:00', '--job-id', '12', '--raw', '--subdir', 'DAGS_FOLDER/kag_to_gcs_dag.py', '--cfg-path', '/tmp/tmp4k1dirck', '--error-file', '/tmp/tmp9esa4yaq']
[2022-09-23 14:42:39,948] {standard_task_runner.py:77} INFO - Job 12: Subtask check_list_task
[2022-09-23 14:42:39,993] {logging_mixin.py:109} INFO - Running <TaskInstance: kag_to_gcs_dag.check_list_task manual__2022-09-23T14:31:12.806772+00:00 [running]> on host 31708a4d5ab1
[2022-09-23 14:42:40,036] {taskinstance.py:1426} INFO - Exporting the following env vars:
AIRFLOW_CTX_DAG_OWNER=***
AIRFLOW_CTX_DAG_ID=kag_to_gcs_dag
AIRFLOW_CTX_TASK_ID=check_list_task
AIRFLOW_CTX_EXECUTION_DATE=2022-09-23T14:31:12.806772+00:00
AIRFLOW_CTX_DAG_RUN_ID=manual__2022-09-23T14:31:12.806772+00:00
[2022-09-23 14:42:40,037] {subprocess.py:62} INFO - Tmp dir root location: 
 /tmp
[2022-09-23 14:42:40,038] {subprocess.py:74} INFO - Running command: ['bash', '-c', 'ls']
[2022-09-23 14:42:40,052] {subprocess.py:85} INFO - Output:
[2022-09-23 14:42:40,055] {subprocess.py:93} INFO - Command exited with return code 0
[2022-09-23 14:42:40,076] {taskinstance.py:1277} INFO - Marking task as SUCCESS. dag_id=kag_to_gcs_dag, task_id=check_list_task, execution_date=20220923T143112, start_date=20220923T144239, end_date=20220923T144240
[2022-09-23 14:42:40,119] {local_task_job.py:154} INFO - Task exited with return code 0
[2022-09-23 14:42:40,146] {local_task_job.py:264} INFO - 0 downstream tasks scheduled from follow-on schedule check
