[2022-09-23 16:21:31,002] {taskinstance.py:1032} INFO - Dependencies all met for <TaskInstance: kag_to_gcs_dag.local_to_gcs_task manual__2022-09-23T16:07:26.134082+00:00 [queued]>
[2022-09-23 16:21:31,013] {taskinstance.py:1032} INFO - Dependencies all met for <TaskInstance: kag_to_gcs_dag.local_to_gcs_task manual__2022-09-23T16:07:26.134082+00:00 [queued]>
[2022-09-23 16:21:31,013] {taskinstance.py:1238} INFO - 
--------------------------------------------------------------------------------
[2022-09-23 16:21:31,013] {taskinstance.py:1239} INFO - Starting attempt 5 of 6
[2022-09-23 16:21:31,014] {taskinstance.py:1240} INFO - 
--------------------------------------------------------------------------------
[2022-09-23 16:21:31,027] {taskinstance.py:1259} INFO - Executing <Task(PythonOperator): local_to_gcs_task> on 2022-09-23 16:07:26.134082+00:00
[2022-09-23 16:21:31,034] {standard_task_runner.py:52} INFO - Started process 6579 to run task
[2022-09-23 16:21:31,037] {standard_task_runner.py:76} INFO - Running: ['***', 'tasks', 'run', 'kag_to_gcs_dag', 'local_to_gcs_task', 'manual__2022-09-23T16:07:26.134082+00:00', '--job-id', '17', '--raw', '--subdir', 'DAGS_FOLDER/kag_to_gcs_dag.py', '--cfg-path', '/tmp/tmpaoorneou', '--error-file', '/tmp/tmpd0nsb7ff']
[2022-09-23 16:21:31,038] {standard_task_runner.py:77} INFO - Job 17: Subtask local_to_gcs_task
[2022-09-23 16:21:31,083] {logging_mixin.py:109} INFO - Running <TaskInstance: kag_to_gcs_dag.local_to_gcs_task manual__2022-09-23T16:07:26.134082+00:00 [running]> on host 31708a4d5ab1
[2022-09-23 16:21:31,140] {taskinstance.py:1426} INFO - Exporting the following env vars:
AIRFLOW_CTX_DAG_OWNER=***
AIRFLOW_CTX_DAG_ID=kag_to_gcs_dag
AIRFLOW_CTX_TASK_ID=local_to_gcs_task
AIRFLOW_CTX_EXECUTION_DATE=2022-09-23T16:07:26.134082+00:00
AIRFLOW_CTX_DAG_RUN_ID=manual__2022-09-23T16:07:26.134082+00:00
[2022-09-23 16:21:32,672] {logging_mixin.py:109} INFO - downloading amazon_reviews_us_Office_Products_v1_00.tsv
[2022-09-23 16:21:33,258] {logging_mixin.py:109} INFO - amazon_reviews_us_Office_Products_v1_00.tsv could not be found
[2022-09-23 16:21:33,258] {logging_mixin.py:109} INFO - downloading amazon_reviews_us_Gift_Card_v1_00.tsv
[2022-09-23 16:21:34,363] {logging_mixin.py:109} INFO - uploading amazon_reviews_us_Gift_Card_v1_00.tsv
[2022-09-23 16:21:34,364] {logging_mixin.py:109} INFO - amazon_reviews_us_Gift_Card_v1_00.tsv could not be found
[2022-09-23 16:21:34,364] {logging_mixin.py:109} INFO - downloading amazon_reviews_us_Sports_v1_00.tsv
[2022-09-23 16:21:34,931] {logging_mixin.py:109} INFO - amazon_reviews_us_Sports_v1_00.tsv could not be found
[2022-09-23 16:21:34,931] {logging_mixin.py:109} INFO - downloading amazon_reviews_us_Outdoors_v1_00.tsv
[2022-09-23 16:21:35,514] {logging_mixin.py:109} INFO - amazon_reviews_us_Outdoors_v1_00.tsv could not be found
[2022-09-23 16:21:35,515] {logging_mixin.py:109} INFO - downloading amazon_reviews_us_Baby_v1_00.tsv
[2022-09-23 16:21:42,302] {logging_mixin.py:109} INFO - uploading amazon_reviews_us_Baby_v1_00.tsv
[2022-09-23 16:21:42,309] {logging_mixin.py:109} INFO - amazon_reviews_us_Baby_v1_00.tsv could not be found
[2022-09-23 16:21:42,309] {logging_mixin.py:109} INFO - downloading amazon_reviews_us_Pet_Products_v1_00.tsv
[2022-09-23 16:21:42,888] {logging_mixin.py:109} INFO - amazon_reviews_us_Pet_Products_v1_00.tsv could not be found
[2022-09-23 16:21:42,889] {logging_mixin.py:109} INFO - downloading amazon_reviews_us_Health_Personal_Care_v1_00.tsv
[2022-09-23 16:21:59,563] {logging_mixin.py:109} INFO - uploading amazon_reviews_us_Health_Personal_Care_v1_00.tsv
[2022-09-23 16:21:59,563] {logging_mixin.py:109} INFO - amazon_reviews_us_Health_Personal_Care_v1_00.tsv could not be found
[2022-09-23 16:21:59,563] {logging_mixin.py:109} INFO - downloading amazon_reviews_us_Shoes_v1_00.tsv
[2022-09-23 16:22:00,131] {logging_mixin.py:109} INFO - amazon_reviews_us_Shoes_v1_00.tsv could not be found
[2022-09-23 16:22:00,131] {logging_mixin.py:109} INFO - downloading amazon_reviews_us_Beauty_v1_00.tsv
[2022-09-23 16:22:19,633] {logging_mixin.py:109} INFO - uploading amazon_reviews_us_Beauty_v1_00.tsv
[2022-09-23 16:22:19,634] {logging_mixin.py:109} INFO - amazon_reviews_us_Beauty_v1_00.tsv could not be found
[2022-09-23 16:22:19,634] {logging_mixin.py:109} INFO - downloading amazon_reviews_us_Electronics_v1_00.tsv
[2022-09-23 16:22:46,236] {logging_mixin.py:109} INFO - uploading amazon_reviews_us_Electronics_v1_00.tsv
[2022-09-23 16:22:46,236] {logging_mixin.py:109} INFO - amazon_reviews_us_Electronics_v1_00.tsv could not be found
[2022-09-23 16:22:46,237] {logging_mixin.py:109} INFO - downloading amazon_reviews_us_Grocery_v1_00.tsv
[2022-09-23 16:22:52,934] {logging_mixin.py:109} INFO - amazon_reviews_us_Grocery_v1_00.tsv could not be found
[2022-09-23 16:22:52,935] {logging_mixin.py:109} INFO - downloading amazon_reviews_us_Personal_Care_Appliances_v1_00.tsv
[2022-09-23 16:22:53,672] {logging_mixin.py:109} INFO - amazon_reviews_us_Personal_Care_Appliances_v1_00.tsv could not be found
[2022-09-23 16:22:53,672] {logging_mixin.py:109} INFO - downloading amazon_reviews_us_Mobile_Apps_v1_00.tsv
[2022-09-23 16:22:54,416] {logging_mixin.py:109} INFO - amazon_reviews_us_Mobile_Apps_v1_00.tsv could not be found
[2022-09-23 16:22:54,416] {logging_mixin.py:109} INFO - downloading amazon_reviews_us_Video_v1_00.tsv
[2022-09-23 16:22:55,061] {logging_mixin.py:109} INFO - amazon_reviews_us_Video_v1_00.tsv could not be found
[2022-09-23 16:22:55,061] {logging_mixin.py:109} INFO - downloading amazon_reviews_us_PC_v1_00.tsv
[2022-09-23 16:22:55,634] {logging_mixin.py:109} INFO - amazon_reviews_us_PC_v1_00.tsv could not be found
[2022-09-23 16:22:55,635] {logging_mixin.py:109} INFO - downloading amazon_reviews_us_Digital_Software_v1_00.tsv
[2022-09-23 16:22:56,428] {logging_mixin.py:109} INFO - amazon_reviews_us_Digital_Software_v1_00.tsv could not be found
[2022-09-23 16:22:56,428] {logging_mixin.py:109} INFO - downloading amazon_reviews_us_Watches_v1_00.tsv
[2022-09-23 16:22:57,027] {logging_mixin.py:109} INFO - amazon_reviews_us_Watches_v1_00.tsv could not be found
[2022-09-23 16:22:57,028] {logging_mixin.py:109} INFO - downloading amazon_reviews_us_Books_v1_02.tsv
[2022-09-23 16:22:57,816] {logging_mixin.py:109} INFO - amazon_reviews_us_Books_v1_02.tsv could not be found
[2022-09-23 16:22:57,816] {logging_mixin.py:109} INFO - downloading amazon_reviews_us_Wireless_v1_00.tsv
[2022-09-23 16:22:58,412] {logging_mixin.py:109} INFO - amazon_reviews_us_Wireless_v1_00.tsv could not be found
[2022-09-23 16:22:58,413] {logging_mixin.py:109} INFO - downloading amazon_reviews_us_Tools_v1_00.tsv
[2022-09-23 16:22:58,911] {logging_mixin.py:109} INFO - amazon_reviews_us_Tools_v1_00.tsv could not be found
[2022-09-23 16:22:58,912] {logging_mixin.py:109} INFO - downloading amazon_reviews_us_Furniture_v1_00.tsv
[2022-09-23 16:22:59,847] {logging_mixin.py:109} INFO - amazon_reviews_us_Furniture_v1_00.tsv could not be found
[2022-09-23 16:22:59,847] {logging_mixin.py:109} INFO - downloading amazon_reviews_us_Digital_Music_Purchase_v1_00.tsv
[2022-09-23 16:23:00,721] {logging_mixin.py:109} INFO - amazon_reviews_us_Digital_Music_Purchase_v1_00.tsv could not be found
[2022-09-23 16:23:00,721] {logging_mixin.py:109} INFO - downloading amazon_reviews_us_Apparel_v1_00.tsv
[2022-09-23 16:23:01,580] {logging_mixin.py:109} INFO - amazon_reviews_us_Apparel_v1_00.tsv could not be found
[2022-09-23 16:23:01,580] {logging_mixin.py:109} INFO - downloading amazon_reviews_us_Major_Appliances_v1_00.tsv
[2022-09-23 16:23:02,565] {logging_mixin.py:109} INFO - amazon_reviews_us_Major_Appliances_v1_00.tsv could not be found
[2022-09-23 16:23:02,566] {logging_mixin.py:109} INFO - downloading amazon_reviews_us_Camera_v1_00.tsv
[2022-09-23 16:23:03,371] {logging_mixin.py:109} INFO - amazon_reviews_us_Camera_v1_00.tsv could not be found
[2022-09-23 16:23:03,371] {logging_mixin.py:109} INFO - downloading amazon_reviews_us_Digital_Video_Games_v1_00.tsv
[2022-09-23 16:23:04,132] {logging_mixin.py:109} INFO - amazon_reviews_us_Digital_Video_Games_v1_00.tsv could not be found
[2022-09-23 16:23:04,132] {logging_mixin.py